2025-11-18 22:08:45.019 [info] Extension host with pid 20815 started
2025-11-18 22:08:45.033 [info] ExtensionService#_doActivateExtension vscode.git-base, startup: false, activationEvent: 'onCommand:antigravity.importVSCodeRecentWorkspaces', root cause: google.antigravity
2025-11-18 22:08:45.047 [info] ExtensionService#_doActivateExtension vscode.git, startup: false, activationEvent: 'onCommand:antigravity.importVSCodeRecentWorkspaces', root cause: google.antigravity
2025-11-18 22:08:45.100 [info] ExtensionService#_doActivateExtension vscode.github, startup: false, activationEvent: '*'
2025-11-18 22:08:45.184 [info] ExtensionService#_doActivateExtension google.antigravity, startup: false, activationEvent: 'onCommand:antigravity.importVSCodeRecentWorkspaces'
2025-11-18 22:08:46.099 [info] ExtensionService#_doActivateExtension vscode.terminal-suggest, startup: false, activationEvent: 'onTerminalShellIntegration:*'
2025-11-18 22:08:48.140 [info] Eager extensions activated
2025-11-18 22:08:48.154 [info] ExtensionService#_doActivateExtension google.antigravity-browser-launcher, startup: false, activationEvent: 'onStartupFinished'
2025-11-18 22:08:48.158 [info] ExtensionService#_doActivateExtension Google LLC.antigravity-dev-containers, startup: false, activationEvent: 'onStartupFinished'
2025-11-18 22:08:48.162 [info] ExtensionService#_doActivateExtension vscode.debug-auto-launch, startup: false, activationEvent: 'onStartupFinished'
2025-11-18 22:08:48.164 [info] ExtensionService#_doActivateExtension vscode.merge-conflict, startup: false, activationEvent: 'onStartupFinished'
2025-11-18 22:08:58.429 [info] ExtensionService#_doActivateExtension vscode.configuration-editing, startup: false, activationEvent: 'onLanguage:jsonc'
2025-11-18 22:08:58.439 [info] ExtensionService#_doActivateExtension vscode.json-language-features, startup: false, activationEvent: 'onLanguage:jsonc'
2025-11-18 22:08:58.522 [info] ExtensionService#_doActivateExtension vscode.typescript-language-features, startup: false, activationEvent: 'onLanguage:jsonc'
2025-11-18 22:08:58.587 [info] ExtensionService#_doActivateExtension vscode.emmet, startup: false, activationEvent: 'onLanguage'
2025-11-18 22:10:46.343 [info] ExtensionService#_doActivateExtension google.antigravity-remote-openssh, startup: false, activationEvent: 'onView:antigravitySSHHosts'
2025-11-18 22:12:57.226 [info] Extension host terminating: renderer closed the MessagePort
2025-11-18 22:12:57.248 [info] Extension host with pid 20815 exiting with code 0
2025-11-18 22:12:59.360 [info] Extension host with pid 24476 started
2025-11-18 22:12:59.360 [info] Skipping acquiring lock for /home/krishang/.config/Antigravity/User/workspaceStorage/d8f75eab484e20895d9b4f711be71cab.
2025-11-18 22:12:59.400 [info] ExtensionService#_doActivateExtension vscode.git-base, startup: true, activationEvent: '*', root cause: google.antigravity
2025-11-18 22:12:59.419 [info] ExtensionService#_doActivateExtension vscode.git, startup: true, activationEvent: '*', root cause: google.antigravity
2025-11-18 22:12:59.516 [info] ExtensionService#_doActivateExtension vscode.github, startup: true, activationEvent: '*'
2025-11-18 22:12:59.646 [info] ExtensionService#_doActivateExtension google.antigravity, startup: true, activationEvent: '*'
2025-11-18 22:13:00.265 [info] ExtensionService#_doActivateExtension vscode.emmet, startup: false, activationEvent: 'onLanguage'
2025-11-18 22:13:00.491 [info] ExtensionService#_doActivateExtension vscode.github-authentication, startup: false, activationEvent: 'onAuthenticationRequest:github'
2025-11-18 22:13:03.083 [info] ExtensionService#_doActivateExtension google.antigravity-browser-launcher, startup: false, activationEvent: 'onStartupFinished'
2025-11-18 22:13:03.250 [info] Extension host terminating: renderer closed the MessagePort
2025-11-18 22:13:03.269 [info] Extension host with pid 24476 exiting with code 0
2025-11-18 22:13:05.041 [info] Extension host with pid 24746 started
2025-11-18 22:13:05.041 [info] Skipping acquiring lock for /home/krishang/.config/Antigravity/User/workspaceStorage/d8f75eab484e20895d9b4f711be71cab.
2025-11-18 22:13:05.059 [info] ExtensionService#_doActivateExtension vscode.git-base, startup: false, activationEvent: '*', root cause: google.antigravity
2025-11-18 22:13:05.068 [info] ExtensionService#_doActivateExtension vscode.git, startup: false, activationEvent: '*', root cause: google.antigravity
2025-11-18 22:13:05.133 [info] ExtensionService#_doActivateExtension vscode.github, startup: false, activationEvent: '*'
2025-11-18 22:13:05.272 [info] ExtensionService#_doActivateExtension google.antigravity, startup: false, activationEvent: '*'
2025-11-18 22:13:05.808 [info] ExtensionService#_doActivateExtension vscode.emmet, startup: false, activationEvent: 'onLanguage'
2025-11-18 22:13:05.945 [info] ExtensionService#_doActivateExtension vscode.github-authentication, startup: false, activationEvent: 'onAuthenticationRequest:github'
2025-11-18 22:13:06.283 [info] ExtensionService#_doActivateExtension vscode.terminal-suggest, startup: false, activationEvent: 'onTerminalShellIntegration:*'
2025-11-18 22:13:16.076 [info] ExtensionService#_doActivateExtension google.antigravity-browser-launcher, startup: false, activationEvent: 'onStartupFinished'
2025-11-18 22:13:16.082 [info] ExtensionService#_doActivateExtension Google LLC.antigravity-dev-containers, startup: false, activationEvent: 'onStartupFinished'
2025-11-18 22:13:16.088 [info] ExtensionService#_doActivateExtension vscode.debug-auto-launch, startup: false, activationEvent: 'onStartupFinished'
2025-11-18 22:13:16.091 [info] ExtensionService#_doActivateExtension vscode.merge-conflict, startup: false, activationEvent: 'onStartupFinished'
2025-11-18 22:13:18.416 [info] Eager extensions activated
2025-11-18 22:16:27.170 [info] ExtensionService#_doActivateExtension vscode.extension-editing, startup: false, activationEvent: 'onLanguage:markdown'
2025-11-18 22:16:27.181 [info] ExtensionService#_doActivateExtension vscode.markdown-language-features, startup: false, activationEvent: 'onLanguage:markdown'
2025-11-18 22:18:08.688 [info] ExtensionService#_doActivateExtension vscode.configuration-editing, startup: false, activationEvent: 'onLanguage:json'
2025-11-18 22:18:08.694 [info] ExtensionService#_doActivateExtension vscode.json-language-features, startup: false, activationEvent: 'onLanguage:json'
2025-11-18 22:18:08.738 [info] ExtensionService#_doActivateExtension vscode.npm, startup: false, activationEvent: 'onLanguage:json'
2025-11-18 22:19:05.703 [info] ExtensionService#_doActivateExtension vscode.markdown-math, startup: false, activationEvent: 'api', root cause: vscode.markdown-language-features
2025-11-18 22:21:40.268 [info] ExtensionService#_doActivateExtension ms-python.vscode-python-envs, startup: false, activationEvent: 'onLanguage:python'
2025-11-18 22:21:40.334 [info] ExtensionService#_doActivateExtension ms-python.python, startup: false, activationEvent: 'onLanguage:python', root cause: ms-python.debugpy
2025-11-18 22:21:41.600 [info] ExtensionService#_doActivateExtension ms-python.debugpy, startup: false, activationEvent: 'onLanguage:python'
2025-11-18 22:29:34.269 [error] Error: command 'antigravity.showBrowserOnboardingFullScreenView' not found
    at pfi.n (vscode-file://vscode-app/home/krishang/.local/share/antigravity/resources/app/out/vs/workbench/workbench.desktop.main.js:4026:5737)
    at pfi.executeCommand (vscode-file://vscode-app/home/krishang/.local/share/antigravity/resources/app/out/vs/workbench/workbench.desktop.main.js:4026:5669)
2025-11-18 23:02:52.646 [info] Extension host terminating: renderer closed the MessagePort
2025-11-18 23:02:52.713 [error] TypeError: Cannot read properties of undefined (reading 'subscriptions')
	at Object.X [as deactivate] (/home/krishang/.antigravity/extensions/ms-python.vscode-python-envs-1.10.0-universal/dist/extension.js:2:668378)
	at Rue.eb (file:///home/krishang/.local/share/antigravity/resources/app/out/vs/workbench/api/node/extensionHostProcess.js:118:13070)
	at file:///home/krishang/.local/share/antigravity/resources/app/out/vs/workbench/api/node/extensionHostProcess.js:118:11219
	at Array.map (<anonymous>)
	at Rue.$ (file:///home/krishang/.local/share/antigravity/resources/app/out/vs/workbench/api/node/extensionHostProcess.js:118:11207)
	at Rue.terminate (file:///home/krishang/.local/share/antigravity/resources/app/out/vs/workbench/api/node/extensionHostProcess.js:118:11450)
	at xB.terminate (file:///home/krishang/.local/share/antigravity/resources/app/out/vs/workbench/api/node/extensionHostProcess.js:120:915)
	at Fr (file:///home/krishang/.local/share/antigravity/resources/app/out/vs/workbench/api/node/extensionHostProcess.js:393:13864)
	at MessagePortMain.<anonymous> (file:///home/krishang/.local/share/antigravity/resources/app/out/vs/workbench/api/node/extensionHostProcess.js:393:10133)
	at MessagePortMain.emit (node:events:518:28)
	at MessagePortMain.emit (node:domain:489:12)
	at MessagePortMain._internalPort.emit (node:electron/js2c/utility_init:2:2949)
2025-11-18 23:02:52.721 [info] Extension host with pid 24746 exiting with code 0
