2025-11-21 11:57:00.472 [info] [main] Log level: Info
2025-11-21 11:57:00.472 [info] [main] Validating found git in: "git"
2025-11-21 11:57:00.472 [info] [main] Using git "2.51.2" from "git"
2025-11-21 11:57:00.472 [info] [Model][doInitialScan] Initial repository scan started
2025-11-21 11:57:00.472 [info] > git rev-parse --show-toplevel [11ms]
2025-11-21 11:57:00.472 [info] > git rev-parse --git-dir --git-common-dir --show-superproject-working-tree [6ms]
2025-11-21 11:57:00.472 [info] [Model][openRepository] Opened repository (path): /home/krishang/Work/Icarus-DevJams
2025-11-21 11:57:00.472 [info] [Model][openRepository] Opened repository (real path): /home/krishang/Work/Icarus-DevJams
2025-11-21 11:57:00.472 [info] [Model][openRepository] Opened repository (kind): repository
2025-11-21 11:57:00.472 [info] > git config --get commit.template [56ms]
2025-11-21 11:57:00.509 [info] > git for-each-ref --format=%(refname)%00%(upstream:short)%00%(objectname)%00%(upstream:track)%00%(upstream:remotename)%00%(upstream:remoteref) refs/heads/main refs/remotes/main [39ms]
2025-11-21 11:57:00.535 [info] > git status -z -uall [8ms]
2025-11-21 11:57:00.535 [info] > git for-each-ref --sort -committerdate --format %(refname)%00%(objectname)%00%(*objectname) [4ms]
2025-11-21 11:57:00.563 [info] > git rev-parse --show-toplevel [42ms]
2025-11-21 11:57:00.575 [info] > git for-each-ref --format=%(refname)%00%(upstream:short)%00%(objectname)%00%(upstream:track)%00%(upstream:remotename)%00%(upstream:remoteref) refs/heads/main refs/remotes/main [14ms]
2025-11-21 11:57:00.586 [info] > git config --get --local branch.main.vscode-merge-base [6ms]
2025-11-21 11:57:00.595 [info] > git rev-parse --show-toplevel [19ms]
2025-11-21 11:57:00.595 [info] > git config --get commit.template [26ms]
2025-11-21 11:57:00.603 [info] > git for-each-ref --format=%(refname)%00%(upstream:short)%00%(objectname)%00%(upstream:track)%00%(upstream:remotename)%00%(upstream:remoteref) refs/heads/origin/main refs/remotes/origin/main [9ms]
2025-11-21 11:57:00.614 [info] > git rev-parse --show-toplevel [11ms]
2025-11-21 11:57:00.625 [info] > git for-each-ref --format=%(refname)%00%(upstream:short)%00%(objectname)%00%(upstream:track)%00%(upstream:remotename)%00%(upstream:remoteref) refs/heads/main refs/remotes/main [12ms]
2025-11-21 11:57:00.625 [info] > git merge-base refs/heads/main refs/remotes/origin/main [16ms]
2025-11-21 11:57:00.631 [info] > git rev-parse --show-toplevel [6ms]
2025-11-21 11:57:00.640 [info] > git diff --name-status -z --diff-filter=ADMR bc08a71d0ceb683944c40414eb03e24ff8983ebb...refs/remotes/origin/main [10ms]
2025-11-21 11:57:00.653 [info] > git rev-parse --show-toplevel [13ms]
2025-11-21 11:57:00.676 [info] > git status -z -uall [15ms]
2025-11-21 11:57:00.676 [info] > git for-each-ref --sort -committerdate --format %(refname)%00%(objectname)%00%(*objectname) [7ms]
2025-11-21 11:57:00.680 [info] > git rev-parse --show-toplevel [5ms]
2025-11-21 11:57:00.689 [info] > git rev-parse --show-toplevel [1ms]
2025-11-21 11:57:00.694 [info] > git rev-parse --show-toplevel [1ms]
2025-11-21 11:57:00.701 [info] > git rev-parse --show-toplevel [2ms]
2025-11-21 11:57:00.707 [info] > git rev-parse --show-toplevel [1ms]
2025-11-21 11:57:00.712 [info] > git rev-parse --show-toplevel [1ms]
2025-11-21 11:57:00.717 [info] [Model][doInitialScan] Initial repository scan completed - repositories (1), closed repositories (0), parent repositories (0), unsafe repositories (0)
2025-11-21 11:57:00.747 [info] > git show --textconv :README.md [23ms]
2025-11-21 11:57:00.747 [info] > git ls-files --stage -- README.md [19ms]
2025-11-21 11:57:00.758 [info] > git cat-file -s b32cb4e2a705377de46289cca5db8d962ee7d787 [2ms]
2025-11-21 11:57:00.926 [info] > git check-ignore -v -z --stdin [7ms]
2025-11-21 11:57:00.968 [info] > git blame --root --incremental bc08a71d0ceb683944c40414eb03e24ff8983ebb -- README.md [7ms]
2025-11-21 11:57:00.996 [info] > git fetch [1237ms]
2025-11-21 11:57:01.010 [info] > git config --get commit.template [6ms]
2025-11-21 11:57:01.010 [info] > git for-each-ref --format=%(refname)%00%(upstream:short)%00%(objectname)%00%(upstream:track)%00%(upstream:remotename)%00%(upstream:remoteref) refs/heads/main refs/remotes/main [1ms]
2025-11-21 11:57:01.025 [info] > git status -z -uall [11ms]
2025-11-21 11:57:01.026 [info] > git for-each-ref --sort -committerdate --format %(refname)%00%(objectname)%00%(*objectname) [2ms]
2025-11-21 11:57:05.404 [info] > git check-ignore -v -z --stdin [50ms]
