2025-11-21 11:58:25.573 [info] [main] Log level: Info
2025-11-21 11:58:25.574 [info] [main] Validating found git in: "git"
2025-11-21 11:58:25.574 [info] [main] Using git "2.51.2" from "git"
2025-11-21 11:58:25.574 [info] [Model][doInitialScan] Initial repository scan started
2025-11-21 11:58:25.574 [info] > git rev-parse --show-toplevel [35ms]
2025-11-21 11:58:25.574 [info] > git rev-parse --git-dir --git-common-dir --show-superproject-working-tree [133ms]
2025-11-21 11:58:25.574 [info] [Model][openRepository] Opened repository (path): /home/krishang/Work/Icarus-DevJams
2025-11-21 11:58:25.574 [info] [Model][openRepository] Opened repository (real path): /home/krishang/Work/Icarus-DevJams
2025-11-21 11:58:25.574 [info] [Model][openRepository] Opened repository (kind): repository
2025-11-21 11:58:25.574 [info] > git config --get commit.template [15ms]
2025-11-21 11:58:25.636 [info] > git for-each-ref --format=%(refname)%00%(upstream:short)%00%(objectname)%00%(upstream:track)%00%(upstream:remotename)%00%(upstream:remoteref) refs/heads/main refs/remotes/main [10ms]
2025-11-21 11:58:25.668 [info] > git status -z -uall [10ms]
2025-11-21 11:58:25.669 [info] > git rev-parse --show-toplevel [17ms]
2025-11-21 11:58:25.676 [info] > git for-each-ref --sort -committerdate --format %(refname)%00%(objectname)%00%(*objectname) [10ms]
2025-11-21 11:58:25.732 [info] > git for-each-ref --format=%(refname)%00%(upstream:short)%00%(objectname)%00%(upstream:track)%00%(upstream:remotename)%00%(upstream:remoteref) refs/heads/main refs/remotes/main [15ms]
2025-11-21 11:58:25.738 [info] > git rev-parse --show-toplevel [63ms]
2025-11-21 11:58:25.747 [info] > git config --get --local branch.main.vscode-merge-base [10ms]
2025-11-21 11:58:25.753 [info] > git config --get commit.template [22ms]
2025-11-21 11:58:25.757 [info] > git for-each-ref --format=%(refname)%00%(upstream:short)%00%(objectname)%00%(upstream:track)%00%(upstream:remotename)%00%(upstream:remoteref) refs/heads/origin/main refs/remotes/origin/main [4ms]
2025-11-21 11:58:25.767 [info] > git rev-parse --show-toplevel [21ms]
2025-11-21 11:58:25.780 [info] > git merge-base refs/heads/main refs/remotes/origin/main [14ms]
2025-11-21 11:58:25.798 [info] > git diff --name-status -z --diff-filter=ADMR bc08a71d0ceb683944c40414eb03e24ff8983ebb...refs/remotes/origin/main [13ms]
2025-11-21 11:58:25.798 [info] > git rev-parse --show-toplevel [18ms]
2025-11-21 11:58:25.799 [info] > git for-each-ref --format=%(refname)%00%(upstream:short)%00%(objectname)%00%(upstream:track)%00%(upstream:remotename)%00%(upstream:remoteref) refs/heads/main refs/remotes/main [27ms]
2025-11-21 11:58:25.837 [info] > git rev-parse --show-toplevel [1ms]
2025-11-21 11:58:25.852 [info] > git status -z -uall [9ms]
2025-11-21 11:58:25.852 [info] > git for-each-ref --sort -committerdate --format %(refname)%00%(objectname)%00%(*objectname) [4ms]
2025-11-21 11:58:25.882 [info] > git rev-parse --show-toplevel [31ms]
2025-11-21 11:58:25.912 [info] > git rev-parse --show-toplevel [2ms]
2025-11-21 11:58:25.919 [info] > git rev-parse --show-toplevel [1ms]
2025-11-21 11:58:25.927 [info] > git rev-parse --show-toplevel [1ms]
2025-11-21 11:58:25.934 [info] > git rev-parse --show-toplevel [1ms]
2025-11-21 11:58:25.943 [info] > git rev-parse --show-toplevel [3ms]
2025-11-21 11:58:25.947 [info] [Model][doInitialScan] Initial repository scan completed - repositories (1), closed repositories (0), parent repositories (0), unsafe repositories (0)
2025-11-21 11:58:26.140 [info] > git check-ignore -v -z --stdin [3ms]
2025-11-21 11:58:26.188 [info] > git show --textconv :README.md [5ms]
2025-11-21 11:58:26.190 [info] > git ls-files --stage -- README.md [2ms]
2025-11-21 11:58:26.196 [info] > git cat-file -s b32cb4e2a705377de46289cca5db8d962ee7d787 [1ms]
2025-11-21 11:58:26.220 [info] > git blame --root --incremental bc08a71d0ceb683944c40414eb03e24ff8983ebb -- README.md [4ms]
2025-11-21 11:58:26.824 [info] > git fetch [1280ms]
2025-11-21 11:58:26.849 [info] > git config --get commit.template [18ms]
2025-11-21 11:58:26.860 [info] > git for-each-ref --format=%(refname)%00%(upstream:short)%00%(objectname)%00%(upstream:track)%00%(upstream:remotename)%00%(upstream:remoteref) refs/heads/main refs/remotes/main [6ms]
2025-11-21 11:58:26.950 [info] > git status -z -uall [37ms]
2025-11-21 11:58:26.953 [info] > git for-each-ref --sort -committerdate --format %(refname)%00%(objectname)%00%(*objectname) [33ms]
2025-11-21 11:58:31.217 [info] > git check-ignore -v -z --stdin [47ms]
