2025-11-18 22:08:45.540 [info] [main] Log level: Info
2025-11-18 22:08:45.540 [info] [main] Validating found git in: "git"
2025-11-18 22:08:45.540 [info] [main] Using git "2.51.2" from "git"
2025-11-18 22:08:45.540 [info] [Model][doInitialScan] Initial repository scan started
2025-11-18 22:08:45.540 [info] [Model][doInitialScan] Initial repository scan completed - repositories (0), closed repositories (0), parent repositories (0), unsafe repositories (0)
2025-11-18 22:12:59.645 [info] [main] Log level: Info
2025-11-18 22:12:59.645 [info] [main] Validating found git in: "git"
2025-11-18 22:12:59.645 [info] [main] Using git "2.51.2" from "git"
2025-11-18 22:12:59.645 [info] [Model][doInitialScan] Initial repository scan started
2025-11-18 22:12:59.645 [info] > git rev-parse --show-toplevel [14ms]
2025-11-18 22:13:00.163 [info] > git rev-parse --git-dir --git-common-dir --show-superproject-working-tree [519ms]
2025-11-18 22:13:00.178 [info] [Model][openRepository] Opened repository (path): /home/krishang/Work/Icarus-DevJams
2025-11-18 22:13:00.178 [info] [Model][openRepository] Opened repository (real path): /home/krishang/Work/Icarus-DevJams
2025-11-18 22:13:00.178 [info] [Model][openRepository] Opened repository (kind): repository
2025-11-18 22:13:00.251 [info] > git config --get commit.template [58ms]
2025-11-18 22:13:00.350 [info] > git for-each-ref --format=%(refname)%00%(upstream:short)%00%(objectname)%00%(upstream:track)%00%(upstream:remotename)%00%(upstream:remoteref) refs/heads/main refs/remotes/main [48ms]
2025-11-18 22:13:00.357 [info] > git rev-parse --show-toplevel [2ms]
2025-11-18 22:13:00.375 [info] > git status -z -uall [10ms]
2025-11-18 22:13:00.375 [info] > git for-each-ref --sort -committerdate --format %(refname)%00%(objectname)%00%(*objectname) [6ms]
2025-11-18 22:13:00.400 [info] > git rev-parse --show-toplevel [40ms]
2025-11-18 22:13:00.411 [info] > git for-each-ref --format=%(refname)%00%(upstream:short)%00%(objectname)%00%(upstream:track)%00%(upstream:remotename)%00%(upstream:remoteref) refs/heads/main refs/remotes/main [14ms]
2025-11-18 22:13:00.417 [info] > git rev-parse --show-toplevel [7ms]
2025-11-18 22:13:00.417 [info] > git config --get commit.template [11ms]
2025-11-18 22:13:00.422 [info] > git config --get --local branch.main.vscode-merge-base [6ms]
2025-11-18 22:13:00.431 [info] > git rev-parse --show-toplevel [9ms]
2025-11-18 22:13:00.435 [info] > git for-each-ref --format=%(refname)%00%(upstream:short)%00%(objectname)%00%(upstream:track)%00%(upstream:remotename)%00%(upstream:remoteref) refs/heads/origin/main refs/remotes/origin/main [9ms]
2025-11-18 22:13:00.442 [info] > git rev-parse --show-toplevel [7ms]
2025-11-18 22:13:00.442 [info] > git for-each-ref --format=%(refname)%00%(upstream:short)%00%(objectname)%00%(upstream:track)%00%(upstream:remotename)%00%(upstream:remoteref) refs/heads/main refs/remotes/main [12ms]
2025-11-18 22:13:00.449 [info] > git merge-base refs/heads/main refs/remotes/origin/main [8ms]
2025-11-18 22:13:00.455 [info] > git rev-parse --show-toplevel [7ms]
2025-11-18 22:13:00.461 [info] > git diff --name-status -z --diff-filter=ADMR ed873381466951ed2a614eea86188b9499ed4716...refs/remotes/origin/main [7ms]
2025-11-18 22:13:00.471 [info] > git status -z -uall [4ms]
2025-11-18 22:13:00.471 [info] > git rev-parse --show-toplevel [10ms]
2025-11-18 22:13:00.477 [info] > git for-each-ref --sort -committerdate --format %(refname)%00%(objectname)%00%(*objectname) [7ms]
2025-11-18 22:13:00.482 [info] > git rev-parse --show-toplevel [6ms]
2025-11-18 22:13:00.488 [info] > git rev-parse --show-toplevel [1ms]
2025-11-18 22:13:00.491 [info] [Model][doInitialScan] Initial repository scan completed - repositories (1), closed repositories (0), parent repositories (0), unsafe repositories (0)
2025-11-18 22:13:00.691 [info] > git check-ignore -v -z --stdin [2ms]
2025-11-18 22:13:05.707 [info] [main] Log level: Info
2025-11-18 22:13:05.707 [info] [main] Validating found git in: "git"
2025-11-18 22:13:05.707 [info] [main] Using git "2.51.2" from "git"
2025-11-18 22:13:05.707 [info] [Model][doInitialScan] Initial repository scan started
2025-11-18 22:13:05.707 [info] > git rev-parse --show-toplevel [28ms]
2025-11-18 22:13:05.738 [info] > git rev-parse --git-dir --git-common-dir --show-superproject-working-tree [34ms]
2025-11-18 22:13:05.755 [info] [Model][openRepository] Opened repository (path): /home/krishang/Work/Icarus-DevJams
2025-11-18 22:13:05.755 [info] [Model][openRepository] Opened repository (real path): /home/krishang/Work/Icarus-DevJams
2025-11-18 22:13:05.755 [info] [Model][openRepository] Opened repository (kind): repository
2025-11-18 22:13:05.780 [info] > git config --get commit.template [13ms]
2025-11-18 22:13:05.874 [info] > git for-each-ref --format=%(refname)%00%(upstream:short)%00%(objectname)%00%(upstream:track)%00%(upstream:remotename)%00%(upstream:remoteref) refs/heads/main refs/remotes/main [9ms]
2025-11-18 22:13:05.888 [info] > git status -z -uall [5ms]
2025-11-18 22:13:05.889 [info] > git rev-parse --show-toplevel [11ms]
2025-11-18 22:13:05.894 [info] > git for-each-ref --sort -committerdate --format %(refname)%00%(objectname)%00%(*objectname) [7ms]
2025-11-18 22:13:05.922 [info] > git for-each-ref --format=%(refname)%00%(upstream:short)%00%(objectname)%00%(upstream:track)%00%(upstream:remotename)%00%(upstream:remoteref) refs/heads/main refs/remotes/main [6ms]
2025-11-18 22:13:05.926 [info] > git rev-parse --show-toplevel [33ms]
2025-11-18 22:13:05.934 [info] > git config --get --local branch.main.vscode-merge-base [7ms]
2025-11-18 22:13:05.938 [info] > git config --get commit.template [16ms]
2025-11-18 22:13:05.939 [info] > git for-each-ref --format=%(refname)%00%(upstream:short)%00%(objectname)%00%(upstream:track)%00%(upstream:remotename)%00%(upstream:remoteref) refs/heads/origin/main refs/remotes/origin/main [2ms]
2025-11-18 22:13:05.944 [info] > git rev-parse --show-toplevel [11ms]
2025-11-18 22:13:05.980 [info] > git merge-base refs/heads/main refs/remotes/origin/main [37ms]
2025-11-18 22:13:06.062 [info] > git diff --name-status -z --diff-filter=ADMR ed873381466951ed2a614eea86188b9499ed4716...refs/remotes/origin/main [72ms]
2025-11-18 22:13:06.064 [info] > git rev-parse --show-toplevel [85ms]
2025-11-18 22:13:06.064 [info] > git for-each-ref --format=%(refname)%00%(upstream:short)%00%(objectname)%00%(upstream:track)%00%(upstream:remotename)%00%(upstream:remoteref) refs/heads/main refs/remotes/main [90ms]
2025-11-18 22:13:06.087 [info] > git rev-parse --show-toplevel [6ms]
2025-11-18 22:13:06.122 [info] > git rev-parse --show-toplevel [28ms]
2025-11-18 22:13:06.124 [info] > git status -z -uall [19ms]
2025-11-18 22:13:06.124 [info] > git for-each-ref --sort -committerdate --format %(refname)%00%(objectname)%00%(*objectname) [5ms]
2025-11-18 22:13:06.139 [info] > git rev-parse --show-toplevel [1ms]
2025-11-18 22:13:06.172 [info] > git rev-parse --show-toplevel [5ms]
2025-11-18 22:13:06.181 [info] > git rev-parse --show-toplevel [1ms]
2025-11-18 22:13:06.186 [info] [Model][doInitialScan] Initial repository scan completed - repositories (1), closed repositories (0), parent repositories (0), unsafe repositories (0)
2025-11-18 22:13:06.369 [info] > git check-ignore -v -z --stdin [87ms]
2025-11-18 22:13:23.834 [info] > git fetch [18078ms]
2025-11-18 22:13:23.851 [info] > git config --get commit.template [3ms]
2025-11-18 22:13:23.857 [info] > git for-each-ref --format=%(refname)%00%(upstream:short)%00%(objectname)%00%(upstream:track)%00%(upstream:remotename)%00%(upstream:remoteref) refs/heads/main refs/remotes/main [2ms]
2025-11-18 22:13:23.868 [info] > git status -z -uall [7ms]
2025-11-18 22:13:23.869 [info] > git for-each-ref --sort -committerdate --format %(refname)%00%(objectname)%00%(*objectname) [2ms]
2025-11-18 22:13:24.915 [info] > git config --get commit.template [4ms]
2025-11-18 22:13:24.916 [info] > git for-each-ref --format=%(refname)%00%(upstream:short)%00%(objectname)%00%(upstream:track)%00%(upstream:remotename)%00%(upstream:remoteref) refs/heads/main refs/remotes/main [1ms]
2025-11-18 22:13:24.923 [info] > git status -z -uall [3ms]
2025-11-18 22:13:24.924 [info] > git for-each-ref --sort -committerdate --format %(refname)%00%(objectname)%00%(*objectname) [1ms]
2025-11-18 22:16:25.515 [info] > git fetch [1639ms]
2025-11-18 22:16:25.521 [info] > git config --get commit.template [3ms]
2025-11-18 22:16:25.521 [info] > git for-each-ref --format=%(refname)%00%(upstream:short)%00%(objectname)%00%(upstream:track)%00%(upstream:remotename)%00%(upstream:remoteref) refs/heads/main refs/remotes/main [1ms]
2025-11-18 22:16:25.527 [info] > git status -z -uall [3ms]
2025-11-18 22:16:25.528 [info] > git for-each-ref --sort -committerdate --format %(refname)%00%(objectname)%00%(*objectname) [2ms]
2025-11-18 22:16:26.596 [info] > git config --get commit.template [3ms]
2025-11-18 22:16:26.597 [info] > git for-each-ref --format=%(refname)%00%(upstream:short)%00%(objectname)%00%(upstream:track)%00%(upstream:remotename)%00%(upstream:remoteref) refs/heads/main refs/remotes/main [2ms]
2025-11-18 22:16:26.602 [info] > git status -z -uall [3ms]
2025-11-18 22:16:26.602 [info] > git for-each-ref --sort -committerdate --format %(refname)%00%(objectname)%00%(*objectname) [1ms]
2025-11-18 22:19:32.278 [info] > git fetch [6746ms]
2025-11-18 22:19:32.284 [info] > git config --get commit.template [3ms]
2025-11-18 22:19:32.285 [info] > git for-each-ref --format=%(refname)%00%(upstream:short)%00%(objectname)%00%(upstream:track)%00%(upstream:remotename)%00%(upstream:remoteref) refs/heads/main refs/remotes/main [1ms]
2025-11-18 22:19:32.291 [info] > git status -z -uall [3ms]
2025-11-18 22:19:32.291 [info] > git for-each-ref --sort -committerdate --format %(refname)%00%(objectname)%00%(*objectname) [1ms]
2025-11-18 22:19:33.359 [info] > git config --get commit.template [2ms]
2025-11-18 22:19:33.360 [info] > git for-each-ref --format=%(refname)%00%(upstream:short)%00%(objectname)%00%(upstream:track)%00%(upstream:remotename)%00%(upstream:remoteref) refs/heads/main refs/remotes/main [1ms]
2025-11-18 22:19:33.365 [info] > git status -z -uall [3ms]
2025-11-18 22:19:33.366 [info] > git for-each-ref --sort -committerdate --format %(refname)%00%(objectname)%00%(*objectname) [1ms]
2025-11-18 22:20:18.720 [info] > git check-ignore -v -z --stdin [1ms]
2025-11-18 22:20:19.286 [info] > git config --get commit.template [4ms]
2025-11-18 22:20:19.287 [info] > git for-each-ref --format=%(refname)%00%(upstream:short)%00%(objectname)%00%(upstream:track)%00%(upstream:remotename)%00%(upstream:remoteref) refs/heads/main refs/remotes/main [1ms]
2025-11-18 22:20:19.292 [info] > git status -z -uall [3ms]
2025-11-18 22:20:19.292 [info] > git for-each-ref --sort -committerdate --format %(refname)%00%(objectname)%00%(*objectname) [1ms]
2025-11-18 22:20:20.778 [info] > git check-ignore -v -z --stdin [1ms]
2025-11-18 22:20:24.300 [info] > git config --get commit.template [2ms]
2025-11-18 22:20:24.301 [info] > git for-each-ref --format=%(refname)%00%(upstream:short)%00%(objectname)%00%(upstream:track)%00%(upstream:remotename)%00%(upstream:remoteref) refs/heads/main refs/remotes/main [1ms]
2025-11-18 22:20:24.306 [info] > git status -z -uall [3ms]
2025-11-18 22:20:24.307 [info] > git for-each-ref --sort -committerdate --format %(refname)%00%(objectname)%00%(*objectname) [1ms]
2025-11-18 22:21:11.067 [info] > git check-ignore -v -z --stdin [1ms]
2025-11-18 22:21:11.600 [info] > git config --get commit.template [3ms]
2025-11-18 22:21:11.601 [info] > git for-each-ref --format=%(refname)%00%(upstream:short)%00%(objectname)%00%(upstream:track)%00%(upstream:remotename)%00%(upstream:remoteref) refs/heads/main refs/remotes/main [1ms]
2025-11-18 22:21:11.609 [info] > git status -z -uall [6ms]
2025-11-18 22:21:11.610 [info] > git for-each-ref --sort -committerdate --format %(refname)%00%(objectname)%00%(*objectname) [2ms]
2025-11-18 22:21:58.482 [info] > git config --get commit.template [3ms]
2025-11-18 22:21:58.482 [info] > git for-each-ref --format=%(refname)%00%(upstream:short)%00%(objectname)%00%(upstream:track)%00%(upstream:remotename)%00%(upstream:remoteref) refs/heads/main refs/remotes/main [1ms]
2025-11-18 22:21:58.489 [info] > git status -z -uall [4ms]
2025-11-18 22:21:58.490 [info] > git for-each-ref --sort -committerdate --format %(refname)%00%(objectname)%00%(*objectname) [1ms]
2025-11-18 22:22:03.497 [info] > git config --get commit.template [2ms]
2025-11-18 22:22:03.501 [info] > git for-each-ref --format=%(refname)%00%(upstream:short)%00%(objectname)%00%(upstream:track)%00%(upstream:remotename)%00%(upstream:remoteref) refs/heads/main refs/remotes/main [1ms]
2025-11-18 22:22:03.506 [info] > git status -z -uall [3ms]
2025-11-18 22:22:03.507 [info] > git for-each-ref --sort -committerdate --format %(refname)%00%(objectname)%00%(*objectname) [1ms]
2025-11-18 22:22:38.542 [info] > git fetch [6246ms]
2025-11-18 22:22:38.549 [info] > git config --get commit.template [3ms]
2025-11-18 22:22:38.549 [info] > git for-each-ref --format=%(refname)%00%(upstream:short)%00%(objectname)%00%(upstream:track)%00%(upstream:remotename)%00%(upstream:remoteref) refs/heads/main refs/remotes/main [1ms]
2025-11-18 22:22:38.555 [info] > git status -z -uall [3ms]
2025-11-18 22:22:38.556 [info] > git for-each-ref --sort -committerdate --format %(refname)%00%(objectname)%00%(*objectname) [2ms]
2025-11-18 22:22:39.622 [info] > git config --get commit.template [3ms]
2025-11-18 22:22:39.623 [info] > git for-each-ref --format=%(refname)%00%(upstream:short)%00%(objectname)%00%(upstream:track)%00%(upstream:remotename)%00%(upstream:remoteref) refs/heads/main refs/remotes/main [1ms]
2025-11-18 22:22:39.628 [info] > git status -z -uall [3ms]
2025-11-18 22:22:39.628 [info] > git for-each-ref --sort -committerdate --format %(refname)%00%(objectname)%00%(*objectname) [1ms]
2025-11-18 22:22:42.482 [info] > git check-ignore -v -z --stdin [1ms]
2025-11-18 22:22:44.636 [info] > git config --get commit.template [3ms]
2025-11-18 22:22:44.637 [info] > git for-each-ref --format=%(refname)%00%(upstream:short)%00%(objectname)%00%(upstream:track)%00%(upstream:remotename)%00%(upstream:remoteref) refs/heads/main refs/remotes/main [1ms]
2025-11-18 22:22:44.642 [info] > git status -z -uall [3ms]
2025-11-18 22:22:44.643 [info] > git for-each-ref --sort -committerdate --format %(refname)%00%(objectname)%00%(*objectname) [1ms]
2025-11-18 22:22:53.631 [info] > git config --get commit.template [2ms]
2025-11-18 22:22:53.631 [info] > git for-each-ref --format=%(refname)%00%(upstream:short)%00%(objectname)%00%(upstream:track)%00%(upstream:remotename)%00%(upstream:remoteref) refs/heads/main refs/remotes/main [1ms]
2025-11-18 22:22:53.641 [info] > git status -z -uall [5ms]
2025-11-18 22:22:53.642 [info] > git for-each-ref --sort -committerdate --format %(refname)%00%(objectname)%00%(*objectname) [1ms]
2025-11-18 22:23:00.021 [info] > git config --get commit.template [3ms]
2025-11-18 22:23:00.022 [info] > git for-each-ref --format=%(refname)%00%(upstream:short)%00%(objectname)%00%(upstream:track)%00%(upstream:remotename)%00%(upstream:remoteref) refs/heads/main refs/remotes/main [1ms]
2025-11-18 22:23:00.028 [info] > git status -z -uall [4ms]
2025-11-18 22:23:00.028 [info] > git for-each-ref --sort -committerdate --format %(refname)%00%(objectname)%00%(*objectname) [1ms]
2025-11-18 22:23:06.797 [info] > git config --get commit.template [3ms]
2025-11-18 22:23:06.797 [info] > git for-each-ref --format=%(refname)%00%(upstream:short)%00%(objectname)%00%(upstream:track)%00%(upstream:remotename)%00%(upstream:remoteref) refs/heads/main refs/remotes/main [1ms]
2025-11-18 22:23:06.802 [info] > git status -z -uall [2ms]
2025-11-18 22:23:06.803 [info] > git for-each-ref --sort -committerdate --format %(refname)%00%(objectname)%00%(*objectname) [1ms]
2025-11-18 22:24:07.452 [info] > git check-ignore -v -z --stdin [1ms]
2025-11-18 22:24:07.959 [info] > git config --get commit.template [5ms]
2025-11-18 22:24:07.960 [info] > git for-each-ref --format=%(refname)%00%(upstream:short)%00%(objectname)%00%(upstream:track)%00%(upstream:remotename)%00%(upstream:remoteref) refs/heads/main refs/remotes/main [1ms]
2025-11-18 22:24:07.970 [info] > git status -z -uall [5ms]
2025-11-18 22:24:07.971 [info] > git for-each-ref --sort -committerdate --format %(refname)%00%(objectname)%00%(*objectname) [1ms]
2025-11-18 22:24:17.450 [info] > git config --get commit.template [4ms]
2025-11-18 22:24:17.451 [info] > git for-each-ref --format=%(refname)%00%(upstream:short)%00%(objectname)%00%(upstream:track)%00%(upstream:remotename)%00%(upstream:remoteref) refs/heads/main refs/remotes/main [1ms]
2025-11-18 22:24:17.457 [info] > git status -z -uall [3ms]
2025-11-18 22:24:17.459 [info] > git for-each-ref --sort -committerdate --format %(refname)%00%(objectname)%00%(*objectname) [2ms]
2025-11-18 22:24:22.473 [info] > git config --get commit.template [5ms]
2025-11-18 22:24:22.473 [info] > git for-each-ref --format=%(refname)%00%(upstream:short)%00%(objectname)%00%(upstream:track)%00%(upstream:remotename)%00%(upstream:remoteref) refs/heads/main refs/remotes/main [1ms]
2025-11-18 22:24:22.484 [info] > git status -z -uall [5ms]
2025-11-18 22:24:22.485 [info] > git for-each-ref --sort -committerdate --format %(refname)%00%(objectname)%00%(*objectname) [1ms]
2025-11-18 22:24:27.496 [info] > git config --get commit.template [5ms]
2025-11-18 22:24:27.497 [info] > git for-each-ref --format=%(refname)%00%(upstream:short)%00%(objectname)%00%(upstream:track)%00%(upstream:remotename)%00%(upstream:remoteref) refs/heads/main refs/remotes/main [2ms]
2025-11-18 22:24:27.504 [info] > git status -z -uall [4ms]
2025-11-18 22:24:27.504 [info] > git for-each-ref --sort -committerdate --format %(refname)%00%(objectname)%00%(*objectname) [1ms]
2025-11-18 22:24:34.283 [info] > git config --get commit.template [7ms]
2025-11-18 22:24:34.283 [info] > git for-each-ref --format=%(refname)%00%(upstream:short)%00%(objectname)%00%(upstream:track)%00%(upstream:remotename)%00%(upstream:remoteref) refs/heads/main refs/remotes/main [1ms]
2025-11-18 22:24:34.291 [info] > git status -z -uall [4ms]
2025-11-18 22:24:34.291 [info] > git for-each-ref --sort -committerdate --format %(refname)%00%(objectname)%00%(*objectname) [1ms]
2025-11-18 22:24:59.675 [info] > git config --get commit.template [2ms]
2025-11-18 22:24:59.676 [info] > git for-each-ref --format=%(refname)%00%(upstream:short)%00%(objectname)%00%(upstream:track)%00%(upstream:remotename)%00%(upstream:remoteref) refs/heads/main refs/remotes/main [1ms]
2025-11-18 22:24:59.685 [info] > git status -z -uall [5ms]
2025-11-18 22:24:59.685 [info] > git for-each-ref --sort -committerdate --format %(refname)%00%(objectname)%00%(*objectname) [1ms]
2025-11-18 22:25:04.694 [info] > git config --get commit.template [4ms]
2025-11-18 22:25:04.694 [info] > git for-each-ref --format=%(refname)%00%(upstream:short)%00%(objectname)%00%(upstream:track)%00%(upstream:remotename)%00%(upstream:remoteref) refs/heads/main refs/remotes/main [1ms]
2025-11-18 22:25:04.700 [info] > git status -z -uall [3ms]
2025-11-18 22:25:04.701 [info] > git for-each-ref --sort -committerdate --format %(refname)%00%(objectname)%00%(*objectname) [1ms]
2025-11-18 22:25:33.402 [info] > git config --get commit.template [4ms]
2025-11-18 22:25:33.403 [info] > git for-each-ref --format=%(refname)%00%(upstream:short)%00%(objectname)%00%(upstream:track)%00%(upstream:remotename)%00%(upstream:remoteref) refs/heads/main refs/remotes/main [2ms]
2025-11-18 22:25:33.409 [info] > git status -z -uall [2ms]
2025-11-18 22:25:33.409 [info] > git for-each-ref --sort -committerdate --format %(refname)%00%(objectname)%00%(*objectname) [1ms]
2025-11-18 22:25:46.353 [info] > git fetch [7794ms]
2025-11-18 22:25:46.361 [info] > git config --get commit.template [4ms]
2025-11-18 22:25:46.362 [info] > git for-each-ref --format=%(refname)%00%(upstream:short)%00%(objectname)%00%(upstream:track)%00%(upstream:remotename)%00%(upstream:remoteref) refs/heads/main refs/remotes/main [1ms]
2025-11-18 22:25:46.369 [info] > git status -z -uall [3ms]
2025-11-18 22:25:46.369 [info] > git for-each-ref --sort -committerdate --format %(refname)%00%(objectname)%00%(*objectname) [0ms]
2025-11-18 22:25:47.437 [info] > git config --get commit.template [4ms]
2025-11-18 22:25:47.438 [info] > git for-each-ref --format=%(refname)%00%(upstream:short)%00%(objectname)%00%(upstream:track)%00%(upstream:remotename)%00%(upstream:remoteref) refs/heads/main refs/remotes/main [1ms]
2025-11-18 22:25:47.445 [info] > git status -z -uall [3ms]
2025-11-18 22:25:47.446 [info] > git for-each-ref --sort -committerdate --format %(refname)%00%(objectname)%00%(*objectname) [1ms]
2025-11-18 22:25:52.455 [info] > git config --get commit.template [3ms]
2025-11-18 22:25:52.456 [info] > git for-each-ref --format=%(refname)%00%(upstream:short)%00%(objectname)%00%(upstream:track)%00%(upstream:remotename)%00%(upstream:remoteref) refs/heads/main refs/remotes/main [1ms]
2025-11-18 22:25:52.462 [info] > git status -z -uall [3ms]
2025-11-18 22:25:52.463 [info] > git for-each-ref --sort -committerdate --format %(refname)%00%(objectname)%00%(*objectname) [1ms]
2025-11-18 22:25:57.471 [info] > git config --get commit.template [2ms]
2025-11-18 22:25:57.472 [info] > git for-each-ref --format=%(refname)%00%(upstream:short)%00%(objectname)%00%(upstream:track)%00%(upstream:remotename)%00%(upstream:remoteref) refs/heads/main refs/remotes/main [1ms]
2025-11-18 22:25:57.477 [info] > git status -z -uall [3ms]
2025-11-18 22:25:57.478 [info] > git for-each-ref --sort -committerdate --format %(refname)%00%(objectname)%00%(*objectname) [1ms]
2025-11-18 22:26:02.489 [info] > git config --get commit.template [4ms]
2025-11-18 22:26:02.490 [info] > git for-each-ref --format=%(refname)%00%(upstream:short)%00%(objectname)%00%(upstream:track)%00%(upstream:remotename)%00%(upstream:remoteref) refs/heads/main refs/remotes/main [2ms]
2025-11-18 22:26:02.501 [info] > git status -z -uall [6ms]
2025-11-18 22:26:02.502 [info] > git for-each-ref --sort -committerdate --format %(refname)%00%(objectname)%00%(*objectname) [1ms]
2025-11-18 22:26:14.235 [info] > git config --get commit.template [5ms]
2025-11-18 22:26:14.236 [info] > git for-each-ref --format=%(refname)%00%(upstream:short)%00%(objectname)%00%(upstream:track)%00%(upstream:remotename)%00%(upstream:remoteref) refs/heads/main refs/remotes/main [2ms]
2025-11-18 22:26:14.246 [info] > git status -z -uall [5ms]
2025-11-18 22:26:14.246 [info] > git for-each-ref --sort -committerdate --format %(refname)%00%(objectname)%00%(*objectname) [1ms]
2025-11-18 22:28:58.555 [info] > git fetch [12180ms]
2025-11-18 22:28:58.562 [info] > git config --get commit.template [2ms]
2025-11-18 22:28:58.562 [info] > git for-each-ref --format=%(refname)%00%(upstream:short)%00%(objectname)%00%(upstream:track)%00%(upstream:remotename)%00%(upstream:remoteref) refs/heads/main refs/remotes/main [1ms]
2025-11-18 22:28:58.567 [info] > git status -z -uall [2ms]
2025-11-18 22:28:58.568 [info] > git for-each-ref --sort -committerdate --format %(refname)%00%(objectname)%00%(*objectname) [1ms]
2025-11-18 22:28:59.636 [info] > git config --get commit.template [2ms]
2025-11-18 22:28:59.636 [info] > git for-each-ref --format=%(refname)%00%(upstream:short)%00%(objectname)%00%(upstream:track)%00%(upstream:remotename)%00%(upstream:remoteref) refs/heads/main refs/remotes/main [1ms]
2025-11-18 22:28:59.641 [info] > git status -z -uall [2ms]
2025-11-18 22:28:59.642 [info] > git for-each-ref --sort -committerdate --format %(refname)%00%(objectname)%00%(*objectname) [1ms]
2025-11-18 22:29:21.712 [info] > git check-ignore -v -z --stdin [1ms]
2025-11-18 22:29:22.143 [info] > git config --get commit.template [4ms]
2025-11-18 22:29:22.144 [info] > git for-each-ref --format=%(refname)%00%(upstream:short)%00%(objectname)%00%(upstream:track)%00%(upstream:remotename)%00%(upstream:remoteref) refs/heads/main refs/remotes/main [1ms]
2025-11-18 22:29:22.149 [info] > git status -z -uall [3ms]
2025-11-18 22:29:22.150 [info] > git for-each-ref --sort -committerdate --format %(refname)%00%(objectname)%00%(*objectname) [1ms]
2025-11-18 22:29:36.764 [info] > git config --get commit.template [3ms]
2025-11-18 22:29:36.765 [info] > git for-each-ref --format=%(refname)%00%(upstream:short)%00%(objectname)%00%(upstream:track)%00%(upstream:remotename)%00%(upstream:remoteref) refs/heads/main refs/remotes/main [1ms]
2025-11-18 22:29:36.774 [info] > git status -z -uall [4ms]
2025-11-18 22:29:36.774 [info] > git for-each-ref --sort -committerdate --format %(refname)%00%(objectname)%00%(*objectname) [1ms]
2025-11-18 22:29:43.218 [info] > git config --get commit.template [4ms]
2025-11-18 22:29:43.218 [info] > git for-each-ref --format=%(refname)%00%(upstream:short)%00%(objectname)%00%(upstream:track)%00%(upstream:remotename)%00%(upstream:remoteref) refs/heads/main refs/remotes/main [1ms]
2025-11-18 22:29:43.228 [info] > git status -z -uall [4ms]
2025-11-18 22:29:43.229 [info] > git for-each-ref --sort -committerdate --format %(refname)%00%(objectname)%00%(*objectname) [1ms]
2025-11-18 22:29:49.016 [info] > git config --get commit.template [4ms]
2025-11-18 22:29:49.017 [info] > git for-each-ref --format=%(refname)%00%(upstream:short)%00%(objectname)%00%(upstream:track)%00%(upstream:remotename)%00%(upstream:remoteref) refs/heads/main refs/remotes/main [2ms]
2025-11-18 22:29:49.025 [info] > git status -z -uall [4ms]
2025-11-18 22:29:49.026 [info] > git for-each-ref --sort -committerdate --format %(refname)%00%(objectname)%00%(*objectname) [1ms]
2025-11-18 22:31:58.580 [info] > git fetch [6ms]
2025-11-18 22:31:58.580 [info] fatal: unable to access 'https://github.com/Krishang-Zinzuwadia/Icarus-DevJams.git/': Could not resolve host: github.com
2025-11-18 22:31:58.589 [info] > git config --get commit.template [3ms]
2025-11-18 22:31:58.589 [info] > git for-each-ref --format=%(refname)%00%(upstream:short)%00%(objectname)%00%(upstream:track)%00%(upstream:remotename)%00%(upstream:remoteref) refs/heads/main refs/remotes/main [1ms]
2025-11-18 22:31:58.595 [info] > git status -z -uall [3ms]
2025-11-18 22:31:58.595 [info] > git for-each-ref --sort -committerdate --format %(refname)%00%(objectname)%00%(*objectname) [1ms]
2025-11-18 22:31:59.659 [info] > git config --get commit.template [3ms]
2025-11-18 22:31:59.660 [info] > git for-each-ref --format=%(refname)%00%(upstream:short)%00%(objectname)%00%(upstream:track)%00%(upstream:remotename)%00%(upstream:remoteref) refs/heads/main refs/remotes/main [1ms]
2025-11-18 22:31:59.665 [info] > git status -z -uall [3ms]
2025-11-18 22:31:59.666 [info] > git for-each-ref --sort -committerdate --format %(refname)%00%(objectname)%00%(*objectname) [1ms]
2025-11-18 22:34:58.606 [info] > git fetch [6ms]
2025-11-18 22:34:58.606 [info] fatal: unable to access 'https://github.com/Krishang-Zinzuwadia/Icarus-DevJams.git/': Could not resolve host: github.com
2025-11-18 22:34:58.614 [info] > git config --get commit.template [3ms]
2025-11-18 22:34:58.614 [info] > git for-each-ref --format=%(refname)%00%(upstream:short)%00%(objectname)%00%(upstream:track)%00%(upstream:remotename)%00%(upstream:remoteref) refs/heads/main refs/remotes/main [1ms]
2025-11-18 22:34:58.619 [info] > git status -z -uall [2ms]
2025-11-18 22:34:58.620 [info] > git for-each-ref --sort -committerdate --format %(refname)%00%(objectname)%00%(*objectname) [1ms]
2025-11-18 22:34:59.685 [info] > git config --get commit.template [2ms]
2025-11-18 22:34:59.685 [info] > git for-each-ref --format=%(refname)%00%(upstream:short)%00%(objectname)%00%(upstream:track)%00%(upstream:remotename)%00%(upstream:remoteref) refs/heads/main refs/remotes/main [1ms]
2025-11-18 22:34:59.691 [info] > git status -z -uall [3ms]
2025-11-18 22:34:59.691 [info] > git for-each-ref --sort -committerdate --format %(refname)%00%(objectname)%00%(*objectname) [1ms]
2025-11-18 22:37:58.632 [info] > git fetch [6ms]
2025-11-18 22:37:58.632 [info] fatal: unable to access 'https://github.com/Krishang-Zinzuwadia/Icarus-DevJams.git/': Could not resolve host: github.com
2025-11-18 22:37:58.638 [info] > git config --get commit.template [2ms]
2025-11-18 22:37:58.639 [info] > git for-each-ref --format=%(refname)%00%(upstream:short)%00%(objectname)%00%(upstream:track)%00%(upstream:remotename)%00%(upstream:remoteref) refs/heads/main refs/remotes/main [1ms]
2025-11-18 22:37:58.645 [info] > git status -z -uall [2ms]
2025-11-18 22:37:58.646 [info] > git for-each-ref --sort -committerdate --format %(refname)%00%(objectname)%00%(*objectname) [1ms]
2025-11-18 22:37:59.712 [info] > git config --get commit.template [4ms]
2025-11-18 22:37:59.712 [info] > git for-each-ref --format=%(refname)%00%(upstream:short)%00%(objectname)%00%(upstream:track)%00%(upstream:remotename)%00%(upstream:remoteref) refs/heads/main refs/remotes/main [1ms]
2025-11-18 22:37:59.718 [info] > git status -z -uall [3ms]
2025-11-18 22:37:59.719 [info] > git for-each-ref --sort -committerdate --format %(refname)%00%(objectname)%00%(*objectname) [0ms]
2025-11-18 22:40:58.658 [info] > git fetch [7ms]
2025-11-18 22:40:58.658 [info] fatal: unable to access 'https://github.com/Krishang-Zinzuwadia/Icarus-DevJams.git/': Could not resolve host: github.com
2025-11-18 22:40:58.664 [info] > git config --get commit.template [3ms]
2025-11-18 22:40:58.665 [info] > git for-each-ref --format=%(refname)%00%(upstream:short)%00%(objectname)%00%(upstream:track)%00%(upstream:remotename)%00%(upstream:remoteref) refs/heads/main refs/remotes/main [1ms]
2025-11-18 22:40:58.672 [info] > git status -z -uall [4ms]
2025-11-18 22:40:58.673 [info] > git for-each-ref --sort -committerdate --format %(refname)%00%(objectname)%00%(*objectname) [1ms]
2025-11-18 22:40:59.736 [info] > git config --get commit.template [5ms]
2025-11-18 22:40:59.737 [info] > git for-each-ref --format=%(refname)%00%(upstream:short)%00%(objectname)%00%(upstream:track)%00%(upstream:remotename)%00%(upstream:remoteref) refs/heads/main refs/remotes/main [2ms]
2025-11-18 22:40:59.743 [info] > git status -z -uall [2ms]
2025-11-18 22:40:59.744 [info] > git for-each-ref --sort -committerdate --format %(refname)%00%(objectname)%00%(*objectname) [1ms]
2025-11-18 22:43:58.685 [info] > git fetch [7ms]
2025-11-18 22:43:58.685 [info] fatal: unable to access 'https://github.com/Krishang-Zinzuwadia/Icarus-DevJams.git/': Could not resolve host: github.com
2025-11-18 22:43:58.691 [info] > git config --get commit.template [3ms]
2025-11-18 22:43:58.692 [info] > git for-each-ref --format=%(refname)%00%(upstream:short)%00%(objectname)%00%(upstream:track)%00%(upstream:remotename)%00%(upstream:remoteref) refs/heads/main refs/remotes/main [1ms]
2025-11-18 22:43:58.699 [info] > git status -z -uall [3ms]
2025-11-18 22:43:58.699 [info] > git for-each-ref --sort -committerdate --format %(refname)%00%(objectname)%00%(*objectname) [1ms]
2025-11-18 22:43:59.763 [info] > git config --get commit.template [4ms]
2025-11-18 22:43:59.764 [info] > git for-each-ref --format=%(refname)%00%(upstream:short)%00%(objectname)%00%(upstream:track)%00%(upstream:remotename)%00%(upstream:remoteref) refs/heads/main refs/remotes/main [1ms]
2025-11-18 22:43:59.769 [info] > git status -z -uall [3ms]
2025-11-18 22:43:59.770 [info] > git for-each-ref --sort -committerdate --format %(refname)%00%(objectname)%00%(*objectname) [1ms]
2025-11-18 22:46:58.711 [info] > git fetch [7ms]
2025-11-18 22:46:58.711 [info] fatal: unable to access 'https://github.com/Krishang-Zinzuwadia/Icarus-DevJams.git/': Could not resolve host: github.com
2025-11-18 22:46:58.717 [info] > git config --get commit.template [3ms]
2025-11-18 22:46:58.718 [info] > git for-each-ref --format=%(refname)%00%(upstream:short)%00%(objectname)%00%(upstream:track)%00%(upstream:remotename)%00%(upstream:remoteref) refs/heads/main refs/remotes/main [1ms]
2025-11-18 22:46:58.723 [info] > git status -z -uall [3ms]
2025-11-18 22:46:58.723 [info] > git for-each-ref --sort -committerdate --format %(refname)%00%(objectname)%00%(*objectname) [1ms]
2025-11-18 22:46:59.788 [info] > git config --get commit.template [3ms]
2025-11-18 22:46:59.788 [info] > git for-each-ref --format=%(refname)%00%(upstream:short)%00%(objectname)%00%(upstream:track)%00%(upstream:remotename)%00%(upstream:remoteref) refs/heads/main refs/remotes/main [1ms]
2025-11-18 22:46:59.796 [info] > git status -z -uall [4ms]
2025-11-18 22:46:59.796 [info] > git for-each-ref --sort -committerdate --format %(refname)%00%(objectname)%00%(*objectname) [1ms]
2025-11-18 22:49:58.736 [info] > git fetch [7ms]
2025-11-18 22:49:58.736 [info] fatal: unable to access 'https://github.com/Krishang-Zinzuwadia/Icarus-DevJams.git/': Could not resolve host: github.com
2025-11-18 22:49:58.742 [info] > git config --get commit.template [3ms]
2025-11-18 22:49:58.742 [info] > git for-each-ref --format=%(refname)%00%(upstream:short)%00%(objectname)%00%(upstream:track)%00%(upstream:remotename)%00%(upstream:remoteref) refs/heads/main refs/remotes/main [1ms]
2025-11-18 22:49:58.749 [info] > git status -z -uall [3ms]
2025-11-18 22:49:58.750 [info] > git for-each-ref --sort -committerdate --format %(refname)%00%(objectname)%00%(*objectname) [1ms]
2025-11-18 22:49:59.816 [info] > git config --get commit.template [4ms]
2025-11-18 22:49:59.816 [info] > git for-each-ref --format=%(refname)%00%(upstream:short)%00%(objectname)%00%(upstream:track)%00%(upstream:remotename)%00%(upstream:remoteref) refs/heads/main refs/remotes/main [1ms]
2025-11-18 22:49:59.822 [info] > git status -z -uall [3ms]
2025-11-18 22:49:59.822 [info] > git for-each-ref --sort -committerdate --format %(refname)%00%(objectname)%00%(*objectname) [0ms]
2025-11-18 22:52:58.763 [info] > git fetch [7ms]
2025-11-18 22:52:58.763 [info] fatal: unable to access 'https://github.com/Krishang-Zinzuwadia/Icarus-DevJams.git/': Could not resolve host: github.com
2025-11-18 22:52:58.770 [info] > git config --get commit.template [4ms]
2025-11-18 22:52:58.771 [info] > git for-each-ref --format=%(refname)%00%(upstream:short)%00%(objectname)%00%(upstream:track)%00%(upstream:remotename)%00%(upstream:remoteref) refs/heads/main refs/remotes/main [1ms]
2025-11-18 22:52:58.778 [info] > git status -z -uall [4ms]
2025-11-18 22:52:58.778 [info] > git for-each-ref --sort -committerdate --format %(refname)%00%(objectname)%00%(*objectname) [1ms]
2025-11-18 22:52:59.841 [info] > git config --get commit.template [3ms]
2025-11-18 22:52:59.842 [info] > git for-each-ref --format=%(refname)%00%(upstream:short)%00%(objectname)%00%(upstream:track)%00%(upstream:remotename)%00%(upstream:remoteref) refs/heads/main refs/remotes/main [1ms]
2025-11-18 22:52:59.848 [info] > git status -z -uall [3ms]
2025-11-18 22:52:59.849 [info] > git for-each-ref --sort -committerdate --format %(refname)%00%(objectname)%00%(*objectname) [1ms]
2025-11-18 22:55:58.790 [info] > git fetch [6ms]
2025-11-18 22:55:58.790 [info] fatal: unable to access 'https://github.com/Krishang-Zinzuwadia/Icarus-DevJams.git/': Could not resolve host: github.com
2025-11-18 22:55:58.796 [info] > git config --get commit.template [3ms]
2025-11-18 22:55:58.796 [info] > git for-each-ref --format=%(refname)%00%(upstream:short)%00%(objectname)%00%(upstream:track)%00%(upstream:remotename)%00%(upstream:remoteref) refs/heads/main refs/remotes/main [1ms]
2025-11-18 22:55:58.801 [info] > git status -z -uall [2ms]
2025-11-18 22:55:58.802 [info] > git for-each-ref --sort -committerdate --format %(refname)%00%(objectname)%00%(*objectname) [1ms]
2025-11-18 22:55:59.867 [info] > git config --get commit.template [3ms]
2025-11-18 22:55:59.868 [info] > git for-each-ref --format=%(refname)%00%(upstream:short)%00%(objectname)%00%(upstream:track)%00%(upstream:remotename)%00%(upstream:remoteref) refs/heads/main refs/remotes/main [1ms]
2025-11-18 22:55:59.873 [info] > git status -z -uall [3ms]
2025-11-18 22:55:59.873 [info] > git for-each-ref --sort -committerdate --format %(refname)%00%(objectname)%00%(*objectname) [0ms]
2025-11-18 22:58:58.813 [info] > git fetch [6ms]
2025-11-18 22:58:58.813 [info] fatal: unable to access 'https://github.com/Krishang-Zinzuwadia/Icarus-DevJams.git/': Could not resolve host: github.com
2025-11-18 22:58:58.819 [info] > git config --get commit.template [3ms]
2025-11-18 22:58:58.820 [info] > git for-each-ref --format=%(refname)%00%(upstream:short)%00%(objectname)%00%(upstream:track)%00%(upstream:remotename)%00%(upstream:remoteref) refs/heads/main refs/remotes/main [1ms]
2025-11-18 22:58:58.825 [info] > git status -z -uall [3ms]
2025-11-18 22:58:58.825 [info] > git for-each-ref --sort -committerdate --format %(refname)%00%(objectname)%00%(*objectname) [1ms]
2025-11-18 22:58:59.890 [info] > git config --get commit.template [2ms]
2025-11-18 22:58:59.891 [info] > git for-each-ref --format=%(refname)%00%(upstream:short)%00%(objectname)%00%(upstream:track)%00%(upstream:remotename)%00%(upstream:remoteref) refs/heads/main refs/remotes/main [1ms]
2025-11-18 22:58:59.896 [info] > git status -z -uall [2ms]
2025-11-18 22:58:59.897 [info] > git for-each-ref --sort -committerdate --format %(refname)%00%(objectname)%00%(*objectname) [1ms]
2025-11-18 23:01:59.774 [info] > git fetch [1383ms]
2025-11-18 23:01:59.780 [info] > git config --get commit.template [2ms]
2025-11-18 23:01:59.780 [info] > git for-each-ref --format=%(refname)%00%(upstream:short)%00%(objectname)%00%(upstream:track)%00%(upstream:remotename)%00%(upstream:remoteref) refs/heads/main refs/remotes/main [1ms]
2025-11-18 23:01:59.786 [info] > git status -z -uall [3ms]
2025-11-18 23:01:59.787 [info] > git for-each-ref --sort -committerdate --format %(refname)%00%(objectname)%00%(*objectname) [2ms]
2025-11-18 23:02:00.854 [info] > git config --get commit.template [4ms]
2025-11-18 23:02:00.855 [info] > git for-each-ref --format=%(refname)%00%(upstream:short)%00%(objectname)%00%(upstream:track)%00%(upstream:remotename)%00%(upstream:remoteref) refs/heads/main refs/remotes/main [1ms]
2025-11-18 23:02:00.863 [info] > git status -z -uall [4ms]
2025-11-18 23:02:00.864 [info] > git for-each-ref --sort -committerdate --format %(refname)%00%(objectname)%00%(*objectname) [1ms]
