{"level":30,"time":"2025-09-29T06:05:00.019Z","msg":"[startup_config] Set Windows Application User Model ID (AUMID) {\"AUMID\":\"org.whispersystems.signal-desktop\"}"}
{"level":30,"time":"2025-09-29T06:05:00.037Z","msg":"[base_config] config/start: Did not find user config file (or it was empty), cache is now empty object"}
{"level":30,"time":"2025-09-29T06:05:00.115Z","msg":"[base_config] config/start: Did not find ephemeral config file (or it was empty), cache is now empty object"}
{"level":30,"time":"2025-09-29T06:05:00.182Z","msg":"[app/main] making app single instance"}
{"level":30,"time":"2025-09-29T06:05:00.369Z","msg":"[base_config] config/set: Saving ephemeral config to disk"}
{"level":30,"time":"2025-09-29T06:05:00.373Z","msg":"[base_config] config/set: Saved ephemeral config to disk"}
{"level":30,"time":"2025-09-29T06:05:00.373Z","msg":"[app/main] initializing localeOverride setting null"}
{"level":30,"time":"2025-09-29T06:05:00.373Z","msg":"[app/main] app.ready: hour cycle preference: UnknownPreference"}
{"level":30,"time":"2025-09-29T06:05:00.373Z","msg":"[app/main] app.ready: preferred system locales: [\"en-US\",\"en\"]"}
{"level":30,"time":"2025-09-29T06:05:00.374Z","msg":"[app/main] locale: Supported locales: af-ZA, ar, az-AZ, bg-BG, bn-BD, bs-BA, ca, cs, da, de, el, en, es, et-EE, eu, fa-IR, fi, fr, ga-IE, gl-ES, gu-IN, he, hi-IN, hr-HR, hu, id, it, ja, ka-GE, kk-KZ, km-KH, kn-IN, ko, ky-KG, lt-LT, lv-LV, mk-MK, ml-IN, mr-IN, ms, my, nb, nl, pa-IN, pl, pt-BR, pt-PT, ro-RO, ru, sk-SK, sl-SI, sq-AL, sr, sv, sw, ta-IN, te-IN, th, tl-PH, tr, ug, uk-UA, ur, vi, yue, zh-CN, zh-HK, zh-Hant"}
{"level":30,"time":"2025-09-29T06:05:00.374Z","msg":"[app/main] locale: Preferred locales: en-US, en"}
{"level":30,"time":"2025-09-29T06:05:00.374Z","msg":"[app/main] locale: Locale Override: null"}
{"level":30,"time":"2025-09-29T06:05:00.376Z","msg":"[app/main] locale: Matched locale: en"}
{"level":40,"time":"2025-09-29T06:05:00.419Z","msg":"[setupI18nMain] intl.onWarn [@formatjs/intl] \"defaultRichTextElements\" was specified but \"message\" was not pre-compiled. \nPlease consider using \"@formatjs/cli\" to pre-compile your messages for performance.\nFor more details see https://formatjs.github.io/docs/getting-started/message-distribution"}
{"level":30,"time":"2025-09-29T06:05:00.420Z","msg":"[app/main] locale: Text info direction for en: ltr"}
{"level":40,"time":"2025-09-29T06:05:00.420Z","msg":"[app/main] getSQLKey: got key from config, but it wasn't a string"}
{"level":30,"time":"2025-09-29T06:05:00.420Z","msg":"[app/main] key/initialize: Generating new encryption key, since we did not find it on disk"}
{"level":30,"time":"2025-09-29T06:05:00.421Z","msg":"[app/main] getSQLKey: updating plaintext key in the config"}
{"level":30,"time":"2025-09-29T06:05:00.421Z","msg":"[base_config] config/set: Saving user config to disk"}
{"level":30,"time":"2025-09-29T06:05:00.424Z","msg":"[base_config] config/set: Saved user config to disk"}
{"level":30,"time":"2025-09-29T06:05:00.425Z","msg":"[SystemTraySettingCache] getSystemTraySetting got no value, returning Uninitialized"}
{"level":30,"time":"2025-09-29T06:05:00.425Z","msg":"[base_config] config/set: Saving ephemeral config to disk"}
{"level":30,"time":"2025-09-29T06:05:00.426Z","msg":"[base_config] config/set: Saved ephemeral config to disk"}
{"level":30,"time":"2025-09-29T06:05:00.426Z","msg":"[app/main] app.ready: setting system-tray-setting to DoNotUseSystemTray"}
{"level":30,"time":"2025-09-29T06:05:00.427Z","msg":"[base_config] config/set: Saving ephemeral config to disk"}
{"level":30,"time":"2025-09-29T06:05:00.428Z","msg":"[base_config] config/set: Saved ephemeral config to disk"}
{"level":30,"time":"2025-09-29T06:05:00.428Z","msg":"[app/main] app ready"}
{"level":30,"time":"2025-09-29T06:05:00.428Z","msg":"[app/main] starting version 7.72.1"}
{"level":30,"time":"2025-09-29T06:05:00.428Z","msg":"[app/main] media access status [object Undefined] [object Undefined] [object Undefined]"}
{"level":30,"time":"2025-09-29T06:05:00.472Z","msg":"[base_config] config/set: Saving ephemeral config to disk"}
{"level":30,"time":"2025-09-29T06:05:00.473Z","msg":"[base_config] config/set: Saved ephemeral config to disk"}
{"level":30,"time":"2025-09-29T06:05:00.473Z","msg":"[app/main] initializing spellcheck setting true"}
{"level":30,"time":"2025-09-29T06:05:00.474Z","msg":"[base_config] config/set: Saving ephemeral config to disk"}
{"level":30,"time":"2025-09-29T06:05:00.475Z","msg":"[base_config] config/set: Saved ephemeral config to disk"}
{"level":30,"time":"2025-09-29T06:05:00.475Z","msg":"[app/main] saving theme-setting value system"}
{"level":30,"time":"2025-09-29T06:05:00.475Z","msg":"[app/main] got fast spellcheck setting true"}
{"level":30,"time":"2025-09-29T06:05:00.475Z","msg":"[app/main] Initializing BrowserWindow config: {\"show\":false,\"width\":800,\"height\":610,\"minWidth\":300,\"minHeight\":200,\"autoHideMenuBar\":false,\"titleBarStyle\":\"default\",\"backgroundColor\":\"#121212\",\"webPreferences\":{\"devTools\":false,\"spellcheck\":true,\"enablePreferredSizeMode\":true,\"nodeIntegration\":false,\"nodeIntegrationInWorker\":false,\"sandbox\":false,\"contextIsolation\":true,\"preload\":\"[REDACTED]/preload.wrapper.js\"},\"icon\":\"[REDACTED]/images/signal-logo-desktop-linux.png\"}"}
{"level":30,"time":"2025-09-29T06:05:00.524Z","msg":"[spell_check] spellcheck: user locales: [\"en-US\",\"en\"]"}
{"level":30,"time":"2025-09-29T06:05:00.524Z","msg":"[spell_check] spellcheck: available spellchecker languages: [\"af\",\"bg\",\"ca\",\"cs\",\"cy\",\"da\",\"de\",\"de-DE\",\"el\",\"en\",\"en-AU\",\"en-CA\",\"en-GB\",\"en-GB-oxendict\",\"en-US\",\"es\",\"es-419\",\"es-AR\",\"es-ES\",\"es-MX\",\"es-US\",\"et\",\"fa\",\"fo\",\"fr\",\"fr-FR\",\"he\",\"hi\",\"hr\",\"hu\",\"hy\",\"id\",\"it\",\"it-IT\",\"ko\",\"lt\",\"lv\",\"nb\",\"nl\",\"pl\",\"pt\",\"pt-BR\",\"pt-PT\",\"ro\",\"ru\",\"sh\",\"sk\",\"sl\",\"sq\",\"sr\",\"sv\",\"ta\",\"tg\",\"tr\",\"uk\",\"vi\"]"}
{"level":30,"time":"2025-09-29T06:05:00.524Z","msg":"[spell_check] spellcheck: setting languages to: [\"en-US\",\"en\"]"}
{"level":30,"time":"2025-09-29T06:05:00.526Z","msg":"[app/main] spellcheck: dictionary download begin: en"}
{"level":30,"time":"2025-09-29T06:05:00.527Z","msg":"[app/main] spellcheck: dictionary download begin: en-US"}
{"level":30,"time":"2025-09-29T06:05:00.696Z","msg":"[app/main] MainSQL: migrateSchemaVersion: Migrating from schema_version 0 to user_version 0"}
{"level":30,"time":"2025-09-29T06:05:00.698Z","msg":"[app/main] MainSQL: updateSchema:\n  Current user_version: 0;\n  Most recent db schema: 1450;\n  SQLite version: 3.50.4;\n  SQLCipher version: 4.10.0 community;\n  (deprecated) schema_version: 0;\n"}
{"level":30,"time":"2025-09-29T06:05:00.699Z","msg":"[app/main] MainSQL: [updateSchema(1)] success"}
{"level":30,"time":"2025-09-29T06:05:00.699Z","msg":"[app/main] MainSQL: [updateSchema(2)] success"}
{"level":30,"time":"2025-09-29T06:05:00.700Z","msg":"[app/main] MainSQL: [updateSchema(3)] success"}
{"level":30,"time":"2025-09-29T06:05:00.700Z","msg":"[app/main] MainSQL: [updateSchema(4)] success"}
{"level":30,"time":"2025-09-29T06:05:00.700Z","msg":"[app/main] MainSQL: [updateSchema(6)] success"}
{"level":30,"time":"2025-09-29T06:05:00.701Z","msg":"[app/main] MainSQL: [updateSchema(7)] success"}
{"level":30,"time":"2025-09-29T06:05:00.701Z","msg":"[app/main] MainSQL: [updateSchema(8)] success"}
{"level":30,"time":"2025-09-29T06:05:00.702Z","msg":"[app/main] MainSQL: [updateSchema(9)] success"}
{"level":30,"time":"2025-09-29T06:05:00.702Z","msg":"[app/main] MainSQL: [updateSchema(10)] success"}
{"level":30,"time":"2025-09-29T06:05:00.703Z","msg":"[app/main] MainSQL: [updateSchema(11)] success"}
{"level":30,"time":"2025-09-29T06:05:00.703Z","msg":"[app/main] MainSQL: [updateSchema(12)] success"}
{"level":30,"time":"2025-09-29T06:05:00.703Z","msg":"[app/main] MainSQL: [updateSchema(13)] success"}
{"level":30,"time":"2025-09-29T06:05:00.703Z","msg":"[app/main] MainSQL: [updateSchema(14)] success"}
{"level":30,"time":"2025-09-29T06:05:00.704Z","msg":"[app/main] MainSQL: [updateSchema(15)] success"}
{"level":30,"time":"2025-09-29T06:05:00.705Z","msg":"[app/main] MainSQL: [updateSchema(16)] success"}
{"level":30,"time":"2025-09-29T06:05:00.706Z","msg":"[app/main] MainSQL: [updateSchema(17)] success"}
{"level":30,"time":"2025-09-29T06:05:00.706Z","msg":"[app/main] MainSQL: [updateSchema(18)] success"}
{"level":30,"time":"2025-09-29T06:05:00.707Z","msg":"[app/main] MainSQL: [updateSchema(19)] success"}
{"level":30,"time":"2025-09-29T06:05:00.710Z","msg":"[app/main] MainSQL: [updateSchema(20)] success"}
{"level":30,"time":"2025-09-29T06:05:00.710Z","msg":"[app/main] MainSQL: [updateSchema(21)] success"}
{"level":30,"time":"2025-09-29T06:05:00.710Z","msg":"[app/main] MainSQL: [updateSchema(22)] success"}
{"level":30,"time":"2025-09-29T06:05:00.710Z","msg":"[app/main] MainSQL: [updateSchema(23)] success"}
{"level":30,"time":"2025-09-29T06:05:00.711Z","msg":"[app/main] MainSQL: [updateSchema(24)] success"}
{"level":30,"time":"2025-09-29T06:05:00.713Z","msg":"[app/main] MainSQL: [updateSchema(25)] success"}
{"level":30,"time":"2025-09-29T06:05:00.713Z","msg":"[app/main] MainSQL: [updateSchema(26)] success"}
{"level":30,"time":"2025-09-29T06:05:00.713Z","msg":"[app/main] MainSQL: [updateSchema(27)] success"}
{"level":30,"time":"2025-09-29T06:05:00.713Z","msg":"[app/main] MainSQL: [updateSchema(28)] success"}
{"level":30,"time":"2025-09-29T06:05:00.714Z","msg":"[app/main] MainSQL: [updateSchema(29)] success"}
{"level":30,"time":"2025-09-29T06:05:00.714Z","msg":"[app/main] MainSQL: [updateSchema(30)] success"}
{"level":30,"time":"2025-09-29T06:05:00.715Z","msg":"[app/main] MainSQL: [updateSchema(31)] success"}
{"level":30,"time":"2025-09-29T06:05:00.715Z","msg":"[app/main] MainSQL: [updateSchema(32)] success"}
{"level":30,"time":"2025-09-29T06:05:00.716Z","msg":"[app/main] MainSQL: [updateSchema(33)] success"}
{"level":30,"time":"2025-09-29T06:05:00.716Z","msg":"[app/main] MainSQL: [updateSchema(34)] success"}
{"level":30,"time":"2025-09-29T06:05:00.716Z","msg":"[app/main] MainSQL: [updateSchema(35)] success"}
{"level":30,"time":"2025-09-29T06:05:00.716Z","msg":"[app/main] MainSQL: [updateSchema(36)] success"}
{"level":30,"time":"2025-09-29T06:05:00.717Z","msg":"[app/main] MainSQL: [updateSchema(37)] success"}
{"level":30,"time":"2025-09-29T06:05:00.721Z","msg":"[app/main] MainSQL: [updateSchema(38)] success"}
{"level":30,"time":"2025-09-29T06:05:00.722Z","msg":"[app/main] MainSQL: [updateSchema(39)] success"}
{"level":30,"time":"2025-09-29T06:05:00.722Z","msg":"[app/main] MainSQL: [updateSchema(40)] success"}
{"level":30,"time":"2025-09-29T06:05:00.726Z","msg":"[app/main] MainSQL: [updateSchema(41)] success"}
{"level":30,"time":"2025-09-29T06:05:00.726Z","msg":"[app/main] MainSQL: [updateSchema(42)] success"}
{"level":30,"time":"2025-09-29T06:05:00.726Z","msg":"[app/main] MainSQL: [updateSchema(43)] About to iterate through 0 conversations"}
{"level":30,"time":"2025-09-29T06:05:00.726Z","msg":"[app/main] MainSQL: [updateSchema(43)] About to iterate through 0 messages"}
{"level":30,"time":"2025-09-29T06:05:00.726Z","msg":"[app/main] MainSQL: [updateSchema(43)] Updated 0 messages"}
{"level":30,"time":"2025-09-29T06:05:00.727Z","msg":"[app/main] MainSQL: [updateSchema(43)] success"}
{"level":30,"time":"2025-09-29T06:05:00.727Z","msg":"[app/main] MainSQL: [updateSchema(44)] success"}
{"level":30,"time":"2025-09-29T06:05:00.728Z","msg":"[app/main] MainSQL: [updateSchema(45)] success"}
{"level":30,"time":"2025-09-29T06:05:00.728Z","msg":"[app/main] MainSQL: [updateSchema(46)] success"}
{"level":30,"time":"2025-09-29T06:05:00.734Z","msg":"[app/main] MainSQL: [updateSchema(47)] our UUID not found"}
{"level":30,"time":"2025-09-29T06:05:00.734Z","msg":"[app/main] MainSQL: [updateSchema(47)] success"}
{"level":30,"time":"2025-09-29T06:05:00.734Z","msg":"[app/main] MainSQL: [updateSchema(48)] success"}
{"level":30,"time":"2025-09-29T06:05:00.734Z","msg":"[app/main] MainSQL: [updateSchema(49)] success"}
{"level":30,"time":"2025-09-29T06:05:00.734Z","msg":"[app/main] MainSQL: [updateSchema(50)] success"}
{"level":30,"time":"2025-09-29T06:05:00.734Z","msg":"[app/main] MainSQL: [updateSchema(51)] success"}
{"level":30,"time":"2025-09-29T06:05:00.734Z","msg":"[app/main] MainSQL: [updateSchema(52)] success"}
{"level":30,"time":"2025-09-29T06:05:00.734Z","msg":"[app/main] MainSQL: [updateSchema(53)] About to iterate through 0 conversations"}
{"level":30,"time":"2025-09-29T06:05:00.734Z","msg":"[app/main] MainSQL: [updateSchema(53)] Updated 0 conversations"}
{"level":30,"time":"2025-09-29T06:05:00.734Z","msg":"[app/main] MainSQL: [updateSchema(53)] success"}
{"level":30,"time":"2025-09-29T06:05:00.735Z","msg":"[app/main] MainSQL: [updateSchema(54)] success"}
{"level":30,"time":"2025-09-29T06:05:00.735Z","msg":"[app/main] MainSQL: [updateSchema(55)] success"}
{"level":30,"time":"2025-09-29T06:05:00.736Z","msg":"[app/main] MainSQL: [updateSchema(56)] success"}
{"level":30,"time":"2025-09-29T06:05:00.736Z","msg":"[app/main] MainSQL: [updateSchema(57)] success"}
{"level":30,"time":"2025-09-29T06:05:00.736Z","msg":"[app/main] MainSQL: [updateSchema(58)] success"}
{"level":30,"time":"2025-09-29T06:05:00.736Z","msg":"[app/main] MainSQL: [updateSchema(59)] success"}
{"level":30,"time":"2025-09-29T06:05:00.737Z","msg":"[app/main] MainSQL: [updateSchema(60)] success"}
{"level":30,"time":"2025-09-29T06:05:00.743Z","msg":"[app/main] MainSQL: [updateSchema(61)] success"}
{"level":30,"time":"2025-09-29T06:05:00.744Z","msg":"[app/main] MainSQL: [updateSchema(62)] success"}
{"level":30,"time":"2025-09-29T06:05:00.744Z","msg":"[app/main] MainSQL: [updateSchema(63)] success"}
{"level":30,"time":"2025-09-29T06:05:00.745Z","msg":"[app/main] MainSQL: [updateSchema(64)] success"}
{"level":30,"time":"2025-09-29T06:05:00.748Z","msg":"[app/main] MainSQL: [updateSchema(65)] success"}
{"level":30,"time":"2025-09-29T06:05:00.748Z","msg":"[app/main] MainSQL: [updateSchema(66)] success"}
{"level":30,"time":"2025-09-29T06:05:00.749Z","msg":"[app/main] MainSQL: [updateSchema(67)] success"}
{"level":30,"time":"2025-09-29T06:05:00.753Z","msg":"[app/main] MainSQL: [updateSchema(68)] success"}
{"level":30,"time":"2025-09-29T06:05:00.753Z","msg":"[app/main] MainSQL: [updateSchema(69)] success"}
{"level":30,"time":"2025-09-29T06:05:00.753Z","msg":"[app/main] MainSQL: [updateSchema(70)] success"}
{"level":30,"time":"2025-09-29T06:05:00.760Z","msg":"[app/main] MainSQL: [updateSchema(71)] success"}
{"level":30,"time":"2025-09-29T06:05:00.761Z","msg":"[app/main] MainSQL: [updateSchema(72)] success"}
{"level":30,"time":"2025-09-29T06:05:00.767Z","msg":"[app/main] spellcheck: dictionary download success: en"}
{"level":30,"time":"2025-09-29T06:05:00.768Z","msg":"[app/main] spellcheck: dictionary initialized: en"}
{"level":30,"time":"2025-09-29T06:05:00.769Z","msg":"[app/main] MainSQL: [updateSchema(73)] success"}
{"level":30,"time":"2025-09-29T06:05:00.769Z","msg":"[app/main] MainSQL: [updateSchema(74)] success"}
{"level":30,"time":"2025-09-29T06:05:00.769Z","msg":"[app/main] MainSQL: [updateSchema(75)] success"}
{"level":30,"time":"2025-09-29T06:05:00.771Z","msg":"[app/main] spellcheck: dictionary download success: en-US"}
{"level":30,"time":"2025-09-29T06:05:00.771Z","msg":"[app/main] spellcheck: dictionary initialized: en-US"}
{"level":30,"time":"2025-09-29T06:05:00.772Z","msg":"[app/main] MainSQL: [updateSchema(76)] success"}
{"level":30,"time":"2025-09-29T06:05:00.773Z","msg":"[app/main] MainSQL: [updateSchema(77)] success"}
{"level":30,"time":"2025-09-29T06:05:00.773Z","msg":"[app/main] MainSQL: [updateSchema(78)] success"}
{"level":30,"time":"2025-09-29T06:05:00.773Z","msg":"[app/main] MainSQL: [updateSchema(79)] success"}
{"level":30,"time":"2025-09-29T06:05:00.773Z","msg":"[app/main] MainSQL: [updateSchema(80)] success"}
{"level":30,"time":"2025-09-29T06:05:00.781Z","msg":"[app/main] MainSQL: [updateSchema(81)] success"}
{"level":30,"time":"2025-09-29T06:05:00.783Z","msg":"[app/main] MainSQL: [updateSchema(82)] success"}
{"level":30,"time":"2025-09-29T06:05:00.784Z","msg":"[app/main] MainSQL: [updateSchema(83)] success"}
{"level":30,"time":"2025-09-29T06:05:00.784Z","msg":"[app/main] MainSQL: [updateSchema(84)] success"}
{"level":30,"time":"2025-09-29T06:05:00.784Z","msg":"[app/main] MainSQL: [updateSchema(85)] success"}
{"level":30,"time":"2025-09-29T06:05:00.784Z","msg":"[app/main] MainSQL: [updateSchema(86)] success"}
{"level":30,"time":"2025-09-29T06:05:00.785Z","msg":"[app/main] MainSQL: [updateSchema(87)] (cleanup)/kyberPreKeys: Our PNI not found"}
{"level":30,"time":"2025-09-29T06:05:00.785Z","msg":"[app/main] MainSQL: [updateSchema(87)] (cleanup)/preKeys: Our PNI not found"}
{"level":30,"time":"2025-09-29T06:05:00.785Z","msg":"[app/main] MainSQL: [updateSchema(87)] (cleanup)/signedPreKeys: Our PNI not found"}
{"level":30,"time":"2025-09-29T06:05:00.785Z","msg":"[app/main] MainSQL: [updateSchema(87)] success"}
{"level":30,"time":"2025-09-29T06:05:00.822Z","msg":"[app/main] MainSQL: [updateSchema(88)] updating 0 conversations"}
{"level":30,"time":"2025-09-29T06:05:00.822Z","msg":"[app/main] MainSQL: [updateSchema(88)] Our UUID not found"}
{"level":30,"time":"2025-09-29T06:05:00.822Z","msg":"[app/main] MainSQL: [updateSchema(88)] Our PNI not found"}
{"level":30,"time":"2025-09-29T06:05:00.822Z","msg":"[app/main] MainSQL: [updateSchema(88)] updating 0 sessions"}
{"level":30,"time":"2025-09-29T06:05:00.823Z","msg":"[app/main] MainSQL: [updateSchema(88)] updating messages"}
{"level":30,"time":"2025-09-29T06:05:00.823Z","msg":"[app/main] MainSQL: [updateSchema(88)] updated 0 messages"}
{"level":30,"time":"2025-09-29T06:05:00.823Z","msg":"[app/main] MainSQL: [updateSchema(88)] updating 0 preKeys"}
{"level":30,"time":"2025-09-29T06:05:00.823Z","msg":"[app/main] MainSQL: [updateSchema(88)] updating 0 signedPreKeys"}
{"level":30,"time":"2025-09-29T06:05:00.823Z","msg":"[app/main] MainSQL: [updateSchema(88)] updating 0 kyberPreKeys"}
{"level":30,"time":"2025-09-29T06:05:00.823Z","msg":"[app/main] MainSQL: [updateSchema(88)] updated 0 jobs"}
{"level":30,"time":"2025-09-29T06:05:00.823Z","msg":"[app/main] MainSQL: [updateSchema(88)] success"}
{"level":30,"time":"2025-09-29T06:05:00.829Z","msg":"[app/main] MainSQL: [updateSchema(89)] success"}
{"level":30,"time":"2025-09-29T06:05:00.829Z","msg":"[app/main] MainSQL: [updateSchema(90)] removed screenshotData from 0 message"}
{"level":30,"time":"2025-09-29T06:05:00.829Z","msg":"[app/main] MainSQL: [updateSchema(90)] success"}
{"level":30,"time":"2025-09-29T06:05:00.838Z","msg":"[app/main] MainSQL: [updateSchema(91)] Found 0 keys"}
{"level":30,"time":"2025-09-29T06:05:00.839Z","msg":"[app/main] MainSQL: [updateSchema(91)] success"}
{"level":30,"time":"2025-09-29T06:05:00.839Z","msg":"[app/main] MainSQL: [updateSchema(920)] kyberPreKeys: Our PNI not found"}
{"level":30,"time":"2025-09-29T06:05:00.839Z","msg":"[app/main] MainSQL: [updateSchema(920)] signedPreKeys: Our PNI not found"}
{"level":30,"time":"2025-09-29T06:05:00.839Z","msg":"[app/main] MainSQL: [updateSchema(920)] Done with deletions, starting vacuum..."}
{"level":30,"time":"2025-09-29T06:05:00.839Z","msg":"[app/main] MainSQL: [updateSchema(920)] success, needs vacuum"}
{"level":30,"time":"2025-09-29T06:05:00.843Z","msg":"[app/main] MainSQL: running vacuum"}
{"level":30,"time":"2025-09-29T06:05:00.852Z","msg":"[app/main] MainSQL: done running vacuum"}
{"level":30,"time":"2025-09-29T06:05:00.852Z","msg":"[app/main] MainSQL: [updateSchema(930)] success"}
{"level":30,"time":"2025-09-29T06:05:00.852Z","msg":"[app/main] MainSQL: [updateSchema(940)] success"}
{"level":30,"time":"2025-09-29T06:05:00.852Z","msg":"[app/main] MainSQL: [updateSchema(950)] success"}
{"level":30,"time":"2025-09-29T06:05:00.853Z","msg":"[app/main] MainSQL: [updateSchema(960)] Our ACI not found"}
{"level":30,"time":"2025-09-29T06:05:00.853Z","msg":"[app/main] MainSQL: [updateSchema(960)] not running, pni is normalized"}
{"level":30,"time":"2025-09-29T06:05:00.853Z","msg":"[app/main] MainSQL: [updateSchema(960)] success"}
{"level":30,"time":"2025-09-29T06:05:00.853Z","msg":"[app/main] MainSQL: [updateSchema(970)] success"}
{"level":30,"time":"2025-09-29T06:05:00.854Z","msg":"[app/main] MainSQL: [updateSchema(980)] success"}
{"level":30,"time":"2025-09-29T06:05:00.854Z","msg":"[app/main] MainSQL: [updateSchema(990)] success"}
{"level":30,"time":"2025-09-29T06:05:00.854Z","msg":"[app/main] MainSQL: [updateSchema(1000)] success"}
{"level":30,"time":"2025-09-29T06:05:00.854Z","msg":"[app/main] MainSQL: [updateSchema(1010)] success"}
{"level":30,"time":"2025-09-29T06:05:00.854Z","msg":"[app/main] MainSQL: [updateSchema(1020)] not linked"}
{"level":30,"time":"2025-09-29T06:05:00.854Z","msg":"[app/main] MainSQL: [updateSchema(1020)] success"}
{"level":30,"time":"2025-09-29T06:05:00.860Z","msg":"[app/main] MainSQL: [updateSchema(1030)] success"}
{"level":30,"time":"2025-09-29T06:05:00.860Z","msg":"[app/main] MainSQL: [updateSchema(1040)] loaded 0 existing jobs"}
{"level":30,"time":"2025-09-29T06:05:00.862Z","msg":"[app/main] MainSQL: [updateSchema(1040)] transferred 0 rows, removed 0"}
{"level":30,"time":"2025-09-29T06:05:00.863Z","msg":"[app/main] MainSQL: [updateSchema(1040)] success"}
{"level":30,"time":"2025-09-29T06:05:00.863Z","msg":"[app/main] MainSQL: [updateSchema(1050)] success"}
{"level":30,"time":"2025-09-29T06:05:00.863Z","msg":"[app/main] MainSQL: [updateSchema(1060)] success"}
{"level":30,"time":"2025-09-29T06:05:00.864Z","msg":"[app/main] MainSQL: [updateSchema(1070)] success"}
{"level":30,"time":"2025-09-29T06:05:00.864Z","msg":"[app/main] MainSQL: [updateSchema(1080)] success"}
{"level":30,"time":"2025-09-29T06:05:00.864Z","msg":"[app/main] MainSQL: [updateSchema(1090)] success"}
{"level":30,"time":"2025-09-29T06:05:00.864Z","msg":"[app/main] MainSQL: [updateSchema(1100)] success"}
{"level":30,"time":"2025-09-29T06:05:00.866Z","msg":"[app/main] MainSQL: [updateSchema(1110)] success"}
{"level":30,"time":"2025-09-29T06:05:00.866Z","msg":"[app/main] MainSQL: [updateSchema(1120)] success"}
{"level":30,"time":"2025-09-29T06:05:00.866Z","msg":"[app/main] MainSQL: [updateSchema(1130)] success"}
{"level":30,"time":"2025-09-29T06:05:00.867Z","msg":"[app/main] MainSQL: [updateSchema(1140)] success"}
{"level":30,"time":"2025-09-29T06:05:00.868Z","msg":"[app/main] MainSQL: [updateSchema(1150)] success"}
{"level":30,"time":"2025-09-29T06:05:00.868Z","msg":"[app/main] MainSQL: [updateSchema(1160)] success"}
{"level":30,"time":"2025-09-29T06:05:00.868Z","msg":"[app/main] MainSQL: [updateSchema(1170)] success"}
{"level":30,"time":"2025-09-29T06:05:00.870Z","msg":"[app/main] MainSQL: [updateSchema(1180)] success"}
{"level":30,"time":"2025-09-29T06:05:00.873Z","msg":"[app/main] MainSQL: [updateSchema(1190)] success"}
{"level":30,"time":"2025-09-29T06:05:00.873Z","msg":"[app/main] MainSQL: [updateSchema(1200)] success"}
{"level":30,"time":"2025-09-29T06:05:00.875Z","msg":"[app/main] MainSQL: [updateSchema(1210)] success"}
{"level":30,"time":"2025-09-29T06:05:00.877Z","msg":"[app/main] MainSQL: [updateSchema(1220)] no identity/registration id"}
{"level":30,"time":"2025-09-29T06:05:00.877Z","msg":"[app/main] MainSQL: [updateSchema(1220)] success"}
{"level":30,"time":"2025-09-29T06:05:00.877Z","msg":"[app/main] MainSQL: [updateSchema(1230)] success"}
{"level":30,"time":"2025-09-29T06:05:00.877Z","msg":"[app/main] MainSQL: [updateSchema(1240)] success"}
{"level":30,"time":"2025-09-29T06:05:00.880Z","msg":"[app/main] MainSQL: [updateSchema(1250)] success"}
{"level":30,"time":"2025-09-29T06:05:00.880Z","msg":"[app/main] MainSQL: [updateSchema(1260)] success"}
{"level":30,"time":"2025-09-29T06:05:00.890Z","msg":"[app/main] MainSQL: [updateSchema(1270)] success"}
{"level":30,"time":"2025-09-29T06:05:00.890Z","msg":"[app/main] MainSQL: [updateSchema(1280)] success"}
{"level":30,"time":"2025-09-29T06:05:00.897Z","msg":"[app/main] MainSQL: [updateSchema(1290)] success"}
{"level":30,"time":"2025-09-29T06:05:00.899Z","msg":"[app/main] MainSQL: [updateSchema(1300)] success"}
{"level":30,"time":"2025-09-29T06:05:00.899Z","msg":"[app/main] MainSQL: [updateSchema(1310)] success"}
{"level":30,"time":"2025-09-29T06:05:00.900Z","msg":"[app/main] MainSQL: [updateSchema(1320)] success"}
{"level":30,"time":"2025-09-29T06:05:00.900Z","msg":"[app/main] MainSQL: [updateSchema(1330)] success"}
{"level":30,"time":"2025-09-29T06:05:00.900Z","msg":"[app/main] MainSQL: [updateSchema(1340)] success"}
{"level":30,"time":"2025-09-29T06:05:00.900Z","msg":"[app/main] MainSQL: [updateSchema(1350)] success"}
{"level":30,"time":"2025-09-29T06:05:00.900Z","msg":"[app/main] MainSQL: [updateSchema(1360)] success"}
{"level":30,"time":"2025-09-29T06:05:00.900Z","msg":"[app/main] MainSQL: [updateSchema(1370)] success"}
{"level":30,"time":"2025-09-29T06:05:00.900Z","msg":"[app/main] MainSQL: [updateSchema(1380)] success"}
{"level":30,"time":"2025-09-29T06:05:00.923Z","msg":"[app/main] MainSQL: [updateSchema(1390)] success"}
{"level":30,"time":"2025-09-29T06:05:00.929Z","msg":"[app/main] MainSQL: [updateSchema(1400)] success"}
{"level":30,"time":"2025-09-29T06:05:00.929Z","msg":"[app/main] MainSQL: [updateSchema(1410)] success"}
{"level":30,"time":"2025-09-29T06:05:00.930Z","msg":"[app/main] MainSQL: [updateSchema(1420)] success"}
{"level":30,"time":"2025-09-29T06:05:00.932Z","msg":"[app/main] MainSQL: [updateSchema(1430)] success"}
{"level":30,"time":"2025-09-29T06:05:00.932Z","msg":"[app/main] MainSQL: [updateSchema(1440)] success"}
{"level":30,"time":"2025-09-29T06:05:00.935Z","msg":"[app/main] MainSQL: [updateSchema(1450)] success"}
{"level":30,"time":"2025-09-29T06:05:00.939Z","msg":"[app/main] MainSQL: enableFTS5SecureDelete: enabling"}
{"level":30,"time":"2025-09-29T06:05:00.941Z","msg":"[app/main] MainSQL: updateSchema: optimize took 1ms"}
{"level":30,"time":"2025-09-29T06:05:01.029Z","msg":"[app/main] Updating BrowserWindow config: {\"maximized\":false,\"autoHideMenuBar\":false,\"fullscreen\":false,\"width\":800,\"height\":610,\"x\":560,\"y\":295}"}
{"level":30,"time":"2025-09-29T06:05:01.029Z","msg":"[base_config] config/set: Saving ephemeral config to disk"}
{"level":30,"time":"2025-09-29T06:05:01.030Z","msg":"[base_config] config/set: Saved ephemeral config to disk"}
{"level":30,"time":"2025-09-29T06:05:01.321Z","msg":"[app/main] got fast theme-setting value system"}
{"level":30,"time":"2025-09-29T06:05:02.014Z","msg":"[app/main] main window webContents did-finish-load"}
{"level":30,"time":"2025-09-29T06:05:02.014Z","msg":"[app/main] showing main window"}
{"level":30,"time":"2025-09-29T06:05:02.028Z","msg":"[SystemTrayService] System tray service: created"}
{"level":30,"time":"2025-09-29T06:05:02.028Z","msg":"[SystemTrayService] System tray service: updating main window. Previously, there was not a window, and now there is"}
{"level":30,"time":"2025-09-29T06:05:02.028Z","msg":"[SystemTrayService] System tray service: rendering no tray"}
{"level":30,"time":"2025-09-29T06:05:02.029Z","msg":"[app/main] Begin ensuring permissions"}
{"level":30,"time":"2025-09-29T06:05:02.052Z","msg":"[app/main] Ensuring file permissions for 4 files"}
{"level":30,"time":"2025-09-29T06:05:02.053Z","msg":"[app/main] Finish ensuring permissions in 24ms"}
{"level":30,"time":"2025-09-29T06:05:02.104Z","msg":"[attachments] deleteAllBadges: deleted 0 files"}
{"level":30,"time":"2025-09-29T06:05:02.106Z","msg":"[app/main] MainSQL: removeKnownStickers: About to iterate through 0 stickers"}
{"level":30,"time":"2025-09-29T06:05:02.106Z","msg":"[app/main] MainSQL: removeKnownStickers: Done processing 0 stickers"}
{"level":30,"time":"2025-09-29T06:05:02.106Z","msg":"[attachments] deleteAllStickers: deleted 0 files"}
{"level":30,"time":"2025-09-29T06:05:02.107Z","msg":"[app/main] MainSQL: removeKnownDraftAttachments: About to iterate through 0 conversations"}
{"level":30,"time":"2025-09-29T06:05:02.108Z","msg":"[app/main] MainSQL: removeKnownDraftAttachments: Done processing 0 conversations"}
{"level":30,"time":"2025-09-29T06:05:02.108Z","msg":"[attachments] deleteAllDraftAttachments: deleted 0 files"}
{"level":30,"time":"2025-09-29T06:05:02.109Z","msg":"[attachment_channel] cleanupOrphanedAttachments: found 0 attachments on disk"}
{"level":30,"time":"2025-09-29T06:05:02.110Z","msg":"[attachment_channel] cleanupOrphanedAttachments: found 0 downloads on disk"}
{"level":30,"time":"2025-09-29T06:05:02.111Z","msg":"[app/main] MainSQL: getKnownConversationAttachments: About to iterate through 0"}
{"level":30,"time":"2025-09-29T06:05:02.111Z","msg":"[app/main] MainSQL: getKnownConversationAttachments: Done processing"}
{"level":30,"time":"2025-09-29T06:05:02.112Z","msg":"[attachment_channel] cleanupOrphanedAttachments: Got 0 conversation attachments, 0 remain"}
{"level":30,"time":"2025-09-29T06:05:02.112Z","msg":"[attachment_channel] cleanupOrphanedAttachments: found 0 known downloads, 0 remain"}
{"level":30,"time":"2025-09-29T06:05:02.112Z","msg":"[attachment_channel] cleanupOrphanedAttachments: took 9ms"}
{"level":30,"time":"2025-09-29T06:05:02.113Z","msg":"[app/main] MainSQL: pageMessages(41cba8c9c43bd1a5): Starting iteration through 0 messages"}
{"level":50,"time":"2025-09-29T06:05:02.144Z","msg":"[app/main] [updater] Error starting update checks: Error: ENOENT: no such file or directory, watch '/usr/lib/signal-desktop/.signal-postinst'\n    at FSWatcher.<computed> (node:internal/fs/watchers:254:19)\n    at watch (node:fs:2549:36)\n    at initLinux ([REDACTED]/ts/updater/linux.js:93:28)\n    at Object.start ([REDACTED]/ts/updater/index.js:65:32)\n    at IpcMainImpl.readyForUpdates ([REDACTED]/app/main.js:830:19)\n    at Object.onceWrapper (node:events:634:26)\n    at IpcMainImpl.emit (node:events:519:28)\n    at Session.<anonymous> (node:electron/js2c/browser_init:2:106453)\n    at Session.emit (node:events:519:28)"}
{"level":30,"time":"2025-09-29T06:05:02.164Z","msg":"[app/main] MainSQL: finishPageMessages(41cba8c9c43bd1a5): reached the end after processing 0 messages"}
{"level":30,"time":"2025-09-29T06:05:02.164Z","msg":"[attachment_channel] cleanupOrphanedAttachments:  0 message attachments; 0 remain"}
{"level":30,"time":"2025-09-29T06:05:02.164Z","msg":"[attachments] deleteAll: deleted 0 files"}
{"level":30,"time":"2025-09-29T06:05:02.164Z","msg":"[attachment_channel] cleanupOrphanedAttachments: found 0 downloads 0 remain"}
{"level":30,"time":"2025-09-29T06:05:02.164Z","msg":"[attachments] deleteAllDownloads: deleted 0 files"}
{"level":30,"time":"2025-09-29T06:05:02.164Z","msg":"[attachment_channel] deleteOrphanedAttachments: took 52ms"}
{"level":30,"time":"2025-09-29T06:05:02.291Z","msg":"[PreventDisplaySleepService] Prevent display sleep service: allowing display sleep"}
{"level":30,"time":"2025-09-29T06:05:02.519Z","msg":"[createHTTPSAgent] createHTTPSAgent.createConnection(updates2.signal.org): connected to IPv4 addr after 114ms (attempts v4=1 v6=0)"}
{"level":30,"time":"2025-09-29T06:05:02.577Z","msg":"[app/main] Updating BrowserWindow config: {\"maximized\":false,\"autoHideMenuBar\":false,\"fullscreen\":false,\"width\":1896,\"height\":1150,\"x\":12,\"y\":38}"}
{"level":30,"time":"2025-09-29T06:05:02.577Z","msg":"[base_config] config/set: Saving ephemeral config to disk"}
{"level":30,"time":"2025-09-29T06:05:02.586Z","msg":"[base_config] config/set: Saved ephemeral config to disk"}
{"level":30,"time":"2025-09-29T06:05:06.258Z","msg":"[app/main] close event {\"readyForShutdown\":false,\"shouldQuit\":false}"}
{"level":30,"time":"2025-09-29T06:05:06.258Z","msg":"[app/main] maybeRequestCloseConfirmation: Checking to see if close confirmation is needed"}
{"level":30,"time":"2025-09-29T06:05:06.260Z","msg":"[app/main] maybeRequestCloseConfirmation: Response received"}
{"level":30,"time":"2025-09-29T06:05:06.277Z","msg":"[SystemTrayService] System tray service: rendering no tray"}
{"level":30,"time":"2025-09-29T06:05:06.277Z","msg":"[app/main] requestShutdown: Requesting close of mainWindow..."}
{"level":30,"time":"2025-09-29T06:05:06.282Z","msg":"[app/main] requestShutdown: Response received"}
{"level":30,"time":"2025-09-29T06:05:06.291Z","msg":"[app/main] before-quit event {\"readyForShutdown\":true,\"shouldQuit\":false,\"hasEventBeenPrevented\":false,\"windowCount\":1,\"mainWindowExists\":true,\"mainWindowIsFullScreen\":false}"}
{"level":30,"time":"2025-09-29T06:05:06.291Z","msg":"[SystemTrayService] System tray service: markShouldQuit"}
{"level":30,"time":"2025-09-29T06:05:06.292Z","msg":"[app/main] close event {\"readyForShutdown\":true,\"shouldQuit\":true}"}
{"level":30,"time":"2025-09-29T06:05:06.301Z","msg":"[app/main] main window closed event"}
{"level":30,"time":"2025-09-29T06:05:06.301Z","msg":"[SystemTrayService] System tray service: updating main window. Previously, there was a window, and now there is not"}
{"level":30,"time":"2025-09-29T06:05:06.301Z","msg":"[SystemTrayService] System tray service: rendering no tray"}
{"level":30,"time":"2025-09-29T06:05:06.302Z","msg":"[app/main] will-quit event {\"hasEventBeenPrevented\":false,\"windowCount\":0,\"mainWindowExists\":false}"}
{"level":30,"time":"2025-09-29T06:05:06.302Z","msg":"[app/main] quit event {\"hasEventBeenPrevented\":false,\"windowCount\":0,\"mainWindowExists\":false}"}
{"level":30,"time":"2025-09-29T06:23:17.996Z","msg":"[startup_config] Set Windows Application User Model ID (AUMID) {\"AUMID\":\"org.whispersystems.signal-desktop\"}"}
{"level":30,"time":"2025-09-29T06:23:18.010Z","msg":"[base_config] config/get: Successfully read user config file"}
{"level":30,"time":"2025-09-29T06:23:18.078Z","msg":"[base_config] config/get: Successfully read ephemeral config file"}
{"level":30,"time":"2025-09-29T06:23:18.133Z","msg":"[app/main] making app single instance"}
{"level":30,"time":"2025-09-29T06:23:18.362Z","msg":"[app/main] got fast localeOverride setting null"}
{"level":30,"time":"2025-09-29T06:23:18.363Z","msg":"[app/main] app.ready: hour cycle preference: UnknownPreference"}
{"level":30,"time":"2025-09-29T06:23:18.363Z","msg":"[app/main] app.ready: preferred system locales: [\"en-US\",\"en\"]"}
{"level":30,"time":"2025-09-29T06:23:18.363Z","msg":"[app/main] locale: Supported locales: af-ZA, ar, az-AZ, bg-BG, bn-BD, bs-BA, ca, cs, da, de, el, en, es, et-EE, eu, fa-IR, fi, fr, ga-IE, gl-ES, gu-IN, he, hi-IN, hr-HR, hu, id, it, ja, ka-GE, kk-KZ, km-KH, kn-IN, ko, ky-KG, lt-LT, lv-LV, mk-MK, ml-IN, mr-IN, ms, my, nb, nl, pa-IN, pl, pt-BR, pt-PT, ro-RO, ru, sk-SK, sl-SI, sq-AL, sr, sv, sw, ta-IN, te-IN, th, tl-PH, tr, ug, uk-UA, ur, vi, yue, zh-CN, zh-HK, zh-Hant"}
{"level":30,"time":"2025-09-29T06:23:18.363Z","msg":"[app/main] locale: Preferred locales: en-US, en"}
{"level":30,"time":"2025-09-29T06:23:18.363Z","msg":"[app/main] locale: Locale Override: null"}
{"level":30,"time":"2025-09-29T06:23:18.365Z","msg":"[app/main] locale: Matched locale: en"}
{"level":40,"time":"2025-09-29T06:23:18.389Z","msg":"[setupI18nMain] intl.onWarn [@formatjs/intl] \"defaultRichTextElements\" was specified but \"message\" was not pre-compiled. \nPlease consider using \"@formatjs/cli\" to pre-compile your messages for performance.\nFor more details see https://formatjs.github.io/docs/getting-started/message-distribution"}
{"level":30,"time":"2025-09-29T06:23:18.390Z","msg":"[app/main] locale: Text info direction for en: ltr"}
{"level":30,"time":"2025-09-29T06:23:18.390Z","msg":"[app/main] getSQLKey: using legacy key"}
{"level":30,"time":"2025-09-29T06:23:18.390Z","msg":"[SystemTraySettingCache] getSystemTraySetting got value DoNotUseSystemTray"}
{"level":30,"time":"2025-09-29T06:23:18.390Z","msg":"[SystemTraySettingCache] getSystemTraySetting returning DoNotUseSystemTray"}
{"level":30,"time":"2025-09-29T06:23:18.391Z","msg":"[app/main] app ready"}
{"level":30,"time":"2025-09-29T06:23:18.391Z","msg":"[app/main] starting version 7.72.1"}
{"level":30,"time":"2025-09-29T06:23:18.391Z","msg":"[app/main] media access status [object Undefined] [object Undefined] [object Undefined]"}
{"level":30,"time":"2025-09-29T06:23:18.393Z","msg":"[app/main] got fast theme-setting value system"}
{"level":30,"time":"2025-09-29T06:23:18.400Z","msg":"[app/main] got fast spellcheck setting true"}
{"level":30,"time":"2025-09-29T06:23:18.401Z","msg":"[app/main] got fast theme-setting value system"}
{"level":30,"time":"2025-09-29T06:23:18.401Z","msg":"[app/main] got fast spellcheck setting true"}
{"level":30,"time":"2025-09-29T06:23:18.401Z","msg":"[app/main] visibleOnAnyScreen(window): x=12, y=38, width=1896, height=1150"}
{"level":30,"time":"2025-09-29T06:23:18.401Z","msg":"[app/main] visibleOnAnyScreen(display #33): x=0, y=0, width=1920, height=1200"}
{"level":30,"time":"2025-09-29T06:23:18.401Z","msg":"[app/main] Initializing BrowserWindow config: {\"show\":false,\"width\":1896,\"height\":1150,\"minWidth\":300,\"minHeight\":200,\"autoHideMenuBar\":false,\"titleBarStyle\":\"default\",\"backgroundColor\":\"#121212\",\"webPreferences\":{\"devTools\":false,\"spellcheck\":true,\"enablePreferredSizeMode\":true,\"nodeIntegration\":false,\"nodeIntegrationInWorker\":false,\"sandbox\":false,\"contextIsolation\":true,\"preload\":\"[REDACTED]/preload.wrapper.js\"},\"icon\":\"[REDACTED]/images/signal-logo-desktop-linux.png\",\"x\":12,\"y\":38}"}
{"level":30,"time":"2025-09-29T06:23:18.439Z","msg":"[spell_check] spellcheck: user locales: [\"en-US\",\"en\"]"}
{"level":30,"time":"2025-09-29T06:23:18.440Z","msg":"[spell_check] spellcheck: available spellchecker languages: [\"af\",\"bg\",\"ca\",\"cs\",\"cy\",\"da\",\"de\",\"de-DE\",\"el\",\"en\",\"en-AU\",\"en-CA\",\"en-GB\",\"en-GB-oxendict\",\"en-US\",\"es\",\"es-419\",\"es-AR\",\"es-ES\",\"es-MX\",\"es-US\",\"et\",\"fa\",\"fo\",\"fr\",\"fr-FR\",\"he\",\"hi\",\"hr\",\"hu\",\"hy\",\"id\",\"it\",\"it-IT\",\"ko\",\"lt\",\"lv\",\"nb\",\"nl\",\"pl\",\"pt\",\"pt-BR\",\"pt-PT\",\"ro\",\"ru\",\"sh\",\"sk\",\"sl\",\"sq\",\"sr\",\"sv\",\"ta\",\"tg\",\"tr\",\"uk\",\"vi\"]"}
{"level":30,"time":"2025-09-29T06:23:18.440Z","msg":"[spell_check] spellcheck: setting languages to: [\"en-US\",\"en\"]"}
{"level":30,"time":"2025-09-29T06:23:18.527Z","msg":"[app/main] spellcheck: dictionary download success: en"}
{"level":30,"time":"2025-09-29T06:23:18.528Z","msg":"[app/main] spellcheck: dictionary initialized: en"}
{"level":30,"time":"2025-09-29T06:23:18.568Z","msg":"[app/main] spellcheck: dictionary download success: en-US"}
{"level":30,"time":"2025-09-29T06:23:18.569Z","msg":"[app/main] spellcheck: dictionary initialized: en-US"}
{"level":30,"time":"2025-09-29T06:23:18.662Z","msg":"[app/main] MainSQL: updateSchema:\n  Current user_version: 1450;\n  Most recent db schema: 1450;\n  SQLite version: 3.50.4;\n  SQLCipher version: 4.10.0 community;\n  (deprecated) schema_version: 565;\n"}
{"level":30,"time":"2025-09-29T06:23:18.942Z","msg":"[app/main] Updating BrowserWindow config: {\"maximized\":false,\"autoHideMenuBar\":false,\"fullscreen\":false,\"width\":1896,\"height\":1150,\"x\":12,\"y\":38}"}
{"level":30,"time":"2025-09-29T06:23:18.943Z","msg":"[base_config] config/set: Saving ephemeral config to disk"}
{"level":30,"time":"2025-09-29T06:23:18.952Z","msg":"[base_config] config/set: Saved ephemeral config to disk"}
{"level":30,"time":"2025-09-29T06:23:19.013Z","msg":"[app/main] got fast theme-setting value system"}
{"level":30,"time":"2025-09-29T06:23:19.603Z","msg":"[app/main] main window webContents did-finish-load"}
{"level":30,"time":"2025-09-29T06:23:19.604Z","msg":"[app/main] showing main window"}
{"level":30,"time":"2025-09-29T06:23:19.633Z","msg":"[SystemTrayService] System tray service: created"}
{"level":30,"time":"2025-09-29T06:23:19.633Z","msg":"[SystemTrayService] System tray service: updating main window. Previously, there was not a window, and now there is"}
{"level":30,"time":"2025-09-29T06:23:19.633Z","msg":"[SystemTrayService] System tray service: rendering no tray"}
{"level":30,"time":"2025-09-29T06:23:19.633Z","msg":"[app/main] Begin ensuring permissions"}
{"level":30,"time":"2025-09-29T06:23:19.644Z","msg":"[app/main] Ensuring file permissions for 4 files"}
{"level":30,"time":"2025-09-29T06:23:19.646Z","msg":"[app/main] Finish ensuring permissions in 13ms"}
{"level":50,"time":"2025-09-29T06:23:19.718Z","msg":"[app/main] [updater] Error starting update checks: Error: ENOENT: no such file or directory, watch '/usr/lib/signal-desktop/.signal-postinst'\n    at FSWatcher.<computed> (node:internal/fs/watchers:254:19)\n    at watch (node:fs:2549:36)\n    at initLinux ([REDACTED]/ts/updater/linux.js:93:28)\n    at Object.start ([REDACTED]/ts/updater/index.js:65:32)\n    at IpcMainImpl.readyForUpdates ([REDACTED]/app/main.js:830:19)\n    at Object.onceWrapper (node:events:634:26)\n    at IpcMainImpl.emit (node:events:519:28)\n    at Session.<anonymous> (node:electron/js2c/browser_init:2:106453)\n    at Session.emit (node:events:519:28)"}
{"level":30,"time":"2025-09-29T06:23:19.828Z","msg":"[PreventDisplaySleepService] Prevent display sleep service: allowing display sleep"}
{"level":40,"time":"2025-09-29T06:23:19.831Z","msg":"[OptionalResourceService] loaded emoji-index-en.json from disk"}
{"level":30,"time":"2025-09-29T06:23:20.173Z","msg":"[app/main] Updating BrowserWindow config: {\"maximized\":false,\"autoHideMenuBar\":false,\"fullscreen\":false,\"width\":941,\"height\":568,\"x\":12,\"y\":620}"}
{"level":30,"time":"2025-09-29T06:23:20.173Z","msg":"[base_config] config/set: Saving ephemeral config to disk"}
{"level":30,"time":"2025-09-29T06:23:20.181Z","msg":"[base_config] config/set: Saved ephemeral config to disk"}
{"level":30,"time":"2025-09-29T06:23:21.242Z","msg":"[app/main] close event {\"readyForShutdown\":false,\"shouldQuit\":false}"}
{"level":30,"time":"2025-09-29T06:23:21.242Z","msg":"[app/main] maybeRequestCloseConfirmation: Checking to see if close confirmation is needed"}
{"level":30,"time":"2025-09-29T06:23:21.245Z","msg":"[app/main] maybeRequestCloseConfirmation: Response received"}
{"level":30,"time":"2025-09-29T06:23:21.247Z","msg":"[SystemTrayService] System tray service: rendering no tray"}
{"level":30,"time":"2025-09-29T06:23:21.248Z","msg":"[app/main] requestShutdown: Requesting close of mainWindow..."}
{"level":30,"time":"2025-09-29T06:23:21.264Z","msg":"[app/main] requestShutdown: Response received"}
{"level":30,"time":"2025-09-29T06:23:21.283Z","msg":"[app/main] before-quit event {\"readyForShutdown\":true,\"shouldQuit\":false,\"hasEventBeenPrevented\":false,\"windowCount\":1,\"mainWindowExists\":true,\"mainWindowIsFullScreen\":false}"}
{"level":30,"time":"2025-09-29T06:23:21.283Z","msg":"[SystemTrayService] System tray service: markShouldQuit"}
{"level":30,"time":"2025-09-29T06:23:21.283Z","msg":"[app/main] close event {\"readyForShutdown\":true,\"shouldQuit\":true}"}
{"level":30,"time":"2025-09-29T06:23:21.289Z","msg":"[app/main] main window closed event"}
{"level":30,"time":"2025-09-29T06:23:21.289Z","msg":"[SystemTrayService] System tray service: updating main window. Previously, there was a window, and now there is not"}
{"level":30,"time":"2025-09-29T06:23:21.289Z","msg":"[SystemTrayService] System tray service: rendering no tray"}
{"level":30,"time":"2025-09-29T06:23:21.289Z","msg":"[app/main] will-quit event {\"hasEventBeenPrevented\":false,\"windowCount\":0,\"mainWindowExists\":false}"}
{"level":30,"time":"2025-09-29T06:23:21.289Z","msg":"[app/main] quit event {\"hasEventBeenPrevented\":false,\"windowCount\":0,\"mainWindowExists\":false}"}
