2025-11-21 08:20:46.995 [info] [main] Log level: Info
2025-11-21 08:20:46.995 [info] [main] Validating found git in: "git"
2025-11-21 08:20:46.995 [info] [main] Using git "2.51.2" from "git"
2025-11-21 08:20:46.995 [info] [Model][doInitialScan] Initial repository scan started
2025-11-21 08:20:46.995 [info] > git rev-parse --show-toplevel [3ms]
2025-11-21 08:20:46.995 [info] > git rev-parse --git-dir --git-common-dir --show-superproject-working-tree [6ms]
2025-11-21 08:20:46.995 [info] [Model][openRepository] Opened repository (path): /home/krishang/Work/Icarus-DevJams
2025-11-21 08:20:46.995 [info] [Model][openRepository] Opened repository (real path): /home/krishang/Work/Icarus-DevJams
2025-11-21 08:20:46.995 [info] [Model][openRepository] Opened repository (kind): repository
2025-11-21 08:20:46.995 [info] > git config --get commit.template [2ms]
2025-11-21 08:20:46.995 [info] > git for-each-ref --format=%(refname)%00%(upstream:short)%00%(objectname)%00%(upstream:track)%00%(upstream:remotename)%00%(upstream:remoteref) refs/heads/main refs/remotes/main [63ms]
2025-11-21 08:20:47.052 [info] > git status -z -uall [6ms]
2025-11-21 08:20:47.052 [info] > git rev-parse --show-toplevel [18ms]
2025-11-21 08:20:47.058 [info] > git for-each-ref --sort -committerdate --format %(refname)%00%(objectname)%00%(*objectname) [8ms]
2025-11-21 08:20:47.093 [info] > git for-each-ref --format=%(refname)%00%(upstream:short)%00%(objectname)%00%(upstream:track)%00%(upstream:remotename)%00%(upstream:remoteref) refs/heads/main refs/remotes/main [6ms]
2025-11-21 08:20:47.097 [info] > git rev-parse --show-toplevel [41ms]
2025-11-21 08:20:47.104 [info] > git config --get --local branch.main.vscode-merge-base [7ms]
2025-11-21 08:20:47.107 [info] > git config --get commit.template [14ms]
2025-11-21 08:20:47.108 [info] > git for-each-ref --format=%(refname)%00%(upstream:short)%00%(objectname)%00%(upstream:track)%00%(upstream:remotename)%00%(upstream:remoteref) refs/heads/origin/main refs/remotes/origin/main [1ms]
2025-11-21 08:20:47.113 [info] > git rev-parse --show-toplevel [10ms]
2025-11-21 08:20:47.121 [info] > git merge-base refs/heads/main refs/remotes/origin/main [8ms]
2025-11-21 08:20:47.126 [info] > git rev-parse --show-toplevel [5ms]
2025-11-21 08:20:47.126 [info] > git for-each-ref --format=%(refname)%00%(upstream:short)%00%(objectname)%00%(upstream:track)%00%(upstream:remotename)%00%(upstream:remoteref) refs/heads/main refs/remotes/main [8ms]
2025-11-21 08:20:47.131 [info] > git diff --name-status -z --diff-filter=ADMR ea4dba523066be9577359fcd26c2d0f5dfcab5a8...refs/remotes/origin/main [6ms]
2025-11-21 08:20:47.132 [info] > git rev-parse --show-toplevel [1ms]
2025-11-21 08:20:47.142 [info] > git status -z -uall [5ms]
2025-11-21 08:20:47.142 [info] > git rev-parse --show-toplevel [7ms]
2025-11-21 08:20:47.146 [info] > git for-each-ref --sort -committerdate --format %(refname)%00%(objectname)%00%(*objectname) [6ms]
2025-11-21 08:20:47.151 [info] > git rev-parse --show-toplevel [5ms]
2025-11-21 08:20:47.156 [info] > git rev-parse --show-toplevel [1ms]
2025-11-21 08:20:47.204 [info] > git rev-parse --show-toplevel [43ms]
2025-11-21 08:20:47.275 [info] > git rev-parse --show-toplevel [17ms]
2025-11-21 08:20:47.287 [info] > git rev-parse --show-toplevel [2ms]
2025-11-21 08:20:47.293 [info] [Model][doInitialScan] Initial repository scan completed - repositories (1), closed repositories (0), parent repositories (0), unsafe repositories (0)
2025-11-21 08:20:47.303 [info] > git check-ignore -v -z --stdin [2ms]
2025-11-21 08:20:47.895 [info] > git fetch [1522ms]
2025-11-21 08:20:47.902 [info] > git config --get commit.template [3ms]
2025-11-21 08:20:47.903 [info] > git for-each-ref --format=%(refname)%00%(upstream:short)%00%(objectname)%00%(upstream:track)%00%(upstream:remotename)%00%(upstream:remoteref) refs/heads/main refs/remotes/main [1ms]
2025-11-21 08:20:47.911 [info] > git status -z -uall [5ms]
2025-11-21 08:20:47.911 [info] > git for-each-ref --sort -committerdate --format %(refname)%00%(objectname)%00%(*objectname) [1ms]
2025-11-21 08:21:00.721 [info] > git check-ignore -v -z --stdin [21ms]
2025-11-21 08:21:01.106 [info] > git show --textconv :README.md [21ms]
2025-11-21 08:21:01.106 [info] > git ls-files --stage -- README.md [17ms]
2025-11-21 08:21:01.133 [info] > git cat-file -s 02f73328b2f7ca1eb0be0a7314cbb91a8620c03b [24ms]
2025-11-21 08:21:02.047 [info] > git check-ignore -v -z --stdin [0ms]
2025-11-21 08:21:04.272 [info] > git blame --root --incremental ea4dba523066be9577359fcd26c2d0f5dfcab5a8 -- README.md [4ms]
2025-11-21 08:21:10.386 [info] > git config --get commit.template [3ms]
2025-11-21 08:21:10.386 [info] > git for-each-ref --format=%(refname)%00%(upstream:short)%00%(objectname)%00%(upstream:track)%00%(upstream:remotename)%00%(upstream:remoteref) refs/heads/main refs/remotes/main [1ms]
2025-11-21 08:21:10.391 [info] > git status -z -uall [2ms]
2025-11-21 08:21:10.392 [info] > git for-each-ref --sort -committerdate --format %(refname)%00%(objectname)%00%(*objectname) [1ms]
2025-11-21 08:21:14.204 [info] > git config --get commit.template [1ms]
2025-11-21 08:21:14.210 [info] > git for-each-ref --format=%(refname)%00%(upstream:short)%00%(objectname)%00%(upstream:track)%00%(upstream:remotename)%00%(upstream:remoteref) refs/heads/main refs/remotes/main [1ms]
2025-11-21 08:21:14.219 [info] > git status -z -uall [4ms]
2025-11-21 08:21:14.220 [info] > git for-each-ref --sort -committerdate --format %(refname)%00%(objectname)%00%(*objectname) [1ms]
2025-11-21 08:21:14.533 [info] > git show --textconv HEAD:README.md [4ms]
2025-11-21 08:21:14.533 [info] > git ls-tree -l HEAD -- README.md [1ms]
2025-11-21 08:21:15.343 [info] > git ls-files --stage -- README.md [3ms]
2025-11-21 08:21:15.346 [info] > git ls-tree -l HEAD -- README.md [3ms]
2025-11-21 08:21:15.346 [info] > git cat-file -s b32cb4e2a705377de46289cca5db8d962ee7d787 [0ms]
2025-11-21 08:21:15.353 [info] > git show --textconv HEAD:README.md [4ms]
2025-11-21 08:21:15.354 [info] > git show --textconv :README.md [1ms]
2025-11-21 08:21:15.401 [info] > git config --get commit.template [2ms]
2025-11-21 08:21:15.401 [info] > git for-each-ref --format=%(refname)%00%(upstream:short)%00%(objectname)%00%(upstream:track)%00%(upstream:remotename)%00%(upstream:remoteref) refs/heads/main refs/remotes/main [1ms]
2025-11-21 08:21:15.407 [info] > git status -z -uall [2ms]
2025-11-21 08:21:15.407 [info] > git for-each-ref --sort -committerdate --format %(refname)%00%(objectname)%00%(*objectname) [1ms]
2025-11-21 08:21:26.421 [info] > git config --get commit.template [6ms]
2025-11-21 08:21:26.421 [info] > git for-each-ref --format=%(refname)%00%(upstream:short)%00%(objectname)%00%(upstream:track)%00%(upstream:remotename)%00%(upstream:remoteref) refs/heads/main refs/remotes/main [1ms]
2025-11-21 08:21:26.428 [info] > git status -z -uall [3ms]
2025-11-21 08:21:26.429 [info] > git for-each-ref --sort -committerdate --format %(refname)%00%(objectname)%00%(*objectname) [1ms]
2025-11-21 08:21:26.439 [info] > git blame --root --incremental bc08a71d0ceb683944c40414eb03e24ff8983ebb -- README.md [4ms]
2025-11-21 08:21:26.440 [info] > git merge-base refs/heads/main refs/remotes/origin/main [2ms]
2025-11-21 08:21:26.444 [info] > git diff --name-status -z --diff-filter=ADMR ea4dba523066be9577359fcd26c2d0f5dfcab5a8...refs/remotes/origin/main [1ms]
2025-11-21 08:21:27.459 [info] > git config --get commit.template [3ms]
2025-11-21 08:21:27.460 [info] > git for-each-ref --format=%(refname)%00%(upstream:short)%00%(objectname)%00%(upstream:track)%00%(upstream:remotename)%00%(upstream:remoteref) refs/heads/main refs/remotes/main [1ms]
2025-11-21 08:21:27.465 [info] > git status -z -uall [3ms]
2025-11-21 08:21:27.466 [info] > git for-each-ref --sort -committerdate --format %(refname)%00%(objectname)%00%(*objectname) [1ms]
2025-11-21 08:21:27.558 [info] > git ls-files --stage -- README.md [1ms]
2025-11-21 08:21:27.561 [info] > git cat-file -s b32cb4e2a705377de46289cca5db8d962ee7d787 [1ms]
2025-11-21 08:21:27.565 [info] > git show --textconv :README.md [1ms]
2025-11-21 08:21:33.403 [info] > git config --get commit.template [2ms]
2025-11-21 08:21:33.407 [info] > git for-each-ref --format=%(refname)%00%(upstream:short)%00%(objectname)%00%(upstream:track)%00%(upstream:remotename)%00%(upstream:remoteref) refs/heads/main refs/remotes/main [1ms]
2025-11-21 08:21:33.416 [info] > git status -z -uall [5ms]
2025-11-21 08:21:33.416 [info] > git for-each-ref --sort -committerdate --format %(refname)%00%(objectname)%00%(*objectname) [1ms]
2025-11-21 08:21:33.423 [info] > git merge-base refs/heads/main refs/remotes/origin/main [2ms]
2025-11-21 08:21:33.428 [info] > git diff --name-status -z --diff-filter=ADMR bc08a71d0ceb683944c40414eb03e24ff8983ebb...refs/remotes/origin/main [1ms]
