2025-11-18 22:13:00.572 [info] Reading sessions from keychain...
2025-11-18 22:13:00.572 [info] Getting sessions for all scopes...
2025-11-18 22:13:00.572 [info] Got 0 sessions for ...
2025-11-18 22:13:00.572 [info] Getting sessions for all scopes...
2025-11-18 22:13:00.572 [info] Got 0 sessions for ...
2025-11-18 22:13:00.572 [info] Getting sessions for all scopes...
2025-11-18 22:13:00.572 [info] Got 0 sessions for ...
2025-11-18 22:13:00.574 [info] Getting sessions for read:user,repo,user:email,workflow...
2025-11-18 22:13:00.574 [info] Got 0 sessions for read:user,repo,user:email,workflow...
2025-11-18 22:13:00.954 [info] Getting sessions for all scopes...
2025-11-18 22:13:00.954 [info] Got 0 sessions for ...
2025-11-18 22:13:00.955 [info] Getting sessions for all scopes...
2025-11-18 22:13:00.955 [info] Got 0 sessions for ...
2025-11-18 22:13:00.955 [info] Getting sessions for all scopes...
2025-11-18 22:13:00.956 [info] Got 0 sessions for ...
2025-11-18 22:13:00.967 [info] Getting sessions for all scopes...
2025-11-18 22:13:00.967 [info] Got 0 sessions for ...
2025-11-18 22:13:06.139 [info] Reading sessions from keychain...
2025-11-18 22:13:06.139 [info] Getting sessions for all scopes...
2025-11-18 22:13:06.139 [info] Got 0 sessions for ...
2025-11-18 22:13:06.139 [info] Getting sessions for all scopes...
2025-11-18 22:13:06.139 [info] Got 0 sessions for ...
2025-11-18 22:13:06.139 [info] Getting sessions for all scopes...
2025-11-18 22:13:06.139 [info] Got 0 sessions for ...
2025-11-18 22:13:06.139 [info] Getting sessions for read:user,repo,user:email,workflow...
2025-11-18 22:13:06.139 [info] Got 0 sessions for read:user,repo,user:email,workflow...
2025-11-18 22:13:06.437 [info] Getting sessions for all scopes...
2025-11-18 22:13:06.437 [info] Got 0 sessions for ...
2025-11-18 22:13:06.650 [info] Getting sessions for all scopes...
2025-11-18 22:13:06.650 [info] Got 0 sessions for ...
2025-11-18 22:13:06.651 [info] Getting sessions for all scopes...
2025-11-18 22:13:06.651 [info] Got 0 sessions for ...
2025-11-18 22:13:06.658 [info] Getting sessions for all scopes...
2025-11-18 22:13:06.658 [info] Got 0 sessions for ...
2025-11-18 22:13:06.671 [info] Getting sessions for all scopes...
2025-11-18 22:13:06.671 [info] Got 0 sessions for ...
2025-11-18 22:13:16.969 [info] Getting sessions for all scopes...
2025-11-18 22:13:16.969 [info] Got 0 sessions for ...
2025-11-18 22:21:40.520 [info] Getting sessions for all scopes...
2025-11-18 22:21:40.520 [info] Got 0 sessions for ...
2025-11-18 22:23:35.832 [info] Getting sessions for all scopes...
2025-11-18 22:23:35.832 [info] Got 0 sessions for ...
