2025-11-21 08:20:43.748 [info] Using Cloud Code URL: https://daily-cloudcode-pa.sandbox.googleapis.com
2025-11-21 08:20:43.752 [info] [BrowserOnboardingClientMainService] Starting browser onboarding server
2025-11-21 08:20:43.756 [error] Error initializing AntigravityAuthMainService: No OAuth token available. User must be logged in.
2025-11-21 08:20:43.757 [info] [BrowserOnboardingClientServer] Browser onboarding server started on http://localhost:34387
2025-11-21 08:20:43.757 [info] [CascadeMonitoringServer] Monitoring server started on http://localhost:9101/antigravity
2025-11-21 08:20:43.804 [info] update#setState disabled
2025-11-21 08:20:43.804 [info] update#ctor - updates are disabled by user preference
2025-11-21 08:20:47.234 [error] Failed to fetch NUXes: HTTP error: 401
2025-11-21 08:20:48.238 [warning] Failed to validate trajectory summaries for window 1 [unknown] Failed to fetch
2025-11-21 08:20:49.927 [error] Failed to fetch NUXes: HTTP error: 401
2025-11-21 08:20:53.049 [error] Failed to fetch NUXes: HTTP error: 401
2025-11-21 08:20:54.433 [info] [AgentClientServer] Cascade initializing for worksapce file:///home/krishang/Work/Icarus-DevJams
2025-11-21 08:20:54.434 [info] [AgentClientServer] Starting server
2025-11-21 08:20:54.439 [info] [AgentClientServer] Read HTML file, length: 127
2025-11-21 08:20:54.440 [info] [AgentClientServer] Cascade server started on http://localhost:9092
2025-11-21 08:20:54.440 [info] [AgentClientServer] Cascade server started on port 9092
2025-11-21 08:20:56.281 [error] Failed to fetch NUXes: HTTP error: 401
2025-11-21 08:20:58.921 [error] Failed to fetch NUXes: HTTP error: 401
2025-11-21 08:21:02.145 [error] Failed to fetch NUXes: HTTP error: 401
2025-11-21 08:21:04.924 [error] Failed to fetch NUXes: HTTP error: 401
2025-11-21 08:21:08.203 [error] Failed to fetch NUXes: HTTP error: 401
2025-11-21 08:21:10.922 [error] Failed to fetch NUXes: HTTP error: 401
2025-11-21 08:21:14.009 [error] Failed to fetch NUXes: HTTP error: 401
2025-11-21 08:21:16.924 [error] Failed to fetch NUXes: HTTP error: 401
2025-11-21 08:21:19.922 [error] Failed to fetch NUXes: HTTP error: 401
2025-11-21 08:21:22.924 [error] Failed to fetch NUXes: HTTP error: 401
2025-11-21 08:21:25.927 [error] Failed to fetch NUXes: HTTP error: 401
2025-11-21 08:21:28.924 [error] Failed to fetch NUXes: HTTP error: 401
2025-11-21 08:21:31.931 [error] Failed to fetch NUXes: HTTP error: 401
2025-11-21 08:21:34.297 [info] Extension host with pid 188236 exited with code: 0, signal: unknown.
2025-11-21 08:21:35.297 [error] Extension host with pid 188236 still exists, forcefully killing it...
2025-11-21 16:57:45.549 [error] [File Watcher (universal)] restarting watcher after unexpected error: terminated by itself with code 0, signal: null (ETERM)
2025-11-21 16:57:45.583 [error] [UtilityProcess type: ptyHost, pid: 188265]: crashed with code 15 and reason 'killed'
