2025-11-18 22:10:57.714 [info] [main] Log level: Info
2025-11-18 22:10:57.714 [info] [main] Validating found git in: "git"
2025-11-18 22:10:57.714 [info] [main] Using git "2.51.2" from "git"
2025-11-18 22:10:57.714 [info] [Model][doInitialScan] Initial repository scan started
2025-11-18 22:10:57.714 [info] > git rev-parse --show-toplevel [325ms]
2025-11-18 22:10:57.714 [info] fatal: not a git repository (or any parent up to mount point /)
Stopping at filesystem boundary (GIT_DISCOVERY_ACROSS_FILESYSTEM not set).
2025-11-18 22:10:57.714 [info] [Model][doInitialScan] Initial repository scan completed - repositories (0), closed repositories (0), parent repositories (0), unsafe repositories (0)
2025-11-18 22:10:57.746 [info] > git rev-parse --show-toplevel [0ms]
2025-11-18 22:10:57.746 [info] fatal: not a git repository (or any parent up to mount point /)
Stopping at filesystem boundary (GIT_DISCOVERY_ACROSS_FILESYSTEM not set).
2025-11-18 22:10:58.039 [info] > git rev-parse --show-toplevel [1ms]
2025-11-18 22:10:58.039 [info] fatal: not a git repository (or any parent up to mount point /)
Stopping at filesystem boundary (GIT_DISCOVERY_ACROSS_FILESYSTEM not set).
2025-11-18 22:10:59.886 [info] > git rev-parse --show-toplevel [1ms]
2025-11-18 22:10:59.886 [info] fatal: not a git repository (or any parent up to mount point /)
Stopping at filesystem boundary (GIT_DISCOVERY_ACROSS_FILESYSTEM not set).
2025-11-18 22:11:01.798 [info] > git rev-parse --show-toplevel [2ms]
2025-11-18 22:11:01.798 [info] fatal: not a git repository (or any parent up to mount point /)
Stopping at filesystem boundary (GIT_DISCOVERY_ACROSS_FILESYSTEM not set).
2025-11-18 22:11:05.862 [info] > git rev-parse --show-toplevel [1ms]
2025-11-18 22:11:05.862 [info] fatal: not a git repository (or any parent up to mount point /)
Stopping at filesystem boundary (GIT_DISCOVERY_ACROSS_FILESYSTEM not set).
2025-11-18 22:11:07.886 [info] > git rev-parse --show-toplevel [1ms]
2025-11-18 22:11:07.886 [info] fatal: not a git repository (or any parent up to mount point /)
Stopping at filesystem boundary (GIT_DISCOVERY_ACROSS_FILESYSTEM not set).
2025-11-18 22:12:57.301 [info] > git rev-parse --show-toplevel [2ms]
2025-11-18 22:12:57.301 [info] fatal: not a git repository (or any parent up to mount point /)
Stopping at filesystem boundary (GIT_DISCOVERY_ACROSS_FILESYSTEM not set).
2025-11-18 22:21:39.876 [info] > git rev-parse --show-toplevel [1ms]
2025-11-18 22:21:39.876 [info] fatal: not a git repository (or any parent up to mount point /)
Stopping at filesystem boundary (GIT_DISCOVERY_ACROSS_FILESYSTEM not set).
