2025-11-18 22:20:40.973 [info] Getting Manifest... ms-python.python
2025-11-18 22:20:43.834 [info] Installing extension: ms-python.python {"isMachineScoped":false,"profileLocation":{"$mid":1,"external":"vscode-userdata:/home/krishang/.antigravity/extensions/extensions.json","path":"/home/krishang/.antigravity/extensions/extensions.json","scheme":"vscode-userdata"},"isApplicationScoped":false,"productVersion":{"version":"1.104.0","date":"2025-11-18T10:40:31.174Z"}}
2025-11-18 22:20:44.841 [error] Error while getting the latest version for the extension ms-python.vscode-python-envs. SyntaxError: Unexpected token '<', "<!DOCTYPE "... is not valid JSON:
<!DOCTYPE html>
<html lang="en">

<head>
    <title>Open VSX Registry</title>
    <meta charset="UTF-8">
    <meta name="viewport" content="width=device-width, initial-scale=1">
    <link rel="stylesheet" href="https://fonts.googleapis.com/css?family=Roboto:300,400,500,700&display=swap" />

    <!-- Google Tag Manager -->
    <script>(function(w,d,s,l,i){w[l]=w[l]||[];w[l].push({'gtm.start':
    new Date().getTime(),event:'gtm.js'});var f=d.getElementsByTagName(s)[0],
    j=d.createElement(s),dl=l!='dataLayer'?'&l='+l:'';j.async=true;j.src=
    'https://www.googletagmanager.com/gtm.js?id='+i+dl;f.parentNode.insertBefore(j,f);
    })(window,document,'script','dataLayer','GTM-5WLCZXC');</script>

    <!-- Eclipse Cookie Consent -->
    <link rel="stylesheet" type="text/css"
        href="//www.eclipse.org/eclipse.org-common/themes/solstice/public/stylesheets/vendor/cookieconsent/cookieconsent.min.css" />
    <script
        src="//www.eclipse.org/eclipse.org-common/themes/solstice/public/javascript/vendor/cookieconsent/default.min.js">
    </script>
    <style>
        a.cc-btn.cc-allow {
            background-color: #c160ef;
        }
        a.cc-btn.cc-allow:hover, a.cc-btn.cc-allow:focus {
            background-color: #444;
        }
        .cc-revoke {
            display: none !important;
        }
        @media (prefers-color-scheme: dark) {
          body {
            background-color: #121212;
          }
        }
    </style>
</head>

<body>
    <!-- Google Tag Manager (noscript) -->
    <noscript><iframe title="Google Tag Manager" src="https://www.googletagmanager.com/ns.html?id=GTM-5WLCZXC" height="0" width="0" style="display:none;visibility:hidden"></iframe></noscript>
    <!-- End Google Tag Manager (noscript) -->
    <div id="main"></div>
    <script src='/bundle.js' ></script>
</body>

</html>

2025-11-18 22:20:49.854 [error] Error while getting the latest version for the extension ms-python.vscode-pylance. SyntaxError: Unexpected token '<', "<!DOCTYPE "... is not valid JSON:
<!DOCTYPE html>
<html lang="en">

<head>
    <title>Open VSX Registry</title>
    <meta charset="UTF-8">
    <meta name="viewport" content="width=device-width, initial-scale=1">
    <link rel="stylesheet" href="https://fonts.googleapis.com/css?family=Roboto:300,400,500,700&display=swap" />

    <!-- Google Tag Manager -->
    <script>(function(w,d,s,l,i){w[l]=w[l]||[];w[l].push({'gtm.start':
    new Date().getTime(),event:'gtm.js'});var f=d.getElementsByTagName(s)[0],
    j=d.createElement(s),dl=l!='dataLayer'?'&l='+l:'';j.async=true;j.src=
    'https://www.googletagmanager.com/gtm.js?id='+i+dl;f.parentNode.insertBefore(j,f);
    })(window,document,'script','dataLayer','GTM-5WLCZXC');</script>

    <!-- Eclipse Cookie Consent -->
    <link rel="stylesheet" type="text/css"
        href="//www.eclipse.org/eclipse.org-common/themes/solstice/public/stylesheets/vendor/cookieconsent/cookieconsent.min.css" />
    <script
        src="//www.eclipse.org/eclipse.org-common/themes/solstice/public/javascript/vendor/cookieconsent/default.min.js">
    </script>
    <style>
        a.cc-btn.cc-allow {
            background-color: #c160ef;
        }
        a.cc-btn.cc-allow:hover, a.cc-btn.cc-allow:focus {
            background-color: #444;
        }
        .cc-revoke {
            display: none !important;
        }
        @media (prefers-color-scheme: dark) {
          body {
            background-color: #121212;
          }
        }
    </style>
</head>

<body>
    <!-- Google Tag Manager (noscript) -->
    <noscript><iframe title="Google Tag Manager" src="https://www.googletagmanager.com/ns.html?id=GTM-5WLCZXC" height="0" width="0" style="display:none;visibility:hidden"></iframe></noscript>
    <!-- End Google Tag Manager (noscript) -->
    <div id="main"></div>
    <script src='/bundle.js' ></script>
</body>

</html>

2025-11-18 22:20:49.856 [error] Error while getting the latest version for the extension ms-python.debugpy. SyntaxError: Unexpected token '<', "<!DOCTYPE "... is not valid JSON:
<!DOCTYPE html>
<html lang="en">

<head>
    <title>Open VSX Registry</title>
    <meta charset="UTF-8">
    <meta name="viewport" content="width=device-width, initial-scale=1">
    <link rel="stylesheet" href="https://fonts.googleapis.com/css?family=Roboto:300,400,500,700&display=swap" />

    <!-- Google Tag Manager -->
    <script>(function(w,d,s,l,i){w[l]=w[l]||[];w[l].push({'gtm.start':
    new Date().getTime(),event:'gtm.js'});var f=d.getElementsByTagName(s)[0],
    j=d.createElement(s),dl=l!='dataLayer'?'&l='+l:'';j.async=true;j.src=
    'https://www.googletagmanager.com/gtm.js?id='+i+dl;f.parentNode.insertBefore(j,f);
    })(window,document,'script','dataLayer','GTM-5WLCZXC');</script>

    <!-- Eclipse Cookie Consent -->
    <link rel="stylesheet" type="text/css"
        href="//www.eclipse.org/eclipse.org-common/themes/solstice/public/stylesheets/vendor/cookieconsent/cookieconsent.min.css" />
    <script
        src="//www.eclipse.org/eclipse.org-common/themes/solstice/public/javascript/vendor/cookieconsent/default.min.js">
    </script>
    <style>
        a.cc-btn.cc-allow {
            background-color: #c160ef;
        }
        a.cc-btn.cc-allow:hover, a.cc-btn.cc-allow:focus {
            background-color: #444;
        }
        .cc-revoke {
            display: none !important;
        }
        @media (prefers-color-scheme: dark) {
          body {
            background-color: #121212;
          }
        }
    </style>
</head>

<body>
    <!-- Google Tag Manager (noscript) -->
    <noscript><iframe title="Google Tag Manager" src="https://www.googletagmanager.com/ns.html?id=GTM-5WLCZXC" height="0" width="0" style="display:none;visibility:hidden"></iframe></noscript>
    <!-- End Google Tag Manager (noscript) -->
    <div id="main"></div>
    <script src='/bundle.js' ></script>
</body>

</html>

2025-11-18 22:20:50.317 [info] Getting Manifest... ms-python.vscode-python-envs
2025-11-18 22:20:51.118 [info] Getting Manifest... ms-python.debugpy
2025-11-18 22:20:51.926 [info] Installing extension: ms-python.vscode-python-envs {"isMachineScoped":false,"profileLocation":{"$mid":1,"external":"vscode-userdata:/home/krishang/.antigravity/extensions/extensions.json","path":"/home/krishang/.antigravity/extensions/extensions.json","scheme":"vscode-userdata"},"isApplicationScoped":false,"productVersion":{"version":"1.104.0","date":"2025-11-18T10:40:31.174Z"},"pinned":false,"installGivenVersion":false,"context":{"dependecyOrPackExtensionInstall":true}}
2025-11-18 22:20:51.926 [info] Installing extension: ms-python.debugpy {"isMachineScoped":false,"profileLocation":{"$mid":1,"external":"vscode-userdata:/home/krishang/.antigravity/extensions/extensions.json","path":"/home/krishang/.antigravity/extensions/extensions.json","scheme":"vscode-userdata"},"isApplicationScoped":false,"productVersion":{"version":"1.104.0","date":"2025-11-18T10:40:31.174Z"},"pinned":false,"installGivenVersion":false,"context":{"dependecyOrPackExtensionInstall":true}}
2025-11-18 22:20:58.392 [info] Extracted extension to file:///home/krishang/.antigravity/extensions/ms-python.vscode-python-envs-1.10.0-universal: ms-python.vscode-python-envs
2025-11-18 22:20:58.396 [info] Renamed to /home/krishang/.antigravity/extensions/ms-python.vscode-python-envs-1.10.0-universal
2025-11-18 22:21:15.109 [info] Extracted extension to file:///home/krishang/.antigravity/extensions/ms-python.debugpy-2025.14.1-linux-x64: ms-python.debugpy
2025-11-18 22:21:15.127 [info] Renamed to /home/krishang/.antigravity/extensions/ms-python.debugpy-2025.14.1-linux-x64
2025-11-18 22:21:39.713 [info] Extracted extension to file:///home/krishang/.antigravity/extensions/ms-python.python-2025.16.0-universal: ms-python.python
2025-11-18 22:21:39.780 [info] Renamed to /home/krishang/.antigravity/extensions/ms-python.python-2025.16.0-universal
2025-11-18 22:21:39.794 [info] Extension installed successfully: ms-python.vscode-python-envs vscode-userdata:/home/krishang/.antigravity/extensions/extensions.json
2025-11-18 22:21:39.794 [info] Extension installed successfully: ms-python.debugpy vscode-userdata:/home/krishang/.antigravity/extensions/extensions.json
2025-11-18 22:21:39.794 [info] Extension installed successfully: ms-python.python vscode-userdata:/home/krishang/.antigravity/extensions/extensions.json
2025-11-18 22:21:39.794 [error] [uncaught exception in sharedProcess]: Cannot read properties of undefined (reading 'fireEvent'): TypeError: Cannot read properties of undefined (reading 'fireEvent')
    at ea.value (file:///home/krishang/.local/share/antigravity/resources/app/out/vs/code/electron-utility/sharedProcess/sharedProcessMain.js:74:62540)
    at D.C (file:///home/krishang/.local/share/antigravity/resources/app/out/vs/code/electron-utility/sharedProcess/sharedProcessMain.js:28:2373)
    at D (file:///home/krishang/.local/share/antigravity/resources/app/out/vs/code/electron-utility/sharedProcess/sharedProcessMain.js:28:2443)
    at D.fire (file:///home/krishang/.local/share/antigravity/resources/app/out/vs/code/electron-utility/sharedProcess/sharedProcessMain.js:28:2660)
    at Nu.L (file:///home/krishang/.local/share/antigravity/resources/app/out/vs/code/electron-utility/sharedProcess/sharedProcessMain.js:74:10718)
    at async Nu.installGalleryExtensions (file:///home/krishang/.local/share/antigravity/resources/app/out/vs/code/electron-utility/sharedProcess/sharedProcessMain.js:74:2499)
