2025-11-21 11:56:58.256 [info] Extension host with pid 203744 started
2025-11-21 11:56:58.256 [info] Skipping acquiring lock for /home/krishang/.config/Antigravity/User/workspaceStorage/d8f75eab484e20895d9b4f711be71cab.
2025-11-21 11:56:58.745 [info] ExtensionService#_doActivateExtension vscode.emmet, startup: false, activationEvent: 'onLanguage'
2025-11-21 11:56:58.768 [info] ExtensionService#_doActivateExtension vscode.extension-editing, startup: false, activationEvent: 'onLanguage:markdown'
2025-11-21 11:56:58.780 [info] ExtensionService#_doActivateExtension vscode.markdown-language-features, startup: false, activationEvent: 'onLanguage:markdown'
2025-11-21 11:56:58.894 [info] ExtensionService#_doActivateExtension vscode.terminal-suggest, startup: false, activationEvent: 'onTerminalShellIntegration:*'
2025-11-21 11:56:59.347 [info] ExtensionService#_doActivateExtension vscode.git-base, startup: true, activationEvent: '*', root cause: google.antigravity
2025-11-21 11:56:59.465 [info] ExtensionService#_doActivateExtension vscode.markdown-math, startup: false, activationEvent: 'api', root cause: vscode.markdown-language-features
2025-11-21 11:56:59.478 [info] ExtensionService#_doActivateExtension vscode.git, startup: true, activationEvent: '*', root cause: google.antigravity
2025-11-21 11:56:59.552 [info] ExtensionService#_doActivateExtension vscode.github, startup: true, activationEvent: '*'
2025-11-21 11:56:59.761 [info] ExtensionService#_doActivateExtension google.antigravity, startup: true, activationEvent: '*'
2025-11-21 11:57:00.808 [info] ExtensionService#_doActivateExtension vscode.github-authentication, startup: false, activationEvent: 'onAuthenticationRequest:github'
2025-11-21 11:57:05.344 [info] Eager extensions activated
2025-11-21 11:57:05.355 [info] ExtensionService#_doActivateExtension google.antigravity-browser-launcher, startup: false, activationEvent: 'onStartupFinished'
2025-11-21 11:57:05.367 [info] ExtensionService#_doActivateExtension Google LLC.antigravity-dev-containers, startup: false, activationEvent: 'onStartupFinished'
2025-11-21 11:57:05.373 [info] ExtensionService#_doActivateExtension vscode.debug-auto-launch, startup: false, activationEvent: 'onStartupFinished'
2025-11-21 11:57:05.376 [info] ExtensionService#_doActivateExtension vscode.merge-conflict, startup: false, activationEvent: 'onStartupFinished'
2025-11-21 11:57:05.447 [info] ExtensionService#_doActivateExtension ms-python.python, startup: false, activationEvent: 'onLanguage:python', root cause: ms-python.debugpy
2025-11-21 11:57:05.689 [info] ExtensionService#_doActivateExtension ms-python.vscode-python-envs, startup: false, activationEvent: 'onLanguage:python'
2025-11-21 11:57:06.261 [info] ExtensionService#_doActivateExtension ms-python.debugpy, startup: false, activationEvent: 'onLanguage:python'
2025-11-21 11:57:53.814 [info] Extension host terminating: renderer closed the MessagePort
2025-11-21 11:57:53.836 [error] TypeError: Cannot read properties of undefined (reading 'subscriptions')
	at Object.X [as deactivate] (/home/krishang/.antigravity/extensions/ms-python.vscode-python-envs-1.10.0-universal/dist/extension.js:2:668378)
	at Rue.eb (file:///home/krishang/.local/share/antigravity/resources/app/out/vs/workbench/api/node/extensionHostProcess.js:118:13070)
	at file:///home/krishang/.local/share/antigravity/resources/app/out/vs/workbench/api/node/extensionHostProcess.js:118:11219
	at Array.map (<anonymous>)
	at Rue.$ (file:///home/krishang/.local/share/antigravity/resources/app/out/vs/workbench/api/node/extensionHostProcess.js:118:11207)
	at Rue.terminate (file:///home/krishang/.local/share/antigravity/resources/app/out/vs/workbench/api/node/extensionHostProcess.js:118:11450)
	at xB.terminate (file:///home/krishang/.local/share/antigravity/resources/app/out/vs/workbench/api/node/extensionHostProcess.js:120:915)
	at Fr (file:///home/krishang/.local/share/antigravity/resources/app/out/vs/workbench/api/node/extensionHostProcess.js:393:13864)
	at MessagePortMain.<anonymous> (file:///home/krishang/.local/share/antigravity/resources/app/out/vs/workbench/api/node/extensionHostProcess.js:393:10133)
	at MessagePortMain.emit (node:events:518:28)
	at MessagePortMain.emit (node:domain:489:12)
	at MessagePortMain._internalPort.emit (node:electron/js2c/utility_init:2:2949)
2025-11-21 11:57:53.843 [info] Extension host with pid 203744 exiting with code 0
