ERROR 2025-10-30T22:44:13.657+00:00 ThreadId(14) [1P:op-settings/src/store/json_store.rs:82] Os { code: 2, kind: NotFound, message: "No such file or directory" }
INFO  2025-10-30T22:44:13.658+00:00 ThreadId(14) [1P:op-settings/src/store/json_store.rs:118] Settings file "/home/<redacted-username>/.config/1Password/settings/settings.json" missing, using defaults.
INFO  2025-10-30T22:44:13.670+00:00 ThreadId(14) [client:typescript] Client starting.
ERROR 2025-10-30T22:44:14.007+00:00 ThreadId(14) [1P:op-crash-reporting/src/crash_report.rs:156] Failed to load crash reports from disk: Os { code: 2, kind: NotFound, message: "No such file or directory" }
INFO  2025-10-30T22:44:14.022+00:00 ThreadId(14) [1P:op-localization/src/lib.rs:239] system locale detected as 'en-US'
INFO  2025-10-30T22:44:14.022+00:00 ThreadId(14) [1P:op-localization/src/lib.rs:265] selected translations for EN_US based on detected locale en-US
INFO  2025-10-30T22:44:14.022+00:00 ThreadId(14) [status:app/op-app/src/app.rs:1030] App::new(1Password for Linux/81116030 (EN_US), /home/<redacted-username>/.config/1Password)
INFO  2025-10-30T22:44:14.031+00:00 ThreadId(14) [1P:data/op-db/src/common/mod.rs:186] Core DB Integrity Check Succeeded
INFO  2025-10-30T22:44:14.031+00:00 ThreadId(14) [1P:data/op-db/src/core_db/db.rs:145] Starting Core DB at version: 0
INFO  2025-10-30T22:44:14.031+00:00 ThreadId(14) [1P:data/op-db/src/core_db/db.rs:163] Database is being created at '/home/<redacted-username>/.config/1Password/1password.sqlite' (sqlite: 3050002)
INFO  2025-10-30T22:44:14.038+00:00 ThreadId(14) [1P:data/op-db/src/core_db/db.rs:564] Updated DB Schema to version 001
INFO  2025-10-30T22:44:14.041+00:00 ThreadId(14) [1P:data/op-db/src/core_db/db.rs:588] Updated DB Schema to version 002
INFO  2025-10-30T22:44:14.046+00:00 ThreadId(14) [1P:data/op-db/src/core_db/db.rs:600] Updated DB Schema to version 003
INFO  2025-10-30T22:44:14.048+00:00 ThreadId(14) [1P:data/op-db/src/core_db/db.rs:616] Updated DB Schema to version 005
INFO  2025-10-30T22:44:14.050+00:00 ThreadId(14) [1P:data/op-db/src/core_db/db.rs:632] Updated DB Schema to version 006
INFO  2025-10-30T22:44:14.052+00:00 ThreadId(14) [1P:data/op-db/src/core_db/db.rs:646] Updated DB Schema to version 007
INFO  2025-10-30T22:44:14.053+00:00 ThreadId(14) [1P:data/op-db/src/core_db/db.rs:660] Updated DB Schema to version 008
INFO  2025-10-30T22:44:14.055+00:00 ThreadId(14) [1P:data/op-db/src/core_db/db.rs:674] Updated DB Schema to version 009
INFO  2025-10-30T22:44:14.057+00:00 ThreadId(14) [1P:data/op-db/src/core_db/db.rs:688] Updated DB Schema to version 011
INFO  2025-10-30T22:44:14.057+00:00 ThreadId(14) [1P:data/op-db/src/core_db/db.rs:703] Updated DB Schema to version 012
INFO  2025-10-30T22:44:14.059+00:00 ThreadId(14) [1P:data/op-db/src/core_db/db.rs:717] Updated DB Schema to version 013
INFO  2025-10-30T22:44:14.060+00:00 ThreadId(14) [1P:data/op-db/src/core_db/db.rs:731] Updated DB Schema to version 014
INFO  2025-10-30T22:44:14.062+00:00 ThreadId(14) [1P:data/op-db/src/core_db/db.rs:745] Updated DB Schema to version 015
INFO  2025-10-30T22:44:14.067+00:00 ThreadId(14) [1P:data/op-db/src/core_db/db.rs:759] Updated DB Schema to version 016
INFO  2025-10-30T22:44:14.071+00:00 ThreadId(14) [1P:data/op-db/src/core_db/db.rs:773] Updated DB Schema to version 017
INFO  2025-10-30T22:44:14.076+00:00 ThreadId(14) [1P:data/op-db/src/core_db/db.rs:787] Updated DB Schema to version 018
INFO  2025-10-30T22:44:14.077+00:00 ThreadId(14) [1P:data/op-db/src/core_db/db.rs:801] Updated DB Schema to version 019
INFO  2025-10-30T22:44:14.081+00:00 ThreadId(14) [1P:data/op-db/src/core_db/db.rs:918] Updated DB Schema to version 021
INFO  2025-10-30T22:44:14.083+00:00 ThreadId(14) [1P:data/op-db/src/core_db/db.rs:932] Updated DB Schema to version 022
INFO  2025-10-30T22:44:14.088+00:00 ThreadId(14) [1P:data/op-db/src/core_db/db.rs:946] Updated DB Schema to version 023
INFO  2025-10-30T22:44:14.090+00:00 ThreadId(14) [1P:data/op-db/src/core_db/db.rs:960] Updated DB Schema to version 024
INFO  2025-10-30T22:44:14.095+00:00 ThreadId(14) [1P:data/op-db/src/core_db/db.rs:974] Updated DB Schema to version 025
INFO  2025-10-30T22:44:14.096+00:00 ThreadId(14) [1P:data/op-db/src/core_db/db.rs:1090] Updated DB Schema to version 026
INFO  2025-10-30T22:44:14.098+00:00 ThreadId(14) [1P:data/op-db/src/core_db/db.rs:1104] Updated DB Schema to version 027
INFO  2025-10-30T22:44:14.103+00:00 ThreadId(14) [1P:data/op-db/src/core_db/db.rs:1118] Updated DB Schema to version 028
INFO  2025-10-30T22:44:14.105+00:00 ThreadId(14) [1P:data/op-db/src/core_db/db.rs:1132] Updated DB Schema to version 029
INFO  2025-10-30T22:44:14.106+00:00 ThreadId(14) [1P:data/op-db/src/core_db/db.rs:1146] Updated DB Schema to version 030
INFO  2025-10-30T22:44:14.108+00:00 ThreadId(14) [1P:data/op-db/src/core_db/db.rs:1159] Updated DB Schema to version 031
INFO  2025-10-30T22:44:14.110+00:00 ThreadId(14) [1P:data/op-db/src/core_db/db.rs:1172] Updated DB Schema to version 032
INFO  2025-10-30T22:44:14.114+00:00 ThreadId(14) [1P:data/op-db/src/core_db/db.rs:1185] Updated DB Schema to version 033
INFO  2025-10-30T22:44:14.119+00:00 ThreadId(14) [1P:data/op-db/src/core_db/db.rs:1198] Updated DB Schema to version 034
INFO  2025-10-30T22:44:14.121+00:00 ThreadId(14) [1P:data/op-db/src/core_db/db.rs:1211] Updated DB Schema to version 035
INFO  2025-10-30T22:44:14.123+00:00 ThreadId(14) [1P:data/op-db/src/core_db/db.rs:1224] Updated DB Schema to version 036
INFO  2025-10-30T22:44:14.125+00:00 ThreadId(14) [1P:data/op-db/src/core_db/db.rs:1237] Updated DB Schema to version 037
INFO  2025-10-30T22:44:14.126+00:00 ThreadId(14) [1P:data/op-db/src/core_db/db.rs:1250] Updated DB Schema to version 038
INFO  2025-10-30T22:44:14.129+00:00 ThreadId(14) [1P:data/op-db/src/core_db/db.rs:1262] Updated DB Schema to version 039
INFO  2025-10-30T22:44:14.130+00:00 ThreadId(14) [1P:data/op-db/src/core_db/db.rs:1275] Updated DB Schema to version 040
INFO  2025-10-30T22:44:14.132+00:00 ThreadId(14) [1P:data/op-db/src/core_db/db.rs:1288] Updated DB Schema to version 041
INFO  2025-10-30T22:44:14.134+00:00 ThreadId(14) [1P:data/op-db/src/core_db/db.rs:1301] Updated DB Schema to version 042
INFO  2025-10-30T22:44:14.136+00:00 ThreadId(14) [1P:data/op-db/src/core_db/db.rs:1314] Updated DB Schema to version 043
INFO  2025-10-30T22:44:14.138+00:00 ThreadId(14) [1P:data/op-db/src/core_db/db.rs:1330] Updated DB Schema to version 044
INFO  2025-10-30T22:44:14.140+00:00 ThreadId(14) [1P:data/op-db/src/core_db/db.rs:1343] Updated DB Schema to version 045
INFO  2025-10-30T22:44:14.142+00:00 ThreadId(14) [1P:data/op-db/src/core_db/db.rs:1356] Updated DB Schema to version 046
INFO  2025-10-30T22:44:14.143+00:00 ThreadId(14) [1P:data/op-db/src/common/mod.rs:155] Core DB Table Integrity Check Succeeded
INFO  2025-10-30T22:44:14.150+00:00 ThreadId(14) [1P:data/op-db/src/common/mod.rs:186] Resources DB Integrity Check Succeeded
INFO  2025-10-30T22:44:14.151+00:00 ThreadId(14) [1P:data/op-db/src/common/mod.rs:155] Resources DB Table Integrity Check Succeeded
INFO  2025-10-30T22:44:14.151+00:00 ThreadId(14) [1P:data/op-db/src/resources_db/db.rs:110] Starting Resources DB at version: 0
INFO  2025-10-30T22:44:14.151+00:00 ThreadId(14) [1P:data/op-db/src/resources_db/db.rs:122] Resources Database is being created at '/home/<redacted-username>/.config/1Password/1password_resources.sqlite' (sqlite: 3050002)
INFO  2025-10-30T22:44:14.156+00:00 ThreadId(14) [1P:data/op-db/src/resources_db/db.rs:220] Updated DB Schema to version 001
ERROR 2025-10-30T22:44:14.183+00:00 ThreadId(14) [1P:/mnt/ephemeral/builds/dev/core/core/ssh/op-ssh-config/src/lib.rs:251] Failed to start ssh config file watcher: Io(Os { code: 2, kind: NotFound, message: "No such file or directory" })
ERROR 2025-10-30T22:44:14.200+00:00 runtime-worker(ThreadId(1)) [1P:foundation/op-network-monitor/src/linux.rs:195] Failed to retrieve initial metering setting: MeteringQuery
INFO  2025-10-30T22:44:14.209+00:00 ThreadId(14) [1P:native-messaging/op-nm-installer/src/nix_utils.rs:48] Creating manifest directory for Chromium at /home/<redacted-username>/.config/google-chrome/NativeMessagingHosts
INFO  2025-10-30T22:44:14.209+00:00 ThreadId(14) [1P:native-messaging/op-nm-installer/src/nix_utils.rs:68] Created NMH manifest at /home/<redacted-username>/.config/google-chrome/NativeMessagingHosts/com.1password.1password.json
INFO  2025-10-30T22:44:14.209+00:00 ThreadId(14) [1P:native-messaging/op-nm-installer/src/nix_utils.rs:48] Creating manifest directory for Chromium at /home/<redacted-username>/.config/google-chrome-beta/NativeMessagingHosts
INFO  2025-10-30T22:44:14.209+00:00 ThreadId(14) [1P:native-messaging/op-nm-installer/src/nix_utils.rs:68] Created NMH manifest at /home/<redacted-username>/.config/google-chrome-beta/NativeMessagingHosts/com.1password.1password.json
INFO  2025-10-30T22:44:14.209+00:00 ThreadId(14) [1P:native-messaging/op-nm-installer/src/nix_utils.rs:48] Creating manifest directory for Chromium at /home/<redacted-username>/.config/google-chrome-unstable/NativeMessagingHosts
INFO  2025-10-30T22:44:14.209+00:00 ThreadId(14) [1P:native-messaging/op-nm-installer/src/nix_utils.rs:68] Created NMH manifest at /home/<redacted-username>/.config/google-chrome-unstable/NativeMessagingHosts/com.1password.1password.json
INFO  2025-10-30T22:44:14.210+00:00 ThreadId(14) [1P:native-messaging/op-nm-installer/src/nix_utils.rs:68] Created NMH manifest at /home/<redacted-username>/.config/chromium/NativeMessagingHosts/com.1password.1password.json
INFO  2025-10-30T22:44:14.210+00:00 ThreadId(14) [1P:native-messaging/op-nm-installer/src/nix_utils.rs:48] Creating manifest directory for Chromium at /home/<redacted-username>/.config/microsoft-edge-dev/NativeMessagingHosts
INFO  2025-10-30T22:44:14.210+00:00 ThreadId(14) [1P:native-messaging/op-nm-installer/src/nix_utils.rs:68] Created NMH manifest at /home/<redacted-username>/.config/microsoft-edge-dev/NativeMessagingHosts/com.1password.1password.json
INFO  2025-10-30T22:44:14.210+00:00 ThreadId(14) [1P:native-messaging/op-nm-installer/src/nix_utils.rs:68] Created NMH manifest at /home/<redacted-username>/.config/BraveSoftware/Brave-Browser/NativeMessagingHosts/com.1password.1password.json
INFO  2025-10-30T22:44:14.210+00:00 ThreadId(14) [1P:native-messaging/op-nm-installer/src/nix_utils.rs:48] Creating manifest directory for Chromium at /home/<redacted-username>/.config/vivaldi/NativeMessagingHosts
INFO  2025-10-30T22:44:14.210+00:00 ThreadId(14) [1P:native-messaging/op-nm-installer/src/nix_utils.rs:68] Created NMH manifest at /home/<redacted-username>/.config/vivaldi/NativeMessagingHosts/com.1password.1password.json
INFO  2025-10-30T22:44:14.210+00:00 ThreadId(14) [1P:native-messaging/op-nm-installer/src/nix_utils.rs:48] Creating manifest directory for Chromium at /home/<redacted-username>/.config/vivaldi-snapshot/NativeMessagingHosts
INFO  2025-10-30T22:44:14.210+00:00 ThreadId(14) [1P:native-messaging/op-nm-installer/src/nix_utils.rs:68] Created NMH manifest at /home/<redacted-username>/.config/vivaldi-snapshot/NativeMessagingHosts/com.1password.1password.json
INFO  2025-10-30T22:44:14.211+00:00 ThreadId(14) [1P:native-messaging/op-nm-installer/src/nix_utils.rs:48] Creating manifest directory for Firefox at /home/<redacted-username>/.mozilla/native-messaging-hosts
INFO  2025-10-30T22:44:14.211+00:00 ThreadId(14) [1P:native-messaging/op-nm-installer/src/nix_utils.rs:68] Created NMH manifest at /home/<redacted-username>/.mozilla/native-messaging-hosts/com.1password.1password.json
INFO  2025-10-30T22:44:14.211+00:00 ThreadId(14) [1P:native-messaging/op-nm-installer/src/nix_utils.rs:83] Successfully installed all native messaging manifests.
INFO  2025-10-30T22:44:14.212+00:00 ThreadId(14) [1P:app/op-app/src/app.rs:1688] initializing Developer Environment mount handler
INFO  2025-10-30T22:44:14.213+00:00 runtime-worker(ThreadId(1)) [1P:app/op-app-common/src/unlocked_session_keepalive.rs:70] Starting unlocked session keepalive
INFO  2025-10-30T22:44:14.213+00:00 runtime-worker(ThreadId(8)) [1P:op-global-shortcuts/src/node.rs:38] Global shortcut registration is not available on this system.
INFO  2025-10-30T22:44:14.213+00:00 runtime-worker(ThreadId(10)) [1P:op-global-shortcuts/src/node.rs:38] Global shortcut registration is not available on this system.
INFO  2025-10-30T22:44:14.215+00:00 runtime-worker(ThreadId(11)) [1P:native-messaging/op-nm-installer/src/nix_utils.rs:68] Created NMH manifest at /home/<redacted-username>/.config/google-chrome/NativeMessagingHosts/com.1password.1password.json
INFO  2025-10-30T22:44:14.215+00:00 runtime-worker(ThreadId(11)) [1P:native-messaging/op-nm-installer/src/nix_utils.rs:68] Created NMH manifest at /home/<redacted-username>/.config/google-chrome-beta/NativeMessagingHosts/com.1password.1password.json
INFO  2025-10-30T22:44:14.215+00:00 runtime-worker(ThreadId(11)) [1P:native-messaging/op-nm-installer/src/nix_utils.rs:68] Created NMH manifest at /home/<redacted-username>/.config/google-chrome-unstable/NativeMessagingHosts/com.1password.1password.json
INFO  2025-10-30T22:44:14.215+00:00 runtime-worker(ThreadId(11)) [1P:native-messaging/op-nm-installer/src/nix_utils.rs:68] Created NMH manifest at /home/<redacted-username>/.config/chromium/NativeMessagingHosts/com.1password.1password.json
INFO  2025-10-30T22:44:14.216+00:00 runtime-worker(ThreadId(11)) [1P:native-messaging/op-nm-installer/src/nix_utils.rs:68] Created NMH manifest at /home/<redacted-username>/.config/microsoft-edge-dev/NativeMessagingHosts/com.1password.1password.json
INFO  2025-10-30T22:44:14.216+00:00 runtime-worker(ThreadId(11)) [1P:native-messaging/op-nm-installer/src/nix_utils.rs:68] Created NMH manifest at /home/<redacted-username>/.config/BraveSoftware/Brave-Browser/NativeMessagingHosts/com.1password.1password.json
INFO  2025-10-30T22:44:14.216+00:00 runtime-worker(ThreadId(11)) [1P:native-messaging/op-nm-installer/src/nix_utils.rs:68] Created NMH manifest at /home/<redacted-username>/.config/vivaldi/NativeMessagingHosts/com.1password.1password.json
INFO  2025-10-30T22:44:14.216+00:00 runtime-worker(ThreadId(11)) [1P:native-messaging/op-nm-installer/src/nix_utils.rs:68] Created NMH manifest at /home/<redacted-username>/.config/vivaldi-snapshot/NativeMessagingHosts/com.1password.1password.json
INFO  2025-10-30T22:44:14.217+00:00 runtime-worker(ThreadId(11)) [1P:native-messaging/op-nm-installer/src/nix_utils.rs:68] Created NMH manifest at /home/<redacted-username>/.mozilla/native-messaging-hosts/com.1password.1password.json
INFO  2025-10-30T22:44:14.217+00:00 runtime-worker(ThreadId(11)) [1P:native-messaging/op-nm-installer/src/nix_utils.rs:83] Successfully installed all native messaging manifests.
ERROR 2025-10-30T22:44:14.217+00:00 runtime-worker(ThreadId(10)) [1P:native-messaging/op-native-core-integration/src/lib.rs:618] Listener on SETTING_STATUS has been dropped, unable to communicate changes made to browser SLS setting
INFO  2025-10-30T22:44:14.217+00:00 runtime-worker(ThreadId(11)) [1P:native-messaging/op-native-core-integration/src/lib.rs:428] Starting IPC listener on 1Password-BrowserSupport
ERROR 2025-10-30T22:44:14.218+00:00 ThreadId(14) [1P:ffi/op-core-node/src/lib.rs:558] Io(Os { code: 2, kind: NotFound, message: "No such file or directory" })
INFO  2025-10-30T22:44:14.218+00:00 runtime-worker(ThreadId(10)) [1P:native-messaging/op-native-core-integration/src/lib.rs:440] Active native core integration is awaiting messages
INFO  2025-10-30T22:44:14.223+00:00 runtime-worker(ThreadId(10)) [1P:ssh/op-agent-controller/src/lib.rs:573] Starting filesystem watcher for SSH agent configuration directories...
ERROR 2025-10-30T22:44:14.223+00:00 runtime-worker(ThreadId(10)) [1P:/mnt/ephemeral/builds/dev/core/core/ssh/op-agent-controller/src/lib.rs:574] Io(Os { code: 2, kind: NotFound, message: "No such file or directory" })
ERROR 2025-10-30T22:44:14.388+00:00 ThreadId(14) [client:typescript] Could not load window state.
INFO  2025-10-30T22:44:15.555+00:00 1p-enable-crash-reporter(ThreadId(17)) [1P:op-crash-reporting/src/crash_handler.rs:276] Started crash handler thread
INFO  2025-10-30T22:44:19.820+00:00 runtime-worker(ThreadId(8)) [1P:app/op-app/src/app/backend/frontend.rs:22] Front end event: window closed
ERROR 2025-10-31T00:05:16.850+00:00 ThreadId(14) [1P:op-crash-reporting/src/crash_handler.rs:257] Failed to prepare for requesting dump
