2025-11-18 22:21:41.528 [warning] Dir "/home/krishang/Work/Icarus-DevJams/.pixi/envs" is not watchable (directory does not exist)
2025-11-18 22:21:41.577 [info] Starting Environment refresh
2025-11-18 22:21:41.577 [info] Searching for interpreters in posix paths locator
2025-11-18 22:21:41.586 [info] Searching for pyenv environments
2025-11-18 22:21:41.586 [info] Searching for conda environments
2025-11-18 22:21:41.586 [info] Searching for global virtual environments
2025-11-18 22:21:41.586 [info] Searching for custom virtual environments
2025-11-18 22:21:41.586 [info] Skipping ActivatedEnv Detection:  process.env.VSCODE_CLI !== '1'
2025-11-18 22:21:41.588 [info] Skipping ActivatedEnv Detection:  process.env.VSCODE_CLI !== '1'
2025-11-18 22:21:41.590 [info] pyenv is not installed
2025-11-18 22:21:41.590 [info] Finished searching for pyenv environments: 12 milliseconds
2025-11-18 22:21:41.590 [info] Finished searching for custom virtual envs: 10 milliseconds
2025-11-18 22:21:41.594 [info] Finished searching for global virtual envs: 14 milliseconds
2025-11-18 22:21:41.666 [info] Found: /bin/python --> /bin/python3.13
2025-11-18 22:21:41.671 [info] > conda info --json
2025-11-18 22:21:41.675 [info] > hatch env show --json
2025-11-18 22:21:41.675 [info] cwd: .
2025-11-18 22:21:41.680 [info] > pyenv which python
2025-11-18 22:21:41.680 [info] cwd: .
2025-11-18 22:21:41.684 [info] Found: /bin/python3 --> /bin/python3.13
2025-11-18 22:21:41.684 [info] Found: /bin/python3.13 --> /bin/python3.13
2025-11-18 22:21:41.712 [info] Found: /sbin/python --> /sbin/python3.13
2025-11-18 22:21:41.712 [info] Found: /sbin/python3 --> /sbin/python3.13
2025-11-18 22:21:41.713 [info] Found: /sbin/python3.13 --> /sbin/python3.13
2025-11-18 22:21:41.716 [info] Found: /usr/bin/python --> /usr/bin/python3.13
2025-11-18 22:21:41.716 [info] Found: /usr/bin/python3 --> /usr/bin/python3.13
2025-11-18 22:21:41.716 [info] Found: /usr/bin/python3.13 --> /usr/bin/python3.13
2025-11-18 22:21:41.733 [info] Found: /usr/sbin/python --> /usr/sbin/python3.13
2025-11-18 22:21:41.733 [info] Found: /usr/sbin/python3 --> /usr/sbin/python3.13
2025-11-18 22:21:41.733 [info] Found: /usr/sbin/python3.13 --> /usr/sbin/python3.13
2025-11-18 22:21:41.734 [info] Found: /home/krishang/.local/share/mise/installs/python/3.14.0/bin/python --> /home/krishang/.local/share/mise/installs/python/3.14.0/bin/python3.14
2025-11-18 22:21:41.734 [info] Found: /home/krishang/.local/share/mise/installs/python/3.14.0/bin/python3 --> /home/krishang/.local/share/mise/installs/python/3.14.0/bin/python3.14
2025-11-18 22:21:41.734 [info] Found: /home/krishang/.local/share/mise/installs/python/3.14.0/bin/python3.14 --> /home/krishang/.local/share/mise/installs/python/3.14.0/bin/python3.14
2025-11-18 22:21:41.744 [info] > /bin/python -I ~/.antigravity/extensions/ms-python.python-2025.16.0-universal/python_files/get_output_via_markers.py ~/.antigravity/extensions/ms-python.python-2025.16.0-universal/python_files/interpreterInfo.py
2025-11-18 22:21:41.751 [info] > /sbin/python -I ~/.antigravity/extensions/ms-python.python-2025.16.0-universal/python_files/get_output_via_markers.py ~/.antigravity/extensions/ms-python.python-2025.16.0-universal/python_files/interpreterInfo.py
2025-11-18 22:21:41.759 [info] Finished searching for interpreters in posix paths locator: 183 milliseconds
2025-11-18 22:21:41.761 [info] Environments refresh paths discovered (event): 186 milliseconds
2025-11-18 22:21:41.761 [info] Environments refresh paths discovered: 186 milliseconds
2025-11-18 22:21:41.781 [info] > /usr/bin/python -I ~/.antigravity/extensions/ms-python.python-2025.16.0-universal/python_files/get_output_via_markers.py ~/.antigravity/extensions/ms-python.python-2025.16.0-universal/python_files/interpreterInfo.py
2025-11-18 22:21:41.785 [info] > /usr/sbin/python -I ~/.antigravity/extensions/ms-python.python-2025.16.0-universal/python_files/get_output_via_markers.py ~/.antigravity/extensions/ms-python.python-2025.16.0-universal/python_files/interpreterInfo.py
2025-11-18 22:21:41.815 [info] > ~/.local/share/mise/installs/python/3.14.0/bin/python -I ~/.antigravity/extensions/ms-python.python-2025.16.0-universal/python_files/get_output_via_markers.py ~/.antigravity/extensions/ms-python.python-2025.16.0-universal/python_files/interpreterInfo.py
2025-11-18 22:21:41.871 [info] Environments refresh finished (event): 296 milliseconds
2025-11-18 22:21:41.876 [info] Environment refresh took 302 milliseconds
2025-11-18 22:21:41.899 [info] Python interpreter path: ~/.local/share/mise/installs/python/3.14.0/bin/python
2025-11-18 22:21:41.902 [info] Running installed packages checker:  {
  id: '/home/krishang/.local/share/mise/installs/python/3.14.0/bin/python',
  sysPrefix: '/home/krishang/.local/share/mise/installs/python/3.14.0',
  envType: 'Global',
  envName: '',
  envPath: '',
  path: '/home/krishang/.local/share/mise/installs/python/3.14.0/bin/python',
  architecture: 3,
  sysVersion: '3.14.0 (main, Oct 31 2025, 23:03:06) [Clang 21.1.4 ]',
  version: {
    raw: '3.14.0',
    major: 3,
    minor: 14,
    patch: 0,
    build: [],
    prerelease: [ 'final', '0' ]
  },
  displayName: 'Python 3.14.0 64-bit',
  detailedDisplayName: 'Python 3.14.0 64-bit',
  type: undefined
} /home/krishang/.antigravity/extensions/ms-python.python-2025.16.0-universal/python_files/installed_check.py /home/krishang/Work/Icarus-DevJams/ai-agents/mainmlfile/perception/requirements.txt
2025-11-18 22:21:41.902 [info] > ~/.local/share/mise/installs/python/3.14.0/bin/python ~/.antigravity/extensions/ms-python.python-2025.16.0-universal/python_files/installed_check.py ./ai-agents/mainmlfile/perception/requirements.txt
2025-11-18 22:21:42.768 [info] Starting Jedi language server for Icarus-DevJams.
2025-11-18 22:22:42.210 [info] Discover tests for workspace name: Icarus-DevJams - uri: /home/krishang/Work/Icarus-DevJams/ai-agents/mainmlfile/perception/verify_full_flow.py
2025-11-18 22:24:07.172 [info] Discover tests for workspace name: Icarus-DevJams - uri: /home/krishang/Work/Icarus-DevJams/ai-agents/mainmlfile/perception/pipeline_calculator_agent.py
2025-11-18 22:24:58.894 [info] Discover tests for workspace name: Icarus-DevJams - uri: /home/krishang/Work/Icarus-DevJams/ai-agents/mainmlfile/perception/pipeline_calculator_agent.py
2025-11-18 22:25:00.856 [info] Discover tests for workspace name: Icarus-DevJams - uri: /home/krishang/Work/Icarus-DevJams/ai-agents/mainmlfile/perception/pipeline_calculator_agent.py
2025-11-18 22:25:32.576 [info] Discover tests for workspace name: Icarus-DevJams - uri: /home/krishang/Work/Icarus-DevJams/ai-agents/mainmlfile/perception/pipeline_calculator_agent.py
2025-11-18 22:28:54.927 [info] Running installed packages checker:  {
  id: '/home/krishang/.local/share/mise/installs/python/3.14.0/bin/python',
  sysPrefix: '/home/krishang/.local/share/mise/installs/python/3.14.0',
  envType: 'Global',
  envName: '',
  envPath: '',
  path: '/home/krishang/.local/share/mise/installs/python/3.14.0/bin/python',
  architecture: 3,
  sysVersion: '3.14.0 (main, Oct 31 2025, 23:03:06) [Clang 21.1.4 ]',
  version: {
    raw: '3.14.0',
    major: 3,
    minor: 14,
    patch: 0,
    build: [],
    prerelease: [ 'final', '0' ]
  },
  displayName: 'Python 3.14.0 64-bit',
  detailedDisplayName: 'Python 3.14.0 64-bit',
  type: undefined
} /home/krishang/.antigravity/extensions/ms-python.python-2025.16.0-universal/python_files/installed_check.py /home/krishang/Work/Icarus-DevJams/ai-agents/mainmlfile/perception/requirements.txt
2025-11-18 22:28:54.927 [info] > ~/.local/share/mise/installs/python/3.14.0/bin/python ~/.antigravity/extensions/ms-python.python-2025.16.0-universal/python_files/installed_check.py ./ai-agents/mainmlfile/perception/requirements.txt
2025-11-18 22:29:21.432 [info] Discover tests for workspace name: Icarus-DevJams - uri: /home/krishang/Work/Icarus-DevJams/ai-agents/mainmlfile/perception/ui_detector.py
