2025-11-21 11:58:16.432 [info] Using Cloud Code URL: https://daily-cloudcode-pa.sandbox.googleapis.com
2025-11-21 11:58:16.432 [info] [BrowserOnboardingClientMainService] Starting browser onboarding server
2025-11-21 11:58:16.432 [error] Error initializing AntigravityAuthMainService: No OAuth token available. User must be logged in.
2025-11-21 11:58:16.432 [info] [BrowserOnboardingClientServer] Browser onboarding server started on http://localhost:34601
2025-11-21 11:58:16.432 [info] [CascadeMonitoringServer] Monitoring server started on http://localhost:9103/antigravity
2025-11-21 11:58:16.499 [info] update#setState disabled
2025-11-21 11:58:16.499 [info] update#ctor - updates are disabled by user preference
2025-11-21 11:58:20.022 [error] Failed to fetch NUXes: HTTP error: 401
2025-11-21 11:58:22.561 [error] Failed to fetch NUXes: HTTP error: 401
2025-11-21 11:58:25.565 [error] Failed to fetch NUXes: HTTP error: 401
2025-11-21 11:58:26.898 [info] Pruning 0 of 1 trajectory summaries
2025-11-21 11:58:28.590 [error] Failed to fetch NUXes: HTTP error: 401
2025-11-21 11:58:31.294 [info] [AgentClientServer] Cascade initializing for worksapce file:///home/krishang/Work/Icarus-DevJams
2025-11-21 11:58:31.294 [info] [AgentClientServer] Starting server
2025-11-21 11:58:31.299 [info] [AgentClientServer] Read HTML file, length: 127
2025-11-21 11:58:31.300 [info] [AgentClientServer] Cascade server started on http://localhost:9091
2025-11-21 11:58:31.300 [info] [AgentClientServer] Cascade server started on port 9091
2025-11-21 11:58:31.593 [error] Failed to fetch NUXes: HTTP error: 401
2025-11-21 11:58:34.546 [error] Failed to fetch NUXes: HTTP error: 401
2025-11-21 11:58:37.546 [error] Failed to fetch NUXes: HTTP error: 401
2025-11-21 11:58:40.558 [error] Failed to fetch NUXes: HTTP error: 401
2025-11-21 11:58:43.557 [error] Failed to fetch NUXes: HTTP error: 401
2025-11-21 11:58:46.552 [error] Failed to fetch NUXes: HTTP error: 401
2025-11-21 11:58:49.546 [error] Failed to fetch NUXes: HTTP error: 401
2025-11-21 11:58:52.638 [error] Failed to fetch NUXes: HTTP error: 401
2025-11-21 11:58:55.553 [error] Failed to fetch NUXes: HTTP error: 401
2025-11-21 11:58:58.325 [info] Extension host with pid 205690 exited with code: 0, signal: unknown.
2025-11-21 11:58:59.325 [error] Extension host with pid 205690 still exists, forcefully killing it...
2025-11-21 12:49:20.210 [error] [UtilityProcess type: ptyHost, pid: 205680]: crashed with code 15 and reason 'killed'
2025-11-21 12:49:24.974 [warning] No ptyHost heartbeat after 6 seconds
2025-11-21 12:49:29.980 [error] No ptyHost heartbeat after 12 seconds
