2025-11-18 22:10:57.869 [info] 2025/11/18 22:10:57 maxprocs: Leaving GOMAXPROCS=12: CPU quota undefined
2025-11-18 22:10:57.896 [info] I1118 22:10:57.896768 22283 main.go:183] Setting GOMAXPROCS to 4
2025-11-18 22:10:57.897 [info] I1118 22:10:57.897377 22283 main.go:294] Starting language server process with pid 22283
2025-11-18 22:10:57.897 [info] I1118 22:10:57.897401 22283 server.go:228] Language server will attempt to listen on host 127.0.0.1
2025-11-18 22:10:57.897 [info] I1118 22:10:57.897509 22283 server.go:235] Language server listening on random port at 36335 for HTTPS
2025-11-18 22:10:57.897 [info] I1118 22:10:57.897537 22283 server.go:242] Language server listening on random port at 39655 for HTTP
2025-11-18 22:10:58.955 [info] I1118 22:10:58.954780 22283 server.go:326] Created extension server client at port 35021
2025-11-18 22:10:58.959 [info] W1118 22:10:58.959338 22283 log_context.go:106] Cache(userInfo): Singleflight refresh failed: You are not logged into Antigravity.
2025-11-18 22:10:58.963 [info] I1118 22:10:58.963014 22283 server.go:343] initialized server successfully
2025-11-18 22:10:58.964 [info] W1118 22:10:58.963623 22283 log_context.go:106] Cache(userInfo): Singleflight refresh failed: You are not logged into Antigravity.
2025-11-18 22:10:58.975 [info] (Antigravity) 2025-11-18 22:10:58.975 [INFO]: Language server started
2025-11-18 22:10:59.027 [info] 2025/11/18 22:10:59 http: TLS handshake error from 127.0.0.1:53140: EOF
2025-11-18 22:10:59.077 [info] (Antigravity) 2025-11-18 22:10:59.077 [INFO]: LS lspClient started successfully
2025-11-18 22:19:05.624 [info] E1118 22:19:05.624551 22283 interceptor.go:74] /exa.language_server_pb.LanguageServerService/StreamCascadeReactiveUpdates (unknown): reactive component 07d3253d-a683-44a8-a090-990fd0d65e6a not found
2025-11-18 22:23:58.930 [info] E1118 22:23:58.930335 22283 interceptor.go:74] /exa.language_server_pb.LanguageServerService/StreamCascadeReactiveUpdates (unknown): reactive component 07d3253d-a683-44a8-a090-990fd0d65e6a not found
2025-11-18 22:31:21.158 [info] E1118 22:31:21.158444 22283 log.go:354] Get "https://antigravity-unleash.goog/api/client/features": read tcp 10.143.233.60:54290->34.54.84.110:443: read: connection reset by peer: Get "https://antigravity-unleash.goog/api/client/features": read tcp 10.143.233.60:54290->34.54.84.110:443: read: connection reset by peer
2025-11-18 22:33:57.900 [info] E1118 22:33:57.899766 22283 log.go:354] Get "https://antigravity-unleash.goog/api/client/features": context deadline exceeded (Client.Timeout exceeded while awaiting headers): Get "https://antigravity-unleash.goog/api/client/features": context deadline exceeded (Client.Timeout exceeded while awaiting headers)
2025-11-18 22:33:57.900 [info] E1118 22:33:57.900556 22283 log.go:354] Get "https://antigravity-unleash.goog/api/client/features": dial tcp: lookup antigravity-unleash.goog: Temporary failure in name resolution: Get "https://antigravity-unleash.goog/api/client/features": dial tcp: lookup antigravity-unleash.goog: Temporary failure in name resolution
2025-11-18 22:33:57.905 [info] E1118 22:33:57.904917 22283 log.go:354] Post "https://antigravity-unleash.goog/api/client/metrics": context deadline exceeded (Client.Timeout exceeded while awaiting headers): Post "https://antigravity-unleash.goog/api/client/metrics": context deadline exceeded (Client.Timeout exceeded while awaiting headers)
2025-11-18 22:34:57.736 [info] W1118 22:34:57.735077 22283 log_context.go:106] Cache(peopleInfo): Singleflight refresh failed: Get "https://www.googleapis.com/oauth2/v2/userinfo": dial tcp: lookup www.googleapis.com: Temporary failure in name resolution
2025-11-18 22:34:57.736 [info] W1118 22:34:57.735094 22283 log_context.go:106] Failed to refresh cache in background: Get "https://www.googleapis.com/oauth2/v2/userinfo": dial tcp: lookup www.googleapis.com: Temporary failure in name resolution
2025-11-18 22:34:57.736 [info] W1118 22:34:57.735120 22283 log_context.go:106] Cache(userInfo): Singleflight refresh failed: Post "https://daily-cloudcode-pa.sandbox.googleapis.com/v1internal:fetchUserInfo": dial tcp: lookup daily-cloudcode-pa.sandbox.googleapis.com: Temporary failure in name resolution
2025-11-18 22:34:57.736 [info] W1118 22:34:57.735122 22283 log_context.go:106] Cache(availableModels): Singleflight refresh failed: Post "https://daily-cloudcode-pa.sandbox.googleapis.com/v1internal:fetchAvailableModels": dial tcp: lookup daily-cloudcode-pa.sandbox.googleapis.com: Temporary failure in name resolution
2025-11-18 22:34:57.736 [info] W1118 22:34:57.735139 22283 log_context.go:106] Failed to refresh cache in background: Post "https://daily-cloudcode-pa.sandbox.googleapis.com/v1internal:fetchAvailableModels": dial tcp: lookup daily-cloudcode-pa.sandbox.googleapis.com: Temporary failure in name resolution
2025-11-18 22:34:57.736 [info] W1118 22:34:57.735145 22283 log_context.go:106] Failed to refresh cache in background: Post "https://daily-cloudcode-pa.sandbox.googleapis.com/v1internal:fetchUserInfo": dial tcp: lookup daily-cloudcode-pa.sandbox.googleapis.com: Temporary failure in name resolution
2025-11-18 22:34:57.739 [info] W1118 22:34:57.738915 22283 log_context.go:106] Cache(availableModels): Singleflight refresh failed: Post "https://daily-cloudcode-pa.sandbox.googleapis.com/v1internal:fetchAvailableModels": dial tcp: lookup daily-cloudcode-pa.sandbox.googleapis.com: Temporary failure in name resolution
2025-11-18 22:34:57.739 [info] W1118 22:34:57.738931 22283 log_context.go:106] Failed to refresh cache in background: Post "https://daily-cloudcode-pa.sandbox.googleapis.com/v1internal:fetchAvailableModels": dial tcp: lookup daily-cloudcode-pa.sandbox.googleapis.com: Temporary failure in name resolution
2025-11-18 22:34:57.900 [info] E1118 22:34:57.899915 22283 log.go:354] Get "https://antigravity-unleash.goog/api/client/features": dial tcp: lookup antigravity-unleash.goog: Temporary failure in name resolution: Get "https://antigravity-unleash.goog/api/client/features": dial tcp: lookup antigravity-unleash.goog: Temporary failure in name resolution
2025-11-18 22:35:57.737 [info] W1118 22:35:57.736596 22283 log_context.go:106] Cache(peopleInfo): Singleflight refresh failed: Get "https://www.googleapis.com/oauth2/v2/userinfo": dial tcp: lookup www.googleapis.com: Temporary failure in name resolution
2025-11-18 22:35:57.737 [info] W1118 22:35:57.736614 22283 log_context.go:106] Failed to refresh cache in background: Get "https://www.googleapis.com/oauth2/v2/userinfo": dial tcp: lookup www.googleapis.com: Temporary failure in name resolution
2025-11-18 22:35:57.737 [info] W1118 22:35:57.736665 22283 log_context.go:106] Cache(userInfo): Singleflight refresh failed: Post "https://daily-cloudcode-pa.sandbox.googleapis.com/v1internal:fetchUserInfo": dial tcp: lookup daily-cloudcode-pa.sandbox.googleapis.com: Temporary failure in name resolution
2025-11-18 22:35:57.737 [info] W1118 22:35:57.736665 22283 log_context.go:106] Cache(availableModels): Singleflight refresh failed: Post "https://daily-cloudcode-pa.sandbox.googleapis.com/v1internal:fetchAvailableModels": dial tcp: lookup daily-cloudcode-pa.sandbox.googleapis.com: Temporary failure in name resolution
2025-11-18 22:35:57.737 [info] W1118 22:35:57.736679 22283 log_context.go:106] Failed to refresh cache in background: Post "https://daily-cloudcode-pa.sandbox.googleapis.com/v1internal:fetchAvailableModels": dial tcp: lookup daily-cloudcode-pa.sandbox.googleapis.com: Temporary failure in name resolution
2025-11-18 22:35:57.737 [info] W1118 22:35:57.736685 22283 log_context.go:106] Failed to refresh cache in background: Post "https://daily-cloudcode-pa.sandbox.googleapis.com/v1internal:fetchUserInfo": dial tcp: lookup daily-cloudcode-pa.sandbox.googleapis.com: Temporary failure in name resolution
2025-11-18 22:35:57.740 [info] W1118 22:35:57.740396 22283 log_context.go:106] Cache(availableModels): Singleflight refresh failed: Post "https://daily-cloudcode-pa.sandbox.googleapis.com/v1internal:fetchAvailableModels": dial tcp: lookup daily-cloudcode-pa.sandbox.googleapis.com: Temporary failure in name resolution
2025-11-18 22:35:57.740 [info] W1118 22:35:57.740426 22283 log_context.go:106] Failed to refresh cache in background: Post "https://daily-cloudcode-pa.sandbox.googleapis.com/v1internal:fetchAvailableModels": dial tcp: lookup daily-cloudcode-pa.sandbox.googleapis.com: Temporary failure in name resolution
2025-11-18 22:35:57.900 [info] E1118 22:35:57.900243 22283 log.go:354] Get "https://antigravity-unleash.goog/api/client/features": dial tcp: lookup antigravity-unleash.goog: Temporary failure in name resolution: Get "https://antigravity-unleash.goog/api/client/features": dial tcp: lookup antigravity-unleash.goog: Temporary failure in name resolution
2025-11-18 22:36:57.737 [info] W1118 22:36:57.737219 22283 log_context.go:106] Cache(peopleInfo): Singleflight refresh failed: Get "https://www.googleapis.com/oauth2/v2/userinfo": dial tcp: lookup www.googleapis.com: Temporary failure in name resolution
2025-11-18 22:36:57.737 [info] W1118 22:36:57.737255 22283 log_context.go:106] Failed to refresh cache in background: Get "https://www.googleapis.com/oauth2/v2/userinfo": dial tcp: lookup www.googleapis.com: Temporary failure in name resolution
2025-11-18 22:36:57.737 [info] W1118 22:36:57.737271 22283 log_context.go:106] Cache(availableModels): Singleflight refresh failed: Post "https://daily-cloudcode-pa.sandbox.googleapis.com/v1internal:fetchAvailableModels": dial tcp: lookup daily-cloudcode-pa.sandbox.googleapis.com: Temporary failure in name resolution
2025-11-18 22:36:57.737 [info] W1118 22:36:57.737282 22283 log_context.go:106] Failed to refresh cache in background: Post "https://daily-cloudcode-pa.sandbox.googleapis.com/v1internal:fetchAvailableModels": dial tcp: lookup daily-cloudcode-pa.sandbox.googleapis.com: Temporary failure in name resolution
2025-11-18 22:36:57.737 [info] W1118 22:36:57.737289 22283 log_context.go:106] Cache(userInfo): Singleflight refresh failed: Post "https://daily-cloudcode-pa.sandbox.googleapis.com/v1internal:fetchUserInfo": dial tcp: lookup daily-cloudcode-pa.sandbox.googleapis.com: Temporary failure in name resolution
2025-11-18 22:36:57.737 [info] W1118 22:36:57.737294 22283 log_context.go:106] Failed to refresh cache in background: Post "https://daily-cloudcode-pa.sandbox.googleapis.com/v1internal:fetchUserInfo": dial tcp: lookup daily-cloudcode-pa.sandbox.googleapis.com: Temporary failure in name resolution
2025-11-18 22:36:57.742 [info] W1118 22:36:57.741811 22283 log_context.go:106] Cache(availableModels): Singleflight refresh failed: Post "https://daily-cloudcode-pa.sandbox.googleapis.com/v1internal:fetchAvailableModels": dial tcp: lookup daily-cloudcode-pa.sandbox.googleapis.com: Temporary failure in name resolution
2025-11-18 22:36:57.742 [info] W1118 22:36:57.741841 22283 log_context.go:106] Failed to refresh cache in background: Post "https://daily-cloudcode-pa.sandbox.googleapis.com/v1internal:fetchAvailableModels": dial tcp: lookup daily-cloudcode-pa.sandbox.googleapis.com: Temporary failure in name resolution
2025-11-18 22:36:57.899 [info] E1118 22:36:57.899488 22283 log.go:354] Get "https://antigravity-unleash.goog/api/client/features": dial tcp: lookup antigravity-unleash.goog: Temporary failure in name resolution: Get "https://antigravity-unleash.goog/api/client/features": dial tcp: lookup antigravity-unleash.goog: Temporary failure in name resolution
2025-11-18 22:37:57.737 [info] W1118 22:37:57.737267 22283 log_context.go:106] Cache(availableModels): Singleflight refresh failed: Post "https://daily-cloudcode-pa.sandbox.googleapis.com/v1internal:fetchAvailableModels": dial tcp: lookup daily-cloudcode-pa.sandbox.googleapis.com: Temporary failure in name resolution
2025-11-18 22:37:57.738 [info] W1118 22:37:57.737291 22283 log_context.go:106] Failed to refresh cache in background: Post "https://daily-cloudcode-pa.sandbox.googleapis.com/v1internal:fetchAvailableModels": dial tcp: lookup daily-cloudcode-pa.sandbox.googleapis.com: Temporary failure in name resolution
2025-11-18 22:37:57.738 [info] W1118 22:37:57.737267 22283 log_context.go:106] Cache(userInfo): Singleflight refresh failed: Post "https://daily-cloudcode-pa.sandbox.googleapis.com/v1internal:fetchUserInfo": dial tcp: lookup daily-cloudcode-pa.sandbox.googleapis.com: Temporary failure in name resolution
2025-11-18 22:37:57.738 [info] W1118 22:37:57.737302 22283 log_context.go:106] Failed to refresh cache in background: Post "https://daily-cloudcode-pa.sandbox.googleapis.com/v1internal:fetchUserInfo": dial tcp: lookup daily-cloudcode-pa.sandbox.googleapis.com: Temporary failure in name resolution
2025-11-18 22:37:57.738 [info] W1118 22:37:57.737301 22283 log_context.go:106] Cache(peopleInfo): Singleflight refresh failed: Get "https://www.googleapis.com/oauth2/v2/userinfo": dial tcp: lookup www.googleapis.com: Temporary failure in name resolution
2025-11-18 22:37:57.738 [info] W1118 22:37:57.737315 22283 log_context.go:106] Failed to refresh cache in background: Get "https://www.googleapis.com/oauth2/v2/userinfo": dial tcp: lookup www.googleapis.com: Temporary failure in name resolution
2025-11-18 22:37:57.742 [info] W1118 22:37:57.742248 22283 log_context.go:106] Cache(availableModels): Singleflight refresh failed: Post "https://daily-cloudcode-pa.sandbox.googleapis.com/v1internal:fetchAvailableModels": dial tcp: lookup daily-cloudcode-pa.sandbox.googleapis.com: Temporary failure in name resolution
2025-11-18 22:37:57.742 [info] W1118 22:37:57.742274 22283 log_context.go:106] Failed to refresh cache in background: Post "https://daily-cloudcode-pa.sandbox.googleapis.com/v1internal:fetchAvailableModels": dial tcp: lookup daily-cloudcode-pa.sandbox.googleapis.com: Temporary failure in name resolution
2025-11-18 22:37:57.899 [info] E1118 22:37:57.899221 22283 log.go:354] Get "https://antigravity-unleash.goog/api/client/features": dial tcp: lookup antigravity-unleash.goog: Temporary failure in name resolution: Get "https://antigravity-unleash.goog/api/client/features": dial tcp: lookup antigravity-unleash.goog: Temporary failure in name resolution
2025-11-18 22:38:57.738 [info] W1118 22:38:57.737285 22283 log_context.go:106] Cache(peopleInfo): Singleflight refresh failed: Get "https://www.googleapis.com/oauth2/v2/userinfo": dial tcp: lookup www.googleapis.com: Temporary failure in name resolution
2025-11-18 22:38:57.738 [info] W1118 22:38:57.737318 22283 log_context.go:106] Failed to refresh cache in background: Get "https://www.googleapis.com/oauth2/v2/userinfo": dial tcp: lookup www.googleapis.com: Temporary failure in name resolution
2025-11-18 22:38:57.738 [info] W1118 22:38:57.737319 22283 log_context.go:106] Cache(availableModels): Singleflight refresh failed: Post "https://daily-cloudcode-pa.sandbox.googleapis.com/v1internal:fetchAvailableModels": dial tcp: lookup daily-cloudcode-pa.sandbox.googleapis.com: Temporary failure in name resolution
2025-11-18 22:38:57.738 [info] W1118 22:38:57.737320 22283 log_context.go:106] Cache(userInfo): Singleflight refresh failed: Post "https://daily-cloudcode-pa.sandbox.googleapis.com/v1internal:fetchUserInfo": dial tcp: lookup daily-cloudcode-pa.sandbox.googleapis.com: Temporary failure in name resolution
2025-11-18 22:38:57.738 [info] W1118 22:38:57.737343 22283 log_context.go:106] Failed to refresh cache in background: Post "https://daily-cloudcode-pa.sandbox.googleapis.com/v1internal:fetchUserInfo": dial tcp: lookup daily-cloudcode-pa.sandbox.googleapis.com: Temporary failure in name resolution
2025-11-18 22:38:57.738 [info] W1118 22:38:57.737353 22283 log_context.go:106] Failed to refresh cache in background: Post "https://daily-cloudcode-pa.sandbox.googleapis.com/v1internal:fetchAvailableModels": dial tcp: lookup daily-cloudcode-pa.sandbox.googleapis.com: Temporary failure in name resolution
2025-11-18 22:38:57.742 [info] W1118 22:38:57.742267 22283 log_context.go:106] Cache(availableModels): Singleflight refresh failed: Post "https://daily-cloudcode-pa.sandbox.googleapis.com/v1internal:fetchAvailableModels": dial tcp: lookup daily-cloudcode-pa.sandbox.googleapis.com: Temporary failure in name resolution
2025-11-18 22:38:57.742 [info] W1118 22:38:57.742288 22283 log_context.go:106] Failed to refresh cache in background: Post "https://daily-cloudcode-pa.sandbox.googleapis.com/v1internal:fetchAvailableModels": dial tcp: lookup daily-cloudcode-pa.sandbox.googleapis.com: Temporary failure in name resolution
2025-11-18 22:38:57.900 [info] E1118 22:38:57.899833 22283 log.go:354] Get "https://antigravity-unleash.goog/api/client/features": dial tcp: lookup antigravity-unleash.goog: Temporary failure in name resolution: Get "https://antigravity-unleash.goog/api/client/features": dial tcp: lookup antigravity-unleash.goog: Temporary failure in name resolution
2025-11-18 22:39:57.738 [info] W1118 22:39:57.737951 22283 log_context.go:106] Cache(availableModels): Singleflight refresh failed: Post "https://daily-cloudcode-pa.sandbox.googleapis.com/v1internal:fetchAvailableModels": dial tcp: lookup daily-cloudcode-pa.sandbox.googleapis.com: Temporary failure in name resolution
2025-11-18 22:39:57.739 [info] W1118 22:39:57.737976 22283 log_context.go:106] Failed to refresh cache in background: Post "https://daily-cloudcode-pa.sandbox.googleapis.com/v1internal:fetchAvailableModels": dial tcp: lookup daily-cloudcode-pa.sandbox.googleapis.com: Temporary failure in name resolution
2025-11-18 22:39:57.739 [info] W1118 22:39:57.737983 22283 log_context.go:106] Cache(userInfo): Singleflight refresh failed: Post "https://daily-cloudcode-pa.sandbox.googleapis.com/v1internal:fetchUserInfo": dial tcp: lookup daily-cloudcode-pa.sandbox.googleapis.com: Temporary failure in name resolution
2025-11-18 22:39:57.739 [info] W1118 22:39:57.738014 22283 log_context.go:106] Failed to refresh cache in background: Post "https://daily-cloudcode-pa.sandbox.googleapis.com/v1internal:fetchUserInfo": dial tcp: lookup daily-cloudcode-pa.sandbox.googleapis.com: Temporary failure in name resolution
2025-11-18 22:39:57.739 [info] W1118 22:39:57.738016 22283 log_context.go:106] Cache(peopleInfo): Singleflight refresh failed: Get "https://www.googleapis.com/oauth2/v2/userinfo": dial tcp: lookup www.googleapis.com: Temporary failure in name resolution
2025-11-18 22:39:57.739 [info] W1118 22:39:57.738027 22283 log_context.go:106] Failed to refresh cache in background: Get "https://www.googleapis.com/oauth2/v2/userinfo": dial tcp: lookup www.googleapis.com: Temporary failure in name resolution
2025-11-18 22:39:57.742 [info] W1118 22:39:57.742708 22283 log_context.go:106] Cache(availableModels): Singleflight refresh failed: Post "https://daily-cloudcode-pa.sandbox.googleapis.com/v1internal:fetchAvailableModels": dial tcp: lookup daily-cloudcode-pa.sandbox.googleapis.com: Temporary failure in name resolution
2025-11-18 22:39:57.742 [info] W1118 22:39:57.742729 22283 log_context.go:106] Failed to refresh cache in background: Post "https://daily-cloudcode-pa.sandbox.googleapis.com/v1internal:fetchAvailableModels": dial tcp: lookup daily-cloudcode-pa.sandbox.googleapis.com: Temporary failure in name resolution
2025-11-18 22:39:57.899 [info] E1118 22:39:57.899498 22283 log.go:354] Get "https://antigravity-unleash.goog/api/client/features": dial tcp: lookup antigravity-unleash.goog: Temporary failure in name resolution: Get "https://antigravity-unleash.goog/api/client/features": dial tcp: lookup antigravity-unleash.goog: Temporary failure in name resolution
2025-11-18 22:40:57.739 [info] W1118 22:40:57.738396 22283 log_context.go:106] Cache(availableModels): Singleflight refresh failed: Post "https://daily-cloudcode-pa.sandbox.googleapis.com/v1internal:fetchAvailableModels": dial tcp: lookup daily-cloudcode-pa.sandbox.googleapis.com: Temporary failure in name resolution
2025-11-18 22:40:57.739 [info] W1118 22:40:57.738419 22283 log_context.go:106] Failed to refresh cache in background: Post "https://daily-cloudcode-pa.sandbox.googleapis.com/v1internal:fetchAvailableModels": dial tcp: lookup daily-cloudcode-pa.sandbox.googleapis.com: Temporary failure in name resolution
2025-11-18 22:40:57.739 [info] W1118 22:40:57.738396 22283 log_context.go:106] Cache(userInfo): Singleflight refresh failed: Post "https://daily-cloudcode-pa.sandbox.googleapis.com/v1internal:fetchUserInfo": dial tcp: lookup daily-cloudcode-pa.sandbox.googleapis.com: Temporary failure in name resolution
2025-11-18 22:40:57.739 [info] W1118 22:40:57.738430 22283 log_context.go:106] Failed to refresh cache in background: Post "https://daily-cloudcode-pa.sandbox.googleapis.com/v1internal:fetchUserInfo": dial tcp: lookup daily-cloudcode-pa.sandbox.googleapis.com: Temporary failure in name resolution
2025-11-18 22:40:57.739 [info] W1118 22:40:57.738432 22283 log_context.go:106] Cache(peopleInfo): Singleflight refresh failed: Get "https://www.googleapis.com/oauth2/v2/userinfo": dial tcp: lookup www.googleapis.com: Temporary failure in name resolution
2025-11-18 22:40:57.739 [info] W1118 22:40:57.738439 22283 log_context.go:106] Failed to refresh cache in background: Get "https://www.googleapis.com/oauth2/v2/userinfo": dial tcp: lookup www.googleapis.com: Temporary failure in name resolution
2025-11-18 22:40:57.743 [info] W1118 22:40:57.742870 22283 log_context.go:106] Cache(availableModels): Singleflight refresh failed: Post "https://daily-cloudcode-pa.sandbox.googleapis.com/v1internal:fetchAvailableModels": dial tcp: lookup daily-cloudcode-pa.sandbox.googleapis.com: Temporary failure in name resolution
2025-11-18 22:40:57.743 [info] W1118 22:40:57.742893 22283 log_context.go:106] Failed to refresh cache in background: Post "https://daily-cloudcode-pa.sandbox.googleapis.com/v1internal:fetchAvailableModels": dial tcp: lookup daily-cloudcode-pa.sandbox.googleapis.com: Temporary failure in name resolution
2025-11-18 22:40:57.899 [info] E1118 22:40:57.899557 22283 log.go:354] Get "https://antigravity-unleash.goog/api/client/features": dial tcp: lookup antigravity-unleash.goog: Temporary failure in name resolution: Get "https://antigravity-unleash.goog/api/client/features": dial tcp: lookup antigravity-unleash.goog: Temporary failure in name resolution
2025-11-18 22:41:57.739 [info] W1118 22:41:57.739285 22283 log_context.go:106] Cache(peopleInfo): Singleflight refresh failed: Get "https://www.googleapis.com/oauth2/v2/userinfo": dial tcp: lookup www.googleapis.com: Temporary failure in name resolution
2025-11-18 22:41:57.739 [info] W1118 22:41:57.739305 22283 log_context.go:106] Failed to refresh cache in background: Get "https://www.googleapis.com/oauth2/v2/userinfo": dial tcp: lookup www.googleapis.com: Temporary failure in name resolution
2025-11-18 22:41:57.739 [info] W1118 22:41:57.739368 22283 log_context.go:106] Cache(availableModels): Singleflight refresh failed: Post "https://daily-cloudcode-pa.sandbox.googleapis.com/v1internal:fetchAvailableModels": dial tcp: lookup daily-cloudcode-pa.sandbox.googleapis.com: Temporary failure in name resolution
2025-11-18 22:41:57.739 [info] W1118 22:41:57.739384 22283 log_context.go:106] Failed to refresh cache in background: Post "https://daily-cloudcode-pa.sandbox.googleapis.com/v1internal:fetchAvailableModels": dial tcp: lookup daily-cloudcode-pa.sandbox.googleapis.com: Temporary failure in name resolution
2025-11-18 22:41:57.739 [info] W1118 22:41:57.739391 22283 log_context.go:106] Cache(userInfo): Singleflight refresh failed: Post "https://daily-cloudcode-pa.sandbox.googleapis.com/v1internal:fetchUserInfo": dial tcp: lookup daily-cloudcode-pa.sandbox.googleapis.com: Temporary failure in name resolution
2025-11-18 22:41:57.739 [info] W1118 22:41:57.739396 22283 log_context.go:106] Failed to refresh cache in background: Post "https://daily-cloudcode-pa.sandbox.googleapis.com/v1internal:fetchUserInfo": dial tcp: lookup daily-cloudcode-pa.sandbox.googleapis.com: Temporary failure in name resolution
2025-11-18 22:41:57.743 [info] W1118 22:41:57.743398 22283 log_context.go:106] Cache(availableModels): Singleflight refresh failed: Post "https://daily-cloudcode-pa.sandbox.googleapis.com/v1internal:fetchAvailableModels": dial tcp: lookup daily-cloudcode-pa.sandbox.googleapis.com: Temporary failure in name resolution
2025-11-18 22:41:57.743 [info] W1118 22:41:57.743432 22283 log_context.go:106] Failed to refresh cache in background: Post "https://daily-cloudcode-pa.sandbox.googleapis.com/v1internal:fetchAvailableModels": dial tcp: lookup daily-cloudcode-pa.sandbox.googleapis.com: Temporary failure in name resolution
2025-11-18 22:41:57.899 [info] E1118 22:41:57.899696 22283 log.go:354] Get "https://antigravity-unleash.goog/api/client/features": dial tcp: lookup antigravity-unleash.goog: Temporary failure in name resolution: Get "https://antigravity-unleash.goog/api/client/features": dial tcp: lookup antigravity-unleash.goog: Temporary failure in name resolution
2025-11-18 22:42:57.740 [info] W1118 22:42:57.739405 22283 log_context.go:106] Cache(peopleInfo): Singleflight refresh failed: Get "https://www.googleapis.com/oauth2/v2/userinfo": dial tcp: lookup www.googleapis.com: Temporary failure in name resolution
2025-11-18 22:42:57.740 [info] W1118 22:42:57.739464 22283 log_context.go:106] Failed to refresh cache in background: Get "https://www.googleapis.com/oauth2/v2/userinfo": dial tcp: lookup www.googleapis.com: Temporary failure in name resolution
2025-11-18 22:42:57.740 [info] W1118 22:42:57.739468 22283 log_context.go:106] Cache(availableModels): Singleflight refresh failed: Post "https://daily-cloudcode-pa.sandbox.googleapis.com/v1internal:fetchAvailableModels": dial tcp: lookup daily-cloudcode-pa.sandbox.googleapis.com: Temporary failure in name resolution
2025-11-18 22:42:57.740 [info] W1118 22:42:57.739516 22283 log_context.go:106] Failed to refresh cache in background: Post "https://daily-cloudcode-pa.sandbox.googleapis.com/v1internal:fetchAvailableModels": dial tcp: lookup daily-cloudcode-pa.sandbox.googleapis.com: Temporary failure in name resolution
2025-11-18 22:42:57.740 [info] W1118 22:42:57.739532 22283 log_context.go:106] Cache(userInfo): Singleflight refresh failed: Post "https://daily-cloudcode-pa.sandbox.googleapis.com/v1internal:fetchUserInfo": dial tcp: lookup daily-cloudcode-pa.sandbox.googleapis.com: Temporary failure in name resolution
2025-11-18 22:42:57.740 [info] W1118 22:42:57.739548 22283 log_context.go:106] Failed to refresh cache in background: Post "https://daily-cloudcode-pa.sandbox.googleapis.com/v1internal:fetchUserInfo": dial tcp: lookup daily-cloudcode-pa.sandbox.googleapis.com: Temporary failure in name resolution
2025-11-18 22:42:57.745 [info] W1118 22:42:57.745626 22283 log_context.go:106] Cache(availableModels): Singleflight refresh failed: Post "https://daily-cloudcode-pa.sandbox.googleapis.com/v1internal:fetchAvailableModels": dial tcp: lookup daily-cloudcode-pa.sandbox.googleapis.com: Temporary failure in name resolution
2025-11-18 22:42:57.745 [info] W1118 22:42:57.745660 22283 log_context.go:106] Failed to refresh cache in background: Post "https://daily-cloudcode-pa.sandbox.googleapis.com/v1internal:fetchAvailableModels": dial tcp: lookup daily-cloudcode-pa.sandbox.googleapis.com: Temporary failure in name resolution
2025-11-18 22:42:57.900 [info] E1118 22:42:57.900306 22283 log.go:354] Get "https://antigravity-unleash.goog/api/client/features": dial tcp: lookup antigravity-unleash.goog: Temporary failure in name resolution: Get "https://antigravity-unleash.goog/api/client/features": dial tcp: lookup antigravity-unleash.goog: Temporary failure in name resolution
2025-11-18 22:43:57.740 [info] W1118 22:43:57.739543 22283 log_context.go:106] Cache(peopleInfo): Singleflight refresh failed: Get "https://www.googleapis.com/oauth2/v2/userinfo": dial tcp: lookup www.googleapis.com: Temporary failure in name resolution
2025-11-18 22:43:57.740 [info] W1118 22:43:57.739559 22283 log_context.go:106] Failed to refresh cache in background: Get "https://www.googleapis.com/oauth2/v2/userinfo": dial tcp: lookup www.googleapis.com: Temporary failure in name resolution
2025-11-18 22:43:57.740 [info] W1118 22:43:57.739585 22283 log_context.go:106] Cache(userInfo): Singleflight refresh failed: Post "https://daily-cloudcode-pa.sandbox.googleapis.com/v1internal:fetchUserInfo": dial tcp: lookup daily-cloudcode-pa.sandbox.googleapis.com: Temporary failure in name resolution
2025-11-18 22:43:57.740 [info] W1118 22:43:57.739628 22283 log_context.go:106] Failed to refresh cache in background: Post "https://daily-cloudcode-pa.sandbox.googleapis.com/v1internal:fetchUserInfo": dial tcp: lookup daily-cloudcode-pa.sandbox.googleapis.com: Temporary failure in name resolution
2025-11-18 22:43:57.740 [info] W1118 22:43:57.739591 22283 log_context.go:106] Cache(availableModels): Singleflight refresh failed: Post "https://daily-cloudcode-pa.sandbox.googleapis.com/v1internal:fetchAvailableModels": dial tcp: lookup daily-cloudcode-pa.sandbox.googleapis.com: Temporary failure in name resolution
2025-11-18 22:43:57.740 [info] W1118 22:43:57.739651 22283 log_context.go:106] Failed to refresh cache in background: Post "https://daily-cloudcode-pa.sandbox.googleapis.com/v1internal:fetchAvailableModels": dial tcp: lookup daily-cloudcode-pa.sandbox.googleapis.com: Temporary failure in name resolution
2025-11-18 22:43:57.743 [info] W1118 22:43:57.743454 22283 log_context.go:106] Cache(availableModels): Singleflight refresh failed: Post "https://daily-cloudcode-pa.sandbox.googleapis.com/v1internal:fetchAvailableModels": dial tcp: lookup daily-cloudcode-pa.sandbox.googleapis.com: Temporary failure in name resolution
2025-11-18 22:43:57.743 [info] W1118 22:43:57.743478 22283 log_context.go:106] Failed to refresh cache in background: Post "https://daily-cloudcode-pa.sandbox.googleapis.com/v1internal:fetchAvailableModels": dial tcp: lookup daily-cloudcode-pa.sandbox.googleapis.com: Temporary failure in name resolution
2025-11-18 22:43:57.899 [info] E1118 22:43:57.899702 22283 log.go:354] Get "https://antigravity-unleash.goog/api/client/features": dial tcp: lookup antigravity-unleash.goog: Temporary failure in name resolution: Get "https://antigravity-unleash.goog/api/client/features": dial tcp: lookup antigravity-unleash.goog: Temporary failure in name resolution
2025-11-18 22:44:57.741 [info] W1118 22:44:57.740521 22283 log_context.go:106] Cache(availableModels): Singleflight refresh failed: Post "https://daily-cloudcode-pa.sandbox.googleapis.com/v1internal:fetchAvailableModels": dial tcp: lookup daily-cloudcode-pa.sandbox.googleapis.com: Temporary failure in name resolution
2025-11-18 22:44:57.741 [info] W1118 22:44:57.740554 22283 log_context.go:106] Failed to refresh cache in background: Post "https://daily-cloudcode-pa.sandbox.googleapis.com/v1internal:fetchAvailableModels": dial tcp: lookup daily-cloudcode-pa.sandbox.googleapis.com: Temporary failure in name resolution
2025-11-18 22:44:57.741 [info] W1118 22:44:57.740566 22283 log_context.go:106] Cache(userInfo): Singleflight refresh failed: Post "https://daily-cloudcode-pa.sandbox.googleapis.com/v1internal:fetchUserInfo": dial tcp: lookup daily-cloudcode-pa.sandbox.googleapis.com: Temporary failure in name resolution
2025-11-18 22:44:57.741 [info] W1118 22:44:57.740574 22283 log_context.go:106] Failed to refresh cache in background: Post "https://daily-cloudcode-pa.sandbox.googleapis.com/v1internal:fetchUserInfo": dial tcp: lookup daily-cloudcode-pa.sandbox.googleapis.com: Temporary failure in name resolution
2025-11-18 22:44:57.741 [info] W1118 22:44:57.740597 22283 log_context.go:106] Cache(peopleInfo): Singleflight refresh failed: Get "https://www.googleapis.com/oauth2/v2/userinfo": dial tcp: lookup www.googleapis.com: Temporary failure in name resolution
2025-11-18 22:44:57.741 [info] W1118 22:44:57.740617 22283 log_context.go:106] Failed to refresh cache in background: Get "https://www.googleapis.com/oauth2/v2/userinfo": dial tcp: lookup www.googleapis.com: Temporary failure in name resolution
2025-11-18 22:44:57.744 [info] W1118 22:44:57.744833 22283 log_context.go:106] Cache(availableModels): Singleflight refresh failed: Post "https://daily-cloudcode-pa.sandbox.googleapis.com/v1internal:fetchAvailableModels": dial tcp: lookup daily-cloudcode-pa.sandbox.googleapis.com: Temporary failure in name resolution
2025-11-18 22:44:57.745 [info] W1118 22:44:57.744853 22283 log_context.go:106] Failed to refresh cache in background: Post "https://daily-cloudcode-pa.sandbox.googleapis.com/v1internal:fetchAvailableModels": dial tcp: lookup daily-cloudcode-pa.sandbox.googleapis.com: Temporary failure in name resolution
2025-11-18 22:44:57.900 [info] E1118 22:44:57.900045 22283 log.go:354] Get "https://antigravity-unleash.goog/api/client/features": dial tcp: lookup antigravity-unleash.goog: Temporary failure in name resolution: Get "https://antigravity-unleash.goog/api/client/features": dial tcp: lookup antigravity-unleash.goog: Temporary failure in name resolution
2025-11-18 22:45:57.741 [info] W1118 22:45:57.740088 22283 log_context.go:106] Cache(peopleInfo): Singleflight refresh failed: Get "https://www.googleapis.com/oauth2/v2/userinfo": dial tcp: lookup www.googleapis.com: Temporary failure in name resolution
2025-11-18 22:45:57.741 [info] W1118 22:45:57.740106 22283 log_context.go:106] Failed to refresh cache in background: Get "https://www.googleapis.com/oauth2/v2/userinfo": dial tcp: lookup www.googleapis.com: Temporary failure in name resolution
2025-11-18 22:45:57.741 [info] W1118 22:45:57.740133 22283 log_context.go:106] Cache(userInfo): Singleflight refresh failed: Post "https://daily-cloudcode-pa.sandbox.googleapis.com/v1internal:fetchUserInfo": dial tcp: lookup daily-cloudcode-pa.sandbox.googleapis.com: Temporary failure in name resolution
2025-11-18 22:45:57.741 [info] W1118 22:45:57.740134 22283 log_context.go:106] Cache(availableModels): Singleflight refresh failed: Post "https://daily-cloudcode-pa.sandbox.googleapis.com/v1internal:fetchAvailableModels": dial tcp: lookup daily-cloudcode-pa.sandbox.googleapis.com: Temporary failure in name resolution
2025-11-18 22:45:57.741 [info] W1118 22:45:57.740152 22283 log_context.go:106] Failed to refresh cache in background: Post "https://daily-cloudcode-pa.sandbox.googleapis.com/v1internal:fetchAvailableModels": dial tcp: lookup daily-cloudcode-pa.sandbox.googleapis.com: Temporary failure in name resolution
2025-11-18 22:45:57.741 [info] W1118 22:45:57.740159 22283 log_context.go:106] Failed to refresh cache in background: Post "https://daily-cloudcode-pa.sandbox.googleapis.com/v1internal:fetchUserInfo": dial tcp: lookup daily-cloudcode-pa.sandbox.googleapis.com: Temporary failure in name resolution
2025-11-18 22:45:57.744 [info] W1118 22:45:57.744259 22283 log_context.go:106] Cache(availableModels): Singleflight refresh failed: Post "https://daily-cloudcode-pa.sandbox.googleapis.com/v1internal:fetchAvailableModels": dial tcp: lookup daily-cloudcode-pa.sandbox.googleapis.com: Temporary failure in name resolution
2025-11-18 22:45:57.744 [info] W1118 22:45:57.744288 22283 log_context.go:106] Failed to refresh cache in background: Post "https://daily-cloudcode-pa.sandbox.googleapis.com/v1internal:fetchAvailableModels": dial tcp: lookup daily-cloudcode-pa.sandbox.googleapis.com: Temporary failure in name resolution
2025-11-18 22:45:57.900 [info] E1118 22:45:57.900072 22283 log.go:354] Get "https://antigravity-unleash.goog/api/client/features": dial tcp: lookup antigravity-unleash.goog: Temporary failure in name resolution: Get "https://antigravity-unleash.goog/api/client/features": dial tcp: lookup antigravity-unleash.goog: Temporary failure in name resolution
2025-11-18 22:46:57.741 [info] W1118 22:46:57.740909 22283 log_context.go:106] Cache(availableModels): Singleflight refresh failed: Post "https://daily-cloudcode-pa.sandbox.googleapis.com/v1internal:fetchAvailableModels": dial tcp: lookup daily-cloudcode-pa.sandbox.googleapis.com: Temporary failure in name resolution
2025-11-18 22:46:57.741 [info] W1118 22:46:57.740924 22283 log_context.go:106] Failed to refresh cache in background: Post "https://daily-cloudcode-pa.sandbox.googleapis.com/v1internal:fetchAvailableModels": dial tcp: lookup daily-cloudcode-pa.sandbox.googleapis.com: Temporary failure in name resolution
2025-11-18 22:46:57.741 [info] W1118 22:46:57.740932 22283 log_context.go:106] Cache(userInfo): Singleflight refresh failed: Post "https://daily-cloudcode-pa.sandbox.googleapis.com/v1internal:fetchUserInfo": dial tcp: lookup daily-cloudcode-pa.sandbox.googleapis.com: Temporary failure in name resolution
2025-11-18 22:46:57.741 [info] W1118 22:46:57.740936 22283 log_context.go:106] Failed to refresh cache in background: Post "https://daily-cloudcode-pa.sandbox.googleapis.com/v1internal:fetchUserInfo": dial tcp: lookup daily-cloudcode-pa.sandbox.googleapis.com: Temporary failure in name resolution
2025-11-18 22:46:57.741 [info] W1118 22:46:57.740941 22283 log_context.go:106] Cache(peopleInfo): Singleflight refresh failed: Get "https://www.googleapis.com/oauth2/v2/userinfo": dial tcp: lookup www.googleapis.com: Temporary failure in name resolution
2025-11-18 22:46:57.741 [info] W1118 22:46:57.740946 22283 log_context.go:106] Failed to refresh cache in background: Get "https://www.googleapis.com/oauth2/v2/userinfo": dial tcp: lookup www.googleapis.com: Temporary failure in name resolution
2025-11-18 22:46:57.744 [info] W1118 22:46:57.744407 22283 log_context.go:106] Cache(availableModels): Singleflight refresh failed: Post "https://daily-cloudcode-pa.sandbox.googleapis.com/v1internal:fetchAvailableModels": dial tcp: lookup daily-cloudcode-pa.sandbox.googleapis.com: Temporary failure in name resolution
2025-11-18 22:46:57.744 [info] W1118 22:46:57.744426 22283 log_context.go:106] Failed to refresh cache in background: Post "https://daily-cloudcode-pa.sandbox.googleapis.com/v1internal:fetchAvailableModels": dial tcp: lookup daily-cloudcode-pa.sandbox.googleapis.com: Temporary failure in name resolution
2025-11-18 22:46:57.899 [info] E1118 22:46:57.899527 22283 log.go:354] Get "https://antigravity-unleash.goog/api/client/features": dial tcp: lookup antigravity-unleash.goog: Temporary failure in name resolution: Get "https://antigravity-unleash.goog/api/client/features": dial tcp: lookup antigravity-unleash.goog: Temporary failure in name resolution
2025-11-18 22:47:57.742 [info] W1118 22:47:57.741297 22283 log_context.go:106] Cache(availableModels): Singleflight refresh failed: Post "https://daily-cloudcode-pa.sandbox.googleapis.com/v1internal:fetchAvailableModels": dial tcp: lookup daily-cloudcode-pa.sandbox.googleapis.com: Temporary failure in name resolution
2025-11-18 22:47:57.742 [info] W1118 22:47:57.741320 22283 log_context.go:106] Failed to refresh cache in background: Post "https://daily-cloudcode-pa.sandbox.googleapis.com/v1internal:fetchAvailableModels": dial tcp: lookup daily-cloudcode-pa.sandbox.googleapis.com: Temporary failure in name resolution
2025-11-18 22:47:57.742 [info] W1118 22:47:57.741300 22283 log_context.go:106] Cache(userInfo): Singleflight refresh failed: Post "https://daily-cloudcode-pa.sandbox.googleapis.com/v1internal:fetchUserInfo": dial tcp: lookup daily-cloudcode-pa.sandbox.googleapis.com: Temporary failure in name resolution
2025-11-18 22:47:57.742 [info] W1118 22:47:57.741331 22283 log_context.go:106] Failed to refresh cache in background: Post "https://daily-cloudcode-pa.sandbox.googleapis.com/v1internal:fetchUserInfo": dial tcp: lookup daily-cloudcode-pa.sandbox.googleapis.com: Temporary failure in name resolution
2025-11-18 22:47:57.742 [info] W1118 22:47:57.741385 22283 log_context.go:106] Cache(peopleInfo): Singleflight refresh failed: Get "https://www.googleapis.com/oauth2/v2/userinfo": dial tcp: lookup www.googleapis.com: Temporary failure in name resolution
2025-11-18 22:47:57.742 [info] W1118 22:47:57.741401 22283 log_context.go:106] Failed to refresh cache in background: Get "https://www.googleapis.com/oauth2/v2/userinfo": dial tcp: lookup www.googleapis.com: Temporary failure in name resolution
2025-11-18 22:47:57.746 [info] W1118 22:47:57.746806 22283 log_context.go:106] Cache(availableModels): Singleflight refresh failed: Post "https://daily-cloudcode-pa.sandbox.googleapis.com/v1internal:fetchAvailableModels": dial tcp: lookup daily-cloudcode-pa.sandbox.googleapis.com: Temporary failure in name resolution
2025-11-18 22:47:57.746 [info] W1118 22:47:57.746828 22283 log_context.go:106] Failed to refresh cache in background: Post "https://daily-cloudcode-pa.sandbox.googleapis.com/v1internal:fetchAvailableModels": dial tcp: lookup daily-cloudcode-pa.sandbox.googleapis.com: Temporary failure in name resolution
2025-11-18 22:47:57.899 [info] E1118 22:47:57.899573 22283 log.go:354] Get "https://antigravity-unleash.goog/api/client/features": dial tcp: lookup antigravity-unleash.goog: Temporary failure in name resolution: Get "https://antigravity-unleash.goog/api/client/features": dial tcp: lookup antigravity-unleash.goog: Temporary failure in name resolution
2025-11-18 22:48:57.743 [info] W1118 22:48:57.741296 22283 log_context.go:106] Cache(userInfo): Singleflight refresh failed: Post "https://daily-cloudcode-pa.sandbox.googleapis.com/v1internal:fetchUserInfo": dial tcp: lookup daily-cloudcode-pa.sandbox.googleapis.com: Temporary failure in name resolution
2025-11-18 22:48:57.743 [info] W1118 22:48:57.741322 22283 log_context.go:106] Failed to refresh cache in background: Post "https://daily-cloudcode-pa.sandbox.googleapis.com/v1internal:fetchUserInfo": dial tcp: lookup daily-cloudcode-pa.sandbox.googleapis.com: Temporary failure in name resolution
2025-11-18 22:48:57.743 [info] W1118 22:48:57.741331 22283 log_context.go:106] Cache(peopleInfo): Singleflight refresh failed: Get "https://www.googleapis.com/oauth2/v2/userinfo": dial tcp: lookup www.googleapis.com: Temporary failure in name resolution
2025-11-18 22:48:57.743 [info] W1118 22:48:57.741340 22283 log_context.go:106] Failed to refresh cache in background: Get "https://www.googleapis.com/oauth2/v2/userinfo": dial tcp: lookup www.googleapis.com: Temporary failure in name resolution
2025-11-18 22:48:57.743 [info] W1118 22:48:57.741296 22283 log_context.go:106] Cache(availableModels): Singleflight refresh failed: Post "https://daily-cloudcode-pa.sandbox.googleapis.com/v1internal:fetchAvailableModels": dial tcp: lookup daily-cloudcode-pa.sandbox.googleapis.com: Temporary failure in name resolution
2025-11-18 22:48:57.743 [info] W1118 22:48:57.741346 22283 log_context.go:106] Failed to refresh cache in background: Post "https://daily-cloudcode-pa.sandbox.googleapis.com/v1internal:fetchAvailableModels": dial tcp: lookup daily-cloudcode-pa.sandbox.googleapis.com: Temporary failure in name resolution
2025-11-18 22:48:57.746 [info] W1118 22:48:57.746268 22283 log_context.go:106] Cache(availableModels): Singleflight refresh failed: Post "https://daily-cloudcode-pa.sandbox.googleapis.com/v1internal:fetchAvailableModels": dial tcp: lookup daily-cloudcode-pa.sandbox.googleapis.com: Temporary failure in name resolution
2025-11-18 22:48:57.746 [info] W1118 22:48:57.746302 22283 log_context.go:106] Failed to refresh cache in background: Post "https://daily-cloudcode-pa.sandbox.googleapis.com/v1internal:fetchAvailableModels": dial tcp: lookup daily-cloudcode-pa.sandbox.googleapis.com: Temporary failure in name resolution
2025-11-18 22:48:57.899 [info] E1118 22:48:57.899621 22283 log.go:354] Get "https://antigravity-unleash.goog/api/client/features": dial tcp: lookup antigravity-unleash.goog: Temporary failure in name resolution: Get "https://antigravity-unleash.goog/api/client/features": dial tcp: lookup antigravity-unleash.goog: Temporary failure in name resolution
2025-11-18 22:49:57.744 [info] W1118 22:49:57.741970 22283 log_context.go:106] Cache(availableModels): Singleflight refresh failed: Post "https://daily-cloudcode-pa.sandbox.googleapis.com/v1internal:fetchAvailableModels": dial tcp: lookup daily-cloudcode-pa.sandbox.googleapis.com: Temporary failure in name resolution
2025-11-18 22:49:57.744 [info] W1118 22:49:57.741997 22283 log_context.go:106] Failed to refresh cache in background: Post "https://daily-cloudcode-pa.sandbox.googleapis.com/v1internal:fetchAvailableModels": dial tcp: lookup daily-cloudcode-pa.sandbox.googleapis.com: Temporary failure in name resolution
2025-11-18 22:49:57.744 [info] W1118 22:49:57.742005 22283 log_context.go:106] Cache(peopleInfo): Singleflight refresh failed: Get "https://www.googleapis.com/oauth2/v2/userinfo": dial tcp: lookup www.googleapis.com: Temporary failure in name resolution
2025-11-18 22:49:57.744 [info] W1118 22:49:57.742012 22283 log_context.go:106] Failed to refresh cache in background: Get "https://www.googleapis.com/oauth2/v2/userinfo": dial tcp: lookup www.googleapis.com: Temporary failure in name resolution
2025-11-18 22:49:57.744 [info] W1118 22:49:57.741970 22283 log_context.go:106] Cache(userInfo): Singleflight refresh failed: Post "https://daily-cloudcode-pa.sandbox.googleapis.com/v1internal:fetchUserInfo": dial tcp: lookup daily-cloudcode-pa.sandbox.googleapis.com: Temporary failure in name resolution
2025-11-18 22:49:57.744 [info] W1118 22:49:57.742019 22283 log_context.go:106] Failed to refresh cache in background: Post "https://daily-cloudcode-pa.sandbox.googleapis.com/v1internal:fetchUserInfo": dial tcp: lookup daily-cloudcode-pa.sandbox.googleapis.com: Temporary failure in name resolution
2025-11-18 22:49:57.747 [info] W1118 22:49:57.746803 22283 log_context.go:106] Cache(availableModels): Singleflight refresh failed: Post "https://daily-cloudcode-pa.sandbox.googleapis.com/v1internal:fetchAvailableModels": dial tcp: lookup daily-cloudcode-pa.sandbox.googleapis.com: Temporary failure in name resolution
2025-11-18 22:49:57.747 [info] W1118 22:49:57.746836 22283 log_context.go:106] Failed to refresh cache in background: Post "https://daily-cloudcode-pa.sandbox.googleapis.com/v1internal:fetchAvailableModels": dial tcp: lookup daily-cloudcode-pa.sandbox.googleapis.com: Temporary failure in name resolution
2025-11-18 22:49:57.899 [info] E1118 22:49:57.899448 22283 log.go:354] Get "https://antigravity-unleash.goog/api/client/features": dial tcp: lookup antigravity-unleash.goog: Temporary failure in name resolution: Get "https://antigravity-unleash.goog/api/client/features": dial tcp: lookup antigravity-unleash.goog: Temporary failure in name resolution
2025-11-18 22:50:57.742 [info] W1118 22:50:57.741932 22283 log_context.go:106] Cache(peopleInfo): Singleflight refresh failed: Get "https://www.googleapis.com/oauth2/v2/userinfo": dial tcp: lookup www.googleapis.com: Temporary failure in name resolution
2025-11-18 22:50:57.742 [info] W1118 22:50:57.741953 22283 log_context.go:106] Failed to refresh cache in background: Get "https://www.googleapis.com/oauth2/v2/userinfo": dial tcp: lookup www.googleapis.com: Temporary failure in name resolution
2025-11-18 22:50:57.742 [info] W1118 22:50:57.741997 22283 log_context.go:106] Cache(userInfo): Singleflight refresh failed: Post "https://daily-cloudcode-pa.sandbox.googleapis.com/v1internal:fetchUserInfo": dial tcp: lookup daily-cloudcode-pa.sandbox.googleapis.com: Temporary failure in name resolution
2025-11-18 22:50:57.742 [info] W1118 22:50:57.741998 22283 log_context.go:106] Cache(availableModels): Singleflight refresh failed: Post "https://daily-cloudcode-pa.sandbox.googleapis.com/v1internal:fetchAvailableModels": dial tcp: lookup daily-cloudcode-pa.sandbox.googleapis.com: Temporary failure in name resolution
2025-11-18 22:50:57.742 [info] W1118 22:50:57.742017 22283 log_context.go:106] Failed to refresh cache in background: Post "https://daily-cloudcode-pa.sandbox.googleapis.com/v1internal:fetchAvailableModels": dial tcp: lookup daily-cloudcode-pa.sandbox.googleapis.com: Temporary failure in name resolution
2025-11-18 22:50:57.742 [info] W1118 22:50:57.742004 22283 log_context.go:106] Failed to refresh cache in background: Post "https://daily-cloudcode-pa.sandbox.googleapis.com/v1internal:fetchUserInfo": dial tcp: lookup daily-cloudcode-pa.sandbox.googleapis.com: Temporary failure in name resolution
2025-11-18 22:50:57.745 [info] W1118 22:50:57.745582 22283 log_context.go:106] Cache(availableModels): Singleflight refresh failed: Post "https://daily-cloudcode-pa.sandbox.googleapis.com/v1internal:fetchAvailableModels": dial tcp: lookup daily-cloudcode-pa.sandbox.googleapis.com: Temporary failure in name resolution
2025-11-18 22:50:57.745 [info] W1118 22:50:57.745605 22283 log_context.go:106] Failed to refresh cache in background: Post "https://daily-cloudcode-pa.sandbox.googleapis.com/v1internal:fetchAvailableModels": dial tcp: lookup daily-cloudcode-pa.sandbox.googleapis.com: Temporary failure in name resolution
2025-11-18 22:50:57.899 [info] E1118 22:50:57.899450 22283 log.go:354] Get "https://antigravity-unleash.goog/api/client/features": dial tcp: lookup antigravity-unleash.goog: Temporary failure in name resolution: Get "https://antigravity-unleash.goog/api/client/features": dial tcp: lookup antigravity-unleash.goog: Temporary failure in name resolution
2025-11-18 22:51:57.743 [info] W1118 22:51:57.742367 22283 log_context.go:106] Cache(peopleInfo): Singleflight refresh failed: Get "https://www.googleapis.com/oauth2/v2/userinfo": dial tcp: lookup www.googleapis.com: Temporary failure in name resolution
2025-11-18 22:51:57.743 [info] W1118 22:51:57.742399 22283 log_context.go:106] Failed to refresh cache in background: Get "https://www.googleapis.com/oauth2/v2/userinfo": dial tcp: lookup www.googleapis.com: Temporary failure in name resolution
2025-11-18 22:51:57.743 [info] W1118 22:51:57.742422 22283 log_context.go:106] Cache(userInfo): Singleflight refresh failed: Post "https://daily-cloudcode-pa.sandbox.googleapis.com/v1internal:fetchUserInfo": dial tcp: lookup daily-cloudcode-pa.sandbox.googleapis.com: Temporary failure in name resolution
2025-11-18 22:51:57.743 [info] W1118 22:51:57.742441 22283 log_context.go:106] Failed to refresh cache in background: Post "https://daily-cloudcode-pa.sandbox.googleapis.com/v1internal:fetchUserInfo": dial tcp: lookup daily-cloudcode-pa.sandbox.googleapis.com: Temporary failure in name resolution
2025-11-18 22:51:57.743 [info] W1118 22:51:57.742453 22283 log_context.go:106] Cache(availableModels): Singleflight refresh failed: Post "https://daily-cloudcode-pa.sandbox.googleapis.com/v1internal:fetchAvailableModels": dial tcp: lookup daily-cloudcode-pa.sandbox.googleapis.com: Temporary failure in name resolution
2025-11-18 22:51:57.743 [info] W1118 22:51:57.742464 22283 log_context.go:106] Failed to refresh cache in background: Post "https://daily-cloudcode-pa.sandbox.googleapis.com/v1internal:fetchAvailableModels": dial tcp: lookup daily-cloudcode-pa.sandbox.googleapis.com: Temporary failure in name resolution
2025-11-18 22:51:57.748 [info] W1118 22:51:57.748405 22283 log_context.go:106] Cache(availableModels): Singleflight refresh failed: Post "https://daily-cloudcode-pa.sandbox.googleapis.com/v1internal:fetchAvailableModels": dial tcp: lookup daily-cloudcode-pa.sandbox.googleapis.com: Temporary failure in name resolution
2025-11-18 22:51:57.748 [info] W1118 22:51:57.748438 22283 log_context.go:106] Failed to refresh cache in background: Post "https://daily-cloudcode-pa.sandbox.googleapis.com/v1internal:fetchAvailableModels": dial tcp: lookup daily-cloudcode-pa.sandbox.googleapis.com: Temporary failure in name resolution
2025-11-18 22:51:57.900 [info] E1118 22:51:57.900173 22283 log.go:354] Get "https://antigravity-unleash.goog/api/client/features": dial tcp: lookup antigravity-unleash.goog: Temporary failure in name resolution: Get "https://antigravity-unleash.goog/api/client/features": dial tcp: lookup antigravity-unleash.goog: Temporary failure in name resolution
2025-11-18 22:52:57.743 [info] W1118 22:52:57.742285 22283 log_context.go:106] Cache(userInfo): Singleflight refresh failed: Post "https://daily-cloudcode-pa.sandbox.googleapis.com/v1internal:fetchUserInfo": dial tcp: lookup daily-cloudcode-pa.sandbox.googleapis.com: Temporary failure in name resolution
2025-11-18 22:52:57.743 [info] W1118 22:52:57.742309 22283 log_context.go:106] Failed to refresh cache in background: Post "https://daily-cloudcode-pa.sandbox.googleapis.com/v1internal:fetchUserInfo": dial tcp: lookup daily-cloudcode-pa.sandbox.googleapis.com: Temporary failure in name resolution
2025-11-18 22:52:57.743 [info] W1118 22:52:57.742286 22283 log_context.go:106] Cache(availableModels): Singleflight refresh failed: Post "https://daily-cloudcode-pa.sandbox.googleapis.com/v1internal:fetchAvailableModels": dial tcp: lookup daily-cloudcode-pa.sandbox.googleapis.com: Temporary failure in name resolution
2025-11-18 22:52:57.743 [info] W1118 22:52:57.742320 22283 log_context.go:106] Failed to refresh cache in background: Post "https://daily-cloudcode-pa.sandbox.googleapis.com/v1internal:fetchAvailableModels": dial tcp: lookup daily-cloudcode-pa.sandbox.googleapis.com: Temporary failure in name resolution
2025-11-18 22:52:57.743 [info] W1118 22:52:57.742335 22283 log_context.go:106] Cache(peopleInfo): Singleflight refresh failed: Get "https://www.googleapis.com/oauth2/v2/userinfo": dial tcp: lookup www.googleapis.com: Temporary failure in name resolution
2025-11-18 22:52:57.743 [info] W1118 22:52:57.742349 22283 log_context.go:106] Failed to refresh cache in background: Get "https://www.googleapis.com/oauth2/v2/userinfo": dial tcp: lookup www.googleapis.com: Temporary failure in name resolution
2025-11-18 22:52:57.746 [info] W1118 22:52:57.746153 22283 log_context.go:106] Cache(availableModels): Singleflight refresh failed: Post "https://daily-cloudcode-pa.sandbox.googleapis.com/v1internal:fetchAvailableModels": dial tcp: lookup daily-cloudcode-pa.sandbox.googleapis.com: Temporary failure in name resolution
2025-11-18 22:52:57.746 [info] W1118 22:52:57.746172 22283 log_context.go:106] Failed to refresh cache in background: Post "https://daily-cloudcode-pa.sandbox.googleapis.com/v1internal:fetchAvailableModels": dial tcp: lookup daily-cloudcode-pa.sandbox.googleapis.com: Temporary failure in name resolution
2025-11-18 22:52:57.899 [info] E1118 22:52:57.899636 22283 log.go:354] Get "https://antigravity-unleash.goog/api/client/features": dial tcp: lookup antigravity-unleash.goog: Temporary failure in name resolution: Get "https://antigravity-unleash.goog/api/client/features": dial tcp: lookup antigravity-unleash.goog: Temporary failure in name resolution
2025-11-18 22:53:57.744 [info] W1118 22:53:57.743336 22283 log_context.go:106] Cache(peopleInfo): Singleflight refresh failed: Get "https://www.googleapis.com/oauth2/v2/userinfo": dial tcp: lookup www.googleapis.com: Temporary failure in name resolution
2025-11-18 22:53:57.744 [info] W1118 22:53:57.743354 22283 log_context.go:106] Failed to refresh cache in background: Get "https://www.googleapis.com/oauth2/v2/userinfo": dial tcp: lookup www.googleapis.com: Temporary failure in name resolution
2025-11-18 22:53:57.744 [info] W1118 22:53:57.743379 22283 log_context.go:106] Cache(userInfo): Singleflight refresh failed: Post "https://daily-cloudcode-pa.sandbox.googleapis.com/v1internal:fetchUserInfo": dial tcp: lookup daily-cloudcode-pa.sandbox.googleapis.com: Temporary failure in name resolution
2025-11-18 22:53:57.744 [info] W1118 22:53:57.743388 22283 log_context.go:106] Failed to refresh cache in background: Post "https://daily-cloudcode-pa.sandbox.googleapis.com/v1internal:fetchUserInfo": dial tcp: lookup daily-cloudcode-pa.sandbox.googleapis.com: Temporary failure in name resolution
2025-11-18 22:53:57.744 [info] W1118 22:53:57.743393 22283 log_context.go:106] Cache(availableModels): Singleflight refresh failed: Post "https://daily-cloudcode-pa.sandbox.googleapis.com/v1internal:fetchAvailableModels": dial tcp: lookup daily-cloudcode-pa.sandbox.googleapis.com: Temporary failure in name resolution
2025-11-18 22:53:57.744 [info] W1118 22:53:57.743398 22283 log_context.go:106] Failed to refresh cache in background: Post "https://daily-cloudcode-pa.sandbox.googleapis.com/v1internal:fetchAvailableModels": dial tcp: lookup daily-cloudcode-pa.sandbox.googleapis.com: Temporary failure in name resolution
2025-11-18 22:53:57.747 [info] W1118 22:53:57.746995 22283 log_context.go:106] Cache(availableModels): Singleflight refresh failed: Post "https://daily-cloudcode-pa.sandbox.googleapis.com/v1internal:fetchAvailableModels": dial tcp: lookup daily-cloudcode-pa.sandbox.googleapis.com: Temporary failure in name resolution
2025-11-18 22:53:57.747 [info] W1118 22:53:57.747013 22283 log_context.go:106] Failed to refresh cache in background: Post "https://daily-cloudcode-pa.sandbox.googleapis.com/v1internal:fetchAvailableModels": dial tcp: lookup daily-cloudcode-pa.sandbox.googleapis.com: Temporary failure in name resolution
2025-11-18 22:53:57.899 [info] E1118 22:53:57.899410 22283 log.go:354] Get "https://antigravity-unleash.goog/api/client/features": dial tcp: lookup antigravity-unleash.goog: Temporary failure in name resolution: Get "https://antigravity-unleash.goog/api/client/features": dial tcp: lookup antigravity-unleash.goog: Temporary failure in name resolution
2025-11-18 22:54:57.744 [info] W1118 22:54:57.743647 22283 log_context.go:106] Cache(peopleInfo): Singleflight refresh failed: Get "https://www.googleapis.com/oauth2/v2/userinfo": dial tcp: lookup www.googleapis.com: Temporary failure in name resolution
2025-11-18 22:54:57.744 [info] W1118 22:54:57.743666 22283 log_context.go:106] Failed to refresh cache in background: Get "https://www.googleapis.com/oauth2/v2/userinfo": dial tcp: lookup www.googleapis.com: Temporary failure in name resolution
2025-11-18 22:54:57.744 [info] W1118 22:54:57.743688 22283 log_context.go:106] Cache(availableModels): Singleflight refresh failed: Post "https://daily-cloudcode-pa.sandbox.googleapis.com/v1internal:fetchAvailableModels": dial tcp: lookup daily-cloudcode-pa.sandbox.googleapis.com: Temporary failure in name resolution
2025-11-18 22:54:57.744 [info] W1118 22:54:57.743693 22283 log_context.go:106] Cache(userInfo): Singleflight refresh failed: Post "https://daily-cloudcode-pa.sandbox.googleapis.com/v1internal:fetchUserInfo": dial tcp: lookup daily-cloudcode-pa.sandbox.googleapis.com: Temporary failure in name resolution
2025-11-18 22:54:57.744 [info] W1118 22:54:57.743712 22283 log_context.go:106] Failed to refresh cache in background: Post "https://daily-cloudcode-pa.sandbox.googleapis.com/v1internal:fetchUserInfo": dial tcp: lookup daily-cloudcode-pa.sandbox.googleapis.com: Temporary failure in name resolution
2025-11-18 22:54:57.744 [info] W1118 22:54:57.743717 22283 log_context.go:106] Failed to refresh cache in background: Post "https://daily-cloudcode-pa.sandbox.googleapis.com/v1internal:fetchAvailableModels": dial tcp: lookup daily-cloudcode-pa.sandbox.googleapis.com: Temporary failure in name resolution
2025-11-18 22:54:57.747 [info] W1118 22:54:57.747817 22283 log_context.go:106] Cache(availableModels): Singleflight refresh failed: Post "https://daily-cloudcode-pa.sandbox.googleapis.com/v1internal:fetchAvailableModels": dial tcp: lookup daily-cloudcode-pa.sandbox.googleapis.com: Temporary failure in name resolution
2025-11-18 22:54:57.747 [info] W1118 22:54:57.747837 22283 log_context.go:106] Failed to refresh cache in background: Post "https://daily-cloudcode-pa.sandbox.googleapis.com/v1internal:fetchAvailableModels": dial tcp: lookup daily-cloudcode-pa.sandbox.googleapis.com: Temporary failure in name resolution
2025-11-18 22:54:57.899 [info] E1118 22:54:57.899471 22283 log.go:354] Get "https://antigravity-unleash.goog/api/client/features": dial tcp: lookup antigravity-unleash.goog: Temporary failure in name resolution: Get "https://antigravity-unleash.goog/api/client/features": dial tcp: lookup antigravity-unleash.goog: Temporary failure in name resolution
2025-11-18 22:55:57.745 [info] W1118 22:55:57.744669 22283 log_context.go:106] Cache(availableModels): Singleflight refresh failed: Post "https://daily-cloudcode-pa.sandbox.googleapis.com/v1internal:fetchAvailableModels": dial tcp: lookup daily-cloudcode-pa.sandbox.googleapis.com: Temporary failure in name resolution
2025-11-18 22:55:57.745 [info] W1118 22:55:57.744687 22283 log_context.go:106] Failed to refresh cache in background: Post "https://daily-cloudcode-pa.sandbox.googleapis.com/v1internal:fetchAvailableModels": dial tcp: lookup daily-cloudcode-pa.sandbox.googleapis.com: Temporary failure in name resolution
2025-11-18 22:55:57.745 [info] W1118 22:55:57.744698 22283 log_context.go:106] Cache(userInfo): Singleflight refresh failed: Post "https://daily-cloudcode-pa.sandbox.googleapis.com/v1internal:fetchUserInfo": dial tcp: lookup daily-cloudcode-pa.sandbox.googleapis.com: Temporary failure in name resolution
2025-11-18 22:55:57.745 [info] W1118 22:55:57.744709 22283 log_context.go:106] Failed to refresh cache in background: Post "https://daily-cloudcode-pa.sandbox.googleapis.com/v1internal:fetchUserInfo": dial tcp: lookup daily-cloudcode-pa.sandbox.googleapis.com: Temporary failure in name resolution
2025-11-18 22:55:57.745 [info] W1118 22:55:57.744716 22283 log_context.go:106] Cache(peopleInfo): Singleflight refresh failed: Get "https://www.googleapis.com/oauth2/v2/userinfo": dial tcp: lookup www.googleapis.com: Temporary failure in name resolution
2025-11-18 22:55:57.745 [info] W1118 22:55:57.744722 22283 log_context.go:106] Failed to refresh cache in background: Get "https://www.googleapis.com/oauth2/v2/userinfo": dial tcp: lookup www.googleapis.com: Temporary failure in name resolution
2025-11-18 22:55:57.748 [info] W1118 22:55:57.748753 22283 log_context.go:106] Cache(availableModels): Singleflight refresh failed: Post "https://daily-cloudcode-pa.sandbox.googleapis.com/v1internal:fetchAvailableModels": dial tcp: lookup daily-cloudcode-pa.sandbox.googleapis.com: Temporary failure in name resolution
2025-11-18 22:55:57.748 [info] W1118 22:55:57.748773 22283 log_context.go:106] Failed to refresh cache in background: Post "https://daily-cloudcode-pa.sandbox.googleapis.com/v1internal:fetchAvailableModels": dial tcp: lookup daily-cloudcode-pa.sandbox.googleapis.com: Temporary failure in name resolution
2025-11-18 22:55:57.899 [info] E1118 22:55:57.899783 22283 log.go:354] Get "https://antigravity-unleash.goog/api/client/features": dial tcp: lookup antigravity-unleash.goog: Temporary failure in name resolution: Get "https://antigravity-unleash.goog/api/client/features": dial tcp: lookup antigravity-unleash.goog: Temporary failure in name resolution
2025-11-18 22:56:57.746 [info] W1118 22:56:57.745230 22283 log_context.go:106] Cache(availableModels): Singleflight refresh failed: Post "https://daily-cloudcode-pa.sandbox.googleapis.com/v1internal:fetchAvailableModels": dial tcp: lookup daily-cloudcode-pa.sandbox.googleapis.com: Temporary failure in name resolution
2025-11-18 22:56:57.746 [info] W1118 22:56:57.745248 22283 log_context.go:106] Failed to refresh cache in background: Post "https://daily-cloudcode-pa.sandbox.googleapis.com/v1internal:fetchAvailableModels": dial tcp: lookup daily-cloudcode-pa.sandbox.googleapis.com: Temporary failure in name resolution
2025-11-18 22:56:57.746 [info] W1118 22:56:57.745255 22283 log_context.go:106] Cache(userInfo): Singleflight refresh failed: Post "https://daily-cloudcode-pa.sandbox.googleapis.com/v1internal:fetchUserInfo": dial tcp: lookup daily-cloudcode-pa.sandbox.googleapis.com: Temporary failure in name resolution
2025-11-18 22:56:57.746 [info] W1118 22:56:57.745256 22283 log_context.go:106] Cache(peopleInfo): Singleflight refresh failed: Get "https://www.googleapis.com/oauth2/v2/userinfo": dial tcp: lookup www.googleapis.com: Temporary failure in name resolution
2025-11-18 22:56:57.746 [info] W1118 22:56:57.745260 22283 log_context.go:106] Failed to refresh cache in background: Post "https://daily-cloudcode-pa.sandbox.googleapis.com/v1internal:fetchUserInfo": dial tcp: lookup daily-cloudcode-pa.sandbox.googleapis.com: Temporary failure in name resolution
2025-11-18 22:56:57.746 [info] W1118 22:56:57.745275 22283 log_context.go:106] Failed to refresh cache in background: Get "https://www.googleapis.com/oauth2/v2/userinfo": dial tcp: lookup www.googleapis.com: Temporary failure in name resolution
2025-11-18 22:56:57.749 [info] W1118 22:56:57.749165 22283 log_context.go:106] Cache(availableModels): Singleflight refresh failed: Post "https://daily-cloudcode-pa.sandbox.googleapis.com/v1internal:fetchAvailableModels": dial tcp: lookup daily-cloudcode-pa.sandbox.googleapis.com: Temporary failure in name resolution
2025-11-18 22:56:57.749 [info] W1118 22:56:57.749186 22283 log_context.go:106] Failed to refresh cache in background: Post "https://daily-cloudcode-pa.sandbox.googleapis.com/v1internal:fetchAvailableModels": dial tcp: lookup daily-cloudcode-pa.sandbox.googleapis.com: Temporary failure in name resolution
2025-11-18 22:56:57.899 [info] E1118 22:56:57.899818 22283 log.go:354] Get "https://antigravity-unleash.goog/api/client/features": dial tcp: lookup antigravity-unleash.goog: Temporary failure in name resolution: Get "https://antigravity-unleash.goog/api/client/features": dial tcp: lookup antigravity-unleash.goog: Temporary failure in name resolution
2025-11-18 22:57:57.745 [info] W1118 22:57:57.744390 22283 log_context.go:106] Cache(peopleInfo): Singleflight refresh failed: Get "https://www.googleapis.com/oauth2/v2/userinfo": dial tcp: lookup www.googleapis.com: Temporary failure in name resolution
2025-11-18 22:57:57.745 [info] W1118 22:57:57.744407 22283 log_context.go:106] Failed to refresh cache in background: Get "https://www.googleapis.com/oauth2/v2/userinfo": dial tcp: lookup www.googleapis.com: Temporary failure in name resolution
2025-11-18 22:57:57.745 [info] W1118 22:57:57.744428 22283 log_context.go:106] Cache(userInfo): Singleflight refresh failed: Post "https://daily-cloudcode-pa.sandbox.googleapis.com/v1internal:fetchUserInfo": dial tcp: lookup daily-cloudcode-pa.sandbox.googleapis.com: Temporary failure in name resolution
2025-11-18 22:57:57.745 [info] W1118 22:57:57.744431 22283 log_context.go:106] Cache(availableModels): Singleflight refresh failed: Post "https://daily-cloudcode-pa.sandbox.googleapis.com/v1internal:fetchAvailableModels": dial tcp: lookup daily-cloudcode-pa.sandbox.googleapis.com: Temporary failure in name resolution
2025-11-18 22:57:57.745 [info] W1118 22:57:57.744447 22283 log_context.go:106] Failed to refresh cache in background: Post "https://daily-cloudcode-pa.sandbox.googleapis.com/v1internal:fetchAvailableModels": dial tcp: lookup daily-cloudcode-pa.sandbox.googleapis.com: Temporary failure in name resolution
2025-11-18 22:57:57.745 [info] W1118 22:57:57.744436 22283 log_context.go:106] Failed to refresh cache in background: Post "https://daily-cloudcode-pa.sandbox.googleapis.com/v1internal:fetchUserInfo": dial tcp: lookup daily-cloudcode-pa.sandbox.googleapis.com: Temporary failure in name resolution
2025-11-18 22:57:57.748 [info] W1118 22:57:57.747906 22283 log_context.go:106] Cache(availableModels): Singleflight refresh failed: Post "https://daily-cloudcode-pa.sandbox.googleapis.com/v1internal:fetchAvailableModels": dial tcp: lookup daily-cloudcode-pa.sandbox.googleapis.com: Temporary failure in name resolution
2025-11-18 22:57:57.748 [info] W1118 22:57:57.747921 22283 log_context.go:106] Failed to refresh cache in background: Post "https://daily-cloudcode-pa.sandbox.googleapis.com/v1internal:fetchAvailableModels": dial tcp: lookup daily-cloudcode-pa.sandbox.googleapis.com: Temporary failure in name resolution
2025-11-18 22:57:57.899 [info] E1118 22:57:57.899634 22283 log.go:354] Get "https://antigravity-unleash.goog/api/client/features": dial tcp: lookup antigravity-unleash.goog: Temporary failure in name resolution: Get "https://antigravity-unleash.goog/api/client/features": dial tcp: lookup antigravity-unleash.goog: Temporary failure in name resolution
2025-11-18 22:58:57.745 [info] W1118 22:58:57.744722 22283 log_context.go:106] Cache(peopleInfo): Singleflight refresh failed: Get "https://www.googleapis.com/oauth2/v2/userinfo": dial tcp: lookup www.googleapis.com: Temporary failure in name resolution
2025-11-18 22:58:57.745 [info] W1118 22:58:57.744738 22283 log_context.go:106] Failed to refresh cache in background: Get "https://www.googleapis.com/oauth2/v2/userinfo": dial tcp: lookup www.googleapis.com: Temporary failure in name resolution
2025-11-18 22:58:57.745 [info] W1118 22:58:57.744773 22283 log_context.go:106] Cache(userInfo): Singleflight refresh failed: Post "https://daily-cloudcode-pa.sandbox.googleapis.com/v1internal:fetchUserInfo": dial tcp: lookup daily-cloudcode-pa.sandbox.googleapis.com: Temporary failure in name resolution
2025-11-18 22:58:57.745 [info] W1118 22:58:57.744774 22283 log_context.go:106] Cache(availableModels): Singleflight refresh failed: Post "https://daily-cloudcode-pa.sandbox.googleapis.com/v1internal:fetchAvailableModels": dial tcp: lookup daily-cloudcode-pa.sandbox.googleapis.com: Temporary failure in name resolution
2025-11-18 22:58:57.745 [info] W1118 22:58:57.744801 22283 log_context.go:106] Failed to refresh cache in background: Post "https://daily-cloudcode-pa.sandbox.googleapis.com/v1internal:fetchAvailableModels": dial tcp: lookup daily-cloudcode-pa.sandbox.googleapis.com: Temporary failure in name resolution
2025-11-18 22:58:57.745 [info] W1118 22:58:57.744825 22283 log_context.go:106] Failed to refresh cache in background: Post "https://daily-cloudcode-pa.sandbox.googleapis.com/v1internal:fetchUserInfo": dial tcp: lookup daily-cloudcode-pa.sandbox.googleapis.com: Temporary failure in name resolution
2025-11-18 22:58:57.748 [info] W1118 22:58:57.748573 22283 log_context.go:106] Cache(availableModels): Singleflight refresh failed: Post "https://daily-cloudcode-pa.sandbox.googleapis.com/v1internal:fetchAvailableModels": dial tcp: lookup daily-cloudcode-pa.sandbox.googleapis.com: Temporary failure in name resolution
2025-11-18 22:58:57.748 [info] W1118 22:58:57.748597 22283 log_context.go:106] Failed to refresh cache in background: Post "https://daily-cloudcode-pa.sandbox.googleapis.com/v1internal:fetchAvailableModels": dial tcp: lookup daily-cloudcode-pa.sandbox.googleapis.com: Temporary failure in name resolution
2025-11-18 22:58:57.899 [info] E1118 22:58:57.899681 22283 log.go:354] Get "https://antigravity-unleash.goog/api/client/features": dial tcp: lookup antigravity-unleash.goog: Temporary failure in name resolution: Get "https://antigravity-unleash.goog/api/client/features": dial tcp: lookup antigravity-unleash.goog: Temporary failure in name resolution
2025-11-18 22:59:57.746 [info] W1118 22:59:57.745240 22283 log_context.go:106] Cache(peopleInfo): Singleflight refresh failed: Get "https://www.googleapis.com/oauth2/v2/userinfo": dial tcp: lookup www.googleapis.com: Temporary failure in name resolution
2025-11-18 22:59:57.746 [info] W1118 22:59:57.745280 22283 log_context.go:106] Failed to refresh cache in background: Get "https://www.googleapis.com/oauth2/v2/userinfo": dial tcp: lookup www.googleapis.com: Temporary failure in name resolution
2025-11-18 22:59:57.746 [info] W1118 22:59:57.745301 22283 log_context.go:106] Cache(userInfo): Singleflight refresh failed: Post "https://daily-cloudcode-pa.sandbox.googleapis.com/v1internal:fetchUserInfo": dial tcp: lookup daily-cloudcode-pa.sandbox.googleapis.com: Temporary failure in name resolution
2025-11-18 22:59:57.746 [info] W1118 22:59:57.745301 22283 log_context.go:106] Cache(availableModels): Singleflight refresh failed: Post "https://daily-cloudcode-pa.sandbox.googleapis.com/v1internal:fetchAvailableModels": dial tcp: lookup daily-cloudcode-pa.sandbox.googleapis.com: Temporary failure in name resolution
2025-11-18 22:59:57.746 [info] W1118 22:59:57.745318 22283 log_context.go:106] Failed to refresh cache in background: Post "https://daily-cloudcode-pa.sandbox.googleapis.com/v1internal:fetchAvailableModels": dial tcp: lookup daily-cloudcode-pa.sandbox.googleapis.com: Temporary failure in name resolution
2025-11-18 22:59:57.746 [info] W1118 22:59:57.745326 22283 log_context.go:106] Failed to refresh cache in background: Post "https://daily-cloudcode-pa.sandbox.googleapis.com/v1internal:fetchUserInfo": dial tcp: lookup daily-cloudcode-pa.sandbox.googleapis.com: Temporary failure in name resolution
2025-11-18 22:59:57.749 [info] W1118 22:59:57.749533 22283 log_context.go:106] Cache(availableModels): Singleflight refresh failed: Post "https://daily-cloudcode-pa.sandbox.googleapis.com/v1internal:fetchAvailableModels": dial tcp: lookup daily-cloudcode-pa.sandbox.googleapis.com: Temporary failure in name resolution
2025-11-18 22:59:57.749 [info] W1118 22:59:57.749551 22283 log_context.go:106] Failed to refresh cache in background: Post "https://daily-cloudcode-pa.sandbox.googleapis.com/v1internal:fetchAvailableModels": dial tcp: lookup daily-cloudcode-pa.sandbox.googleapis.com: Temporary failure in name resolution
2025-11-18 22:59:57.899 [info] E1118 22:59:57.899550 22283 log.go:354] Get "https://antigravity-unleash.goog/api/client/features": dial tcp: lookup antigravity-unleash.goog: Temporary failure in name resolution: Get "https://antigravity-unleash.goog/api/client/features": dial tcp: lookup antigravity-unleash.goog: Temporary failure in name resolution
2025-11-18 23:00:57.746 [info] W1118 23:00:57.745695 22283 log_context.go:106] Cache(peopleInfo): Singleflight refresh failed: Get "https://www.googleapis.com/oauth2/v2/userinfo": dial tcp: lookup www.googleapis.com: Temporary failure in name resolution
2025-11-18 23:00:57.746 [info] W1118 23:00:57.745734 22283 log_context.go:106] Failed to refresh cache in background: Get "https://www.googleapis.com/oauth2/v2/userinfo": dial tcp: lookup www.googleapis.com: Temporary failure in name resolution
2025-11-18 23:00:57.746 [info] W1118 23:00:57.745773 22283 log_context.go:106] Cache(userInfo): Singleflight refresh failed: Post "https://daily-cloudcode-pa.sandbox.googleapis.com/v1internal:fetchUserInfo": dial tcp: lookup daily-cloudcode-pa.sandbox.googleapis.com: Temporary failure in name resolution
2025-11-18 23:00:57.746 [info] W1118 23:00:57.745777 22283 log_context.go:106] Cache(availableModels): Singleflight refresh failed: Post "https://daily-cloudcode-pa.sandbox.googleapis.com/v1internal:fetchAvailableModels": dial tcp: lookup daily-cloudcode-pa.sandbox.googleapis.com: Temporary failure in name resolution
2025-11-18 23:00:57.746 [info] W1118 23:00:57.745795 22283 log_context.go:106] Failed to refresh cache in background: Post "https://daily-cloudcode-pa.sandbox.googleapis.com/v1internal:fetchAvailableModels": dial tcp: lookup daily-cloudcode-pa.sandbox.googleapis.com: Temporary failure in name resolution
2025-11-18 23:00:57.746 [info] W1118 23:00:57.745782 22283 log_context.go:106] Failed to refresh cache in background: Post "https://daily-cloudcode-pa.sandbox.googleapis.com/v1internal:fetchUserInfo": dial tcp: lookup daily-cloudcode-pa.sandbox.googleapis.com: Temporary failure in name resolution
2025-11-18 23:00:57.749 [info] W1118 23:00:57.749788 22283 log_context.go:106] Cache(availableModels): Singleflight refresh failed: Post "https://daily-cloudcode-pa.sandbox.googleapis.com/v1internal:fetchAvailableModels": dial tcp: lookup daily-cloudcode-pa.sandbox.googleapis.com: Temporary failure in name resolution
2025-11-18 23:00:57.749 [info] W1118 23:00:57.749806 22283 log_context.go:106] Failed to refresh cache in background: Post "https://daily-cloudcode-pa.sandbox.googleapis.com/v1internal:fetchAvailableModels": dial tcp: lookup daily-cloudcode-pa.sandbox.googleapis.com: Temporary failure in name resolution
2025-11-18 23:00:57.900 [info] E1118 23:00:57.899979 22283 log.go:354] Get "https://antigravity-unleash.goog/api/client/features": dial tcp: lookup antigravity-unleash.goog: Temporary failure in name resolution: Get "https://antigravity-unleash.goog/api/client/features": dial tcp: lookup antigravity-unleash.goog: Temporary failure in name resolution
2025-11-18 23:01:57.122 [info] W1118 23:01:57.122231 22283 log_context.go:106] Cache(peopleInfo): Singleflight refresh failed: Get "https://www.googleapis.com/oauth2/v2/userinfo": dial tcp: lookup www.googleapis.com: Temporary failure in name resolution
2025-11-18 23:01:57.122 [info] W1118 23:01:57.122265 22283 log_context.go:106] Failed to refresh cache in background: Get "https://www.googleapis.com/oauth2/v2/userinfo": dial tcp: lookup www.googleapis.com: Temporary failure in name resolution
2025-11-18 23:01:57.122 [info] W1118 23:01:57.122439 22283 log_context.go:106] Cache(availableModels): Singleflight refresh failed: Post "https://daily-cloudcode-pa.sandbox.googleapis.com/v1internal:fetchAvailableModels": dial tcp: lookup daily-cloudcode-pa.sandbox.googleapis.com: Temporary failure in name resolution
2025-11-18 23:01:57.122 [info] W1118 23:01:57.122464 22283 log_context.go:106] Failed to refresh cache in background: Post "https://daily-cloudcode-pa.sandbox.googleapis.com/v1internal:fetchAvailableModels": dial tcp: lookup daily-cloudcode-pa.sandbox.googleapis.com: Temporary failure in name resolution
2025-11-18 23:01:57.122 [info] W1118 23:01:57.122476 22283 log_context.go:106] Cache(userInfo): Singleflight refresh failed: Post "https://daily-cloudcode-pa.sandbox.googleapis.com/v1internal:fetchUserInfo": dial tcp: lookup daily-cloudcode-pa.sandbox.googleapis.com: Temporary failure in name resolution
2025-11-18 23:01:57.122 [info] W1118 23:01:57.122484 22283 log_context.go:106] Failed to refresh cache in background: Post "https://daily-cloudcode-pa.sandbox.googleapis.com/v1internal:fetchUserInfo": dial tcp: lookup daily-cloudcode-pa.sandbox.googleapis.com: Temporary failure in name resolution
2025-11-18 23:01:57.129 [info] W1118 23:01:57.129074 22283 log_context.go:106] Cache(peopleInfo): Singleflight refresh failed: Get "https://www.googleapis.com/oauth2/v2/userinfo": dial tcp: lookup www.googleapis.com: Temporary failure in name resolution
2025-11-18 23:01:57.129 [info] W1118 23:01:57.129102 22283 log_context.go:106] Failed to refresh cache in background: Get "https://www.googleapis.com/oauth2/v2/userinfo": dial tcp: lookup www.googleapis.com: Temporary failure in name resolution
2025-11-18 23:02:52.902 [info] E1118 23:02:52.901834 22283 interceptor.go:74] /exa.language_server_pb.LanguageServerService/StreamCascadeReactiveUpdates (unknown): reactive component 07d3253d-a683-44a8-a090-990fd0d65e6a not found
2025-11-18 23:02:53.917 [info] E1118 23:02:53.916977 22283 interceptor.go:74] /exa.language_server_pb.LanguageServerService/StreamCascadeReactiveUpdates (unknown): reactive component 07d3253d-a683-44a8-a090-990fd0d65e6a not found
2025-11-18 23:02:54.925 [info] E1118 23:02:54.924846 22283 interceptor.go:74] /exa.language_server_pb.LanguageServerService/StreamCascadeReactiveUpdates (unknown): reactive component 07d3253d-a683-44a8-a090-990fd0d65e6a not found
2025-11-18 23:02:55.929 [info] E1118 23:02:55.929328 22283 interceptor.go:74] /exa.language_server_pb.LanguageServerService/StreamCascadeReactiveUpdates (unknown): reactive component 07d3253d-a683-44a8-a090-990fd0d65e6a not found
